#
# There is insufficient memory for the Java Runtime Environment to continue.
# Native memory allocation (mmap) failed to map 130023424 bytes. Error detail: G1 virtual space
# Possible reasons:
#   The system is out of physical RAM or swap space
#   This process is running with CompressedOops enabled, and the Java Heap may be blocking the growth of the native heap
# Possible solutions:
#   Reduce memory load on the system
#   Increase physical memory or swap space
#   Check if swap backing store is full
#   Decrease Java heap size (-Xmx/-Xms)
#   Decrease number of Java threads
#   Decrease Java thread stack sizes (-Xss)
#   Set larger code cache with -XX:ReservedCodeCacheSize=
#   JVM is running with Unscaled Compressed Oops mode in which the Java heap is
#     placed in the first 4GB address space. The Java Heap base address is the
#     maximum limit for the native heap growth. Please use -XX:HeapBaseMinAddress
#     to set the Java Heap base and to place the Java Heap above 4GB virtual address.
# This output file may be truncated or incomplete.
#
#  Out of Memory Error (os_windows.cpp:3616), pid=23024, tid=27480
#
# JRE version:  (21.0.5+11) (build )
# Java VM: OpenJDK 64-Bit Server VM (21.0.5+11-LTS, mixed mode, sharing, tiered, compressed oops, compressed class ptrs, g1 gc, windows-amd64)
# No core dump will be written. Minidumps are not enabled by default on client versions of Windows
#

---------------  S U M M A R Y ------------

Command Line: -Dfile.encoding=UTF-8 -Duser.country -Duser.language=en -Duser.variant com.malnutrition.backend.HealthSchoolApplication

Host: 11th Gen Intel(R) Core(TM) i5-1135G7 @ 2.40GHz, 8 cores, 7G,  Windows 11 , 64 bit Build 22621 (10.0.22621.5262)
Time: Sat Jun  7 22:08:13 2025  Windows 11 , 64 bit Build 22621 (10.0.22621.5262) elapsed time: 0.288567 seconds (0d 0h 0m 0s)

---------------  T H R E A D  ---------------

Current thread (0x00000220712bd930):  JavaThread "Unknown thread" [_thread_in_vm, id=27480, stack(0x0000007c2a800000,0x0000007c2a900000) (1024K)]

Stack: [0x0000007c2a800000,0x0000007c2a900000]
Native frames: (J=compiled Java code, j=interpreted, Vv=VM code, C=native code)
V  [jvm.dll+0x6cd4e9]
V  [jvm.dll+0x8a7941]
V  [jvm.dll+0x8a9e6e]
V  [jvm.dll+0x8aa543]
V  [jvm.dll+0x27f6d6]
V  [jvm.dll+0x6c9c25]
V  [jvm.dll+0x6be84a]
V  [jvm.dll+0x355c6a]
V  [jvm.dll+0x35d836]
V  [jvm.dll+0x3af40e]
V  [jvm.dll+0x3af6b8]
V  [jvm.dll+0x329dfc]
V  [jvm.dll+0x32a95b]
V  [jvm.dll+0x870ba9]
V  [jvm.dll+0x3bc1e1]
V  [jvm.dll+0x859cd3]
V  [jvm.dll+0x4504ee]
V  [jvm.dll+0x452131]
C  [jli.dll+0x5278]
C  [ucrtbase.dll+0x29333]
C  [KERNEL32.DLL+0x1259d]
C  [ntdll.dll+0x5af58]


---------------  P R O C E S S  ---------------

Threads class SMR info:
_java_thread_list=0x00007ffde32090c8, length=0, elements={
}

Java Threads: ( => current thread )
Total: 0

Other Threads:
  0x000002206ef93ff0 WorkerThread "GC Thread#0"                     [id=41180, stack(0x0000007c2a900000,0x0000007c2aa00000) (1024K)]
  0x0000022071324870 ConcurrentGCThread "G1 Main Marker"            [id=16644, stack(0x0000007c2aa00000,0x0000007c2ab00000) (1024K)]
  0x000002206ef94ad0 WorkerThread "G1 Conc#0"                       [id=26024, stack(0x0000007c2ab00000,0x0000007c2ac00000) (1024K)]

[error occurred during error reporting (printing all threads), id 0xc0000005, EXCEPTION_ACCESS_VIOLATION (0xc0000005) at pc=0x00007ffde290c727]
VM state: not at safepoint (not fully initialized)

VM Mutex/Monitor currently owned by a thread:  ([mutex/lock_event])
[0x00007ffde327d480] Heap_lock - owner thread: 0x00000220712bd930

Heap address: 0x0000000084400000, size: 1980 MB, Compressed Oops mode: 32-bit

CDS archive(s) mapped at: [0x0000000000000000-0x0000000000000000-0x0000000000000000), size 0, SharedBaseAddress: 0x0000000800000000, ArchiveRelocationMode: 1.
Narrow klass base: 0x0000000000000000, Narrow klass shift: 0, Narrow klass range: 0x0

GC Precious Log:
 CardTable entry size: 512
 Card Set container configuration: InlinePtr #cards 5 size 8 Array Of Cards #cards 12 size 40 Howl #buckets 4 coarsen threshold 1843 Howl Bitmap #cards 512 size 80 coarsen threshold 460 Card regions per heap region 1 cards per card region 2048

Heap:
 garbage-first heap   total 0K, used 0K [0x0000000084400000, 0x0000000100000000)
  region size 1024K, 0 young (0K), 0 survivors (0K)

[error occurred during error reporting (printing heap information), id 0xc0000005, EXCEPTION_ACCESS_VIOLATION (0xc0000005) at pc=0x00007ffde2cf6f49]
GC Heap History (0 events):
No events

Dll operation events (1 events):
Event: 0.048 Loaded shared library C:\Program Files\Eclipse Adoptium\jdk-21.0.5.11-hotspot\bin\java.dll

Deoptimization events (0 events):
No events

Classes loaded (0 events):
No events

Classes unloaded (0 events):
No events

Classes redefined (0 events):
No events

Internal exceptions (0 events):
No events

ZGC Phase Switch (0 events):
No events

VM Operations (0 events):
No events

Memory protections (0 events):
No events

Nmethod flushes (0 events):
No events

Events (0 events):
No events


Dynamic libraries:
0x00007ff734580000 - 0x00007ff73458e000 	C:\Program Files\Eclipse Adoptium\jdk-21.0.5.11-hotspot\bin\java.exe
0x00007ffec2290000 - 0x00007ffec24a7000 	C:\WINDOWS\SYSTEM32\ntdll.dll
0x00007ffec11c0000 - 0x00007ffec1284000 	C:\WINDOWS\System32\KERNEL32.DLL
0x00007ffebf9f0000 - 0x00007ffebfdc3000 	C:\WINDOWS\System32\KERNELBASE.dll
0x00007ffebf790000 - 0x00007ffebf8a1000 	C:\WINDOWS\System32\ucrtbase.dll
0x00007ffea4960000 - 0x00007ffea497e000 	C:\Program Files\Eclipse Adoptium\jdk-21.0.5.11-hotspot\bin\VCRUNTIME140.dll
0x00007ffea4980000 - 0x00007ffea4998000 	C:\Program Files\Eclipse Adoptium\jdk-21.0.5.11-hotspot\bin\jli.dll
0x00007ffec0d80000 - 0x00007ffec0f31000 	C:\WINDOWS\System32\USER32.dll
0x00007ffebf620000 - 0x00007ffebf646000 	C:\WINDOWS\System32\win32u.dll
0x00007ffec13b0000 - 0x00007ffec13d9000 	C:\WINDOWS\System32\GDI32.dll
0x00007ffebf380000 - 0x00007ffebf4a2000 	C:\WINDOWS\System32\gdi32full.dll
0x00007ffebfe00000 - 0x00007ffebfe9a000 	C:\WINDOWS\System32\msvcp_win.dll
0x00007ffea52a0000 - 0x00007ffea553b000 	C:\WINDOWS\WinSxS\amd64_microsoft.windows.common-controls_6595b64144ccf1df_6.0.22621.5262_none_2712bde373830908\COMCTL32.dll
0x00007ffec0a70000 - 0x00007ffec0b17000 	C:\WINDOWS\System32\msvcrt.dll
0x00007ffec1590000 - 0x00007ffec15c1000 	C:\WINDOWS\System32\IMM32.DLL
0x00007ffead8c0000 - 0x00007ffead8cc000 	C:\Program Files\Eclipse Adoptium\jdk-21.0.5.11-hotspot\bin\vcruntime140_1.dll
0x00007ffe4dc80000 - 0x00007ffe4dd0d000 	C:\Program Files\Eclipse Adoptium\jdk-21.0.5.11-hotspot\bin\msvcp140.dll
0x00007ffde25d0000 - 0x00007ffde335f000 	C:\Program Files\Eclipse Adoptium\jdk-21.0.5.11-hotspot\bin\server\jvm.dll
0x00007ffec1040000 - 0x00007ffec10f1000 	C:\WINDOWS\System32\ADVAPI32.dll
0x00007ffec1110000 - 0x00007ffec11b7000 	C:\WINDOWS\System32\sechost.dll
0x00007ffebfdd0000 - 0x00007ffebfdf8000 	C:\WINDOWS\System32\bcrypt.dll
0x00007ffec1290000 - 0x00007ffec13a4000 	C:\WINDOWS\System32\RPCRT4.dll
0x00007ffec09f0000 - 0x00007ffec0a61000 	C:\WINDOWS\System32\WS2_32.dll
0x00007ffebec00000 - 0x00007ffebec4d000 	C:\WINDOWS\SYSTEM32\POWRPROF.dll
0x00007ffeb6250000 - 0x00007ffeb6284000 	C:\WINDOWS\SYSTEM32\WINMM.dll
0x00007ffead670000 - 0x00007ffead67a000 	C:\WINDOWS\SYSTEM32\VERSION.dll
0x00007ffebebe0000 - 0x00007ffebebf3000 	C:\WINDOWS\SYSTEM32\UMPDC.dll
0x00007ffebe390000 - 0x00007ffebe3a8000 	C:\WINDOWS\SYSTEM32\kernel.appcore.dll
0x00007ffead030000 - 0x00007ffead03a000 	C:\Program Files\Eclipse Adoptium\jdk-21.0.5.11-hotspot\bin\jimage.dll
0x00007ffebc8f0000 - 0x00007ffebcb22000 	C:\WINDOWS\SYSTEM32\DBGHELP.DLL
0x00007ffec1d50000 - 0x00007ffec20e3000 	C:\WINDOWS\System32\combase.dll
0x00007ffec0f60000 - 0x00007ffec1037000 	C:\WINDOWS\System32\OLEAUT32.dll
0x00007ffea2540000 - 0x00007ffea2572000 	C:\WINDOWS\SYSTEM32\dbgcore.DLL
0x00007ffebfea0000 - 0x00007ffebff1b000 	C:\WINDOWS\System32\bcryptPrimitives.dll
0x00007ffea4910000 - 0x00007ffea492f000 	C:\Program Files\Eclipse Adoptium\jdk-21.0.5.11-hotspot\bin\java.dll

dbghelp: loaded successfully - version: 4.0.5 - missing functions: none
symbol engine: initialized successfully - sym options: 0x614 - pdb path: .;C:\Program Files\Eclipse Adoptium\jdk-21.0.5.11-hotspot\bin;C:\WINDOWS\SYSTEM32;C:\WINDOWS\WinSxS\amd64_microsoft.windows.common-controls_6595b64144ccf1df_6.0.22621.5262_none_2712bde373830908;C:\Program Files\Eclipse Adoptium\jdk-21.0.5.11-hotspot\bin\server

VM Arguments:
jvm_args: -Dfile.encoding=UTF-8 -Duser.country -Duser.language=en -Duser.variant 
java_command: com.malnutrition.backend.HealthSchoolApplication
java_class_path (initial): C:\LionBootCamp\workspace\health-school\backend\build\classes\java\main;C:\LionBootCamp\workspace\health-school\backend\build\resources\main;C:\Users\taeyu\.gradle\caches\modules-2\files-2.1\software.amazon.awssdk\url-connection-client\2.25.20\da9f4e86ac1647418ba2d87818a1117b7ecec50e\url-connection-client-2.25.20.jar;C:\Users\taeyu\.gradle\caches\modules-2\files-2.1\org.springframework.boot\spring-boot-starter-webflux\3.4.5\3c0a9f48c1a3db4b5b40e9b83e9620570ae3d5cc\spring-boot-starter-webflux-3.4.5.jar;C:\Users\taeyu\.gradle\caches\modules-2\files-2.1\net.nurigo\sdk\4.3.0\f952928b09906dd7746ea99677421a40f46cb2e2\sdk-4.3.0.jar;C:\Users\taeyu\.gradle\caches\modules-2\files-2.1\software.amazon.awssdk\s3\2.25.20\f1dfb51bf9201b0d1adf2e37436ad9b1baffd07a\s3-2.25.20.jar;C:\Users\taeyu\.gradle\caches\modules-2\files-2.1\org.springframework.boot\spring-boot-starter-data-jpa\3.4.5\c6ef06dfef1b02f3e3f82d67118d3944672e7d49\spring-boot-starter-data-jpa-3.4.5.jar;C:\Users\taeyu\.gradle\caches\modules-2\files-2.1\org.springframework.boot\spring-boot-starter-websocket\3.4.5\4fee57e9706bd5ec76b7a189f47dff48f0ad0f33\spring-boot-starter-websocket-3.4.5.jar;C:\Users\taeyu\.gradle\caches\modules-2\files-2.1\org.springframework.boot\spring-boot-starter-web\3.4.5\54cb03e8615f0c10cd44b5b7d155af3d0be7d66a\spring-boot-starter-web-3.4.5.jar;C:\Users\taeyu\.gradle\caches\modules-2\files-2.1\org.springframework.boot\spring-boot-starter-mail\3.4.5\138b5da53648f9bbd80440d25753115ab6bcf5c4\spring-boot-starter-mail-3.4.5.jar;C:\Users\taeyu\.gradle\caches\modules-2\files-2.1\org.springframework.boot\spring-boot-starter-data-redis\3.4.5\62116f822da7b6bd16ddcb26bc21cc40482ccd47\spring-boot-starter-data-redis-3.4.5.jar;C:\Users\taeyu\.gradle\caches\modules-2\files-2.1\org.springframework.data\spring-data-redis\3.4.5\937b09e58acd3790a01d06f46280f81d34ab4160\spring-data-redis-3.4.5.jar;C:\Users\taeyu\.gradle\caches\modules-2\files-2.1\io.jsonwebtoken\jjwt-impl\0.12.6\ac23673a84b6089e0369fb8ab2c69edd91cd6eb0\jjwt-impl-0.12.6.jar;C:\Users\taeyu\.gradle\caches\modules-2\files-2.1\io.jsonwebtoken\jjwt-jackson\0.12.6\f141e0c1136ba17f2632858238a31ae05642dbf8\jjwt-jackson-0.12.6.jar;C:\Users\taeyu\.gradle\caches\modules-2\files-2.1\io.jsonwebtoken\jjwt-api\0.12.6\478886a888f6add04937baf0361144504a024967\jjwt-api-0.12.6.jar;C:\Users\taeyu\.gradle\caches\modules-2\files-2.1\org.springframework.boot\spring-boot-starter-security\3.4.5\1893f9d40f28cc47a87a3478b02e1e45650bfe43\spring-boot-starter-security-3.4.5.jar;C:\Users\taeyu\.gradle\caches\modules-2\files-2.1\org.springframework.boot\spring-boot-starter-actuator\3.4.5\321436555190f2a7d3e630ca68fa57197f33616e\spring-boot-starter-actuator-3.4.5.jar;C:\Users\taeyu\.gradle\caches\modules-2\files-2.1\org.springframework.boot\spring-boot-starter-validation\3.4.5\ac75735317fbb71d00829559d1a0a21978989f0\spring-boot-starter-validation-3.4.5.jar;C:\Users\taeyu\.gradle\caches\modules-2\files-2.1\org.springframework.boot\spring-boot-starter-oauth2-client\3.4.5\694947a954ed9f25873f5f391cb91a30bb933522\spring-boot-starter-oauth2-client-3.4.5.jar;C:\Users\taeyu\.gradle\caches\modules-2\files-2.1\org.springdoc\springdoc-openapi-starter-webmvc-ui\2.8.5\3cb90c2405edb9b0a841b8be06dff85810f6669\springdoc-openapi-starter-webmvc-ui-2.8.5.jar;C:\Users\taeyu\.gradle\caches\modules-2\files-2.1\org.webjars\webjars-locator-core\0.59\a25e04cb0437d88eb177af1dface14edcd0cd767\webjars-locator-core-0.59.jar;C:\Users\taeyu\.gradle\caches\modules-2\files-2.1\org.webjars\sockjs-client\1.5.1\69151ceb2e4ada6f6cbc002c255d1158fe581b52\sockjs-client-1.5.1.jar;C:\Users\taeyu\.gradle\caches\modules-2\files-2.1\org.webjars\stomp-websocket\2.3.3\3ac153b386f7945bc756709df3d171105e8fd2d5\stomp-websocket-2.3.3.jar;C:\Users\taeyu\.gradle\caches\modules-2\files-2.1\com.mysql\mysql-connector-j\9.1.0\5fb1d513278e1a9767dfa80ea9d8d7ee909f1a\mysql-connector-j-9.1.0.jar;C:\Users\taeyu\.gradle\caches\modules-2\files-2.1\software.amazon.awssdk\aws-xml-protocol\2.25.20\3f4b9bd80603bef190da6279cad7ff57aab05b38\aws-xml-protocol-2.25.20.jar;C:\Users\taeyu\.gradle\caches\modules-2\files-2.1\software.amazon.awssdk\aws-query-protocol\2.25.20\144be4aef6160b2d8d9de0c1d96c2b65b7d7e0d3\aws-query-protocol-2.25.20.jar;C:\Users\taeyu\.gradle\caches\modules-2\files-2.1\software.amazon.awssdk\protocol-core\2.25.20\b924323f06d5a7470c72213abc5e08adb6736763\protocol-core-2.25.20.jar;C:\Users\taeyu\.gradle\caches\modules-2\files-2.1\software.amazon.awssdk\aws-core\2.25.20\c6ffa6a2be72320cc413afa1b0686d408ec242c0\aws-core-2.25.20.jar;C:\Users\taeyu\.gradle\caches\modules-2\files-2.1\software.amazon.awssdk\auth\2.25.20\b6ada35810e9282e7defc229cd176df628127757\auth-2.25.20.jar;C:\Users\taeyu\.gradle\caches\modules-2\files-2.1\software.amazon.awssdk\http-auth\2.25.20\8893a0d6a878e703c0abf7587c771c5bbbe74488\http-auth-2.25.20.jar;C:\Users\taeyu\.gradle\caches\modules-2\files-2.1\software.amazon.awssdk\regions\2.25.20\bca9706633b24ce855d527e684031d4cbab2c002\regions-2.25.20.jar;C:\Users\taeyu\.gradle\caches\modules-2\files-2.1\software.amazon.awssdk\sdk-core\2.25.20\45fde5d9e7d672eb0be86c2ec034bceae1dc6869\sdk-core-2.25.20.jar;C:\Users\taeyu\.gradle\caches\modules-2\files-2.1\software.amazon.awssdk\http-auth-aws\2.25.20\ad97267832d45647c10c0c5dee75cf269990d349\http-auth-aws-2.25.20.jar;C:\Users\taeyu\.gradle\caches\modules-2\files-2.1\software.amazon.awssdk\http-auth-spi\2.25.20\8b375bd143c168c1c7e227c10528dd776c5e180b\http-auth-spi-2.25.20.jar;C:\Users\taeyu\.gradle\caches\modules-2\files-2.1\software.amazon.awssdk\apache-client\2.25.20\ca0189eb38b99ca72a26d0cb7a400832ff48b37a\apache-client-2.25.20.jar;C:\Users\taeyu\.gradle\caches\modules-2\files-2.1\software.amazon.awssdk\netty-nio-client\2.25.20\c4ef1eb682c71ab1e62c0a5fa674581a6c474d02\netty-nio-client-2.25.20.jar;C:\Users\taeyu\.gradle\caches\modules-2\files-2.1\software.amazon.awssdk\http-client-spi\2.25.20\6df9597f1eb9f928b63880ed27c7fb224fa32f14\http-client-spi-2.25.20.jar;C:\Users\taeyu\.gradle\caches\modules-2\files-2.1\software.amazon.awssdk\crt-core\2.25.20\5f7166bb66fd342b8509db2a81c5d5265059555a\crt-core-2.25.20.jar;C:\Users\taeyu\.gradle\caches\modules-2\files-2.1\software.amazon.awssdk\arns\2.25.20\b773b435eb39898a4d731e813b430172fb4d9dcb\arns-2.25.20.jar;C:\Users\taeyu\.gradle\caches\modules-2\files-2.1\software.amazon.awssdk\profiles\2.25.20\d20d2b54fc46c17bc4c1c9afdb80c5b3cc5b6c54\profiles-2.25.20.jar;C:\Users\taeyu\.gradle\caches\modules-2\files-2.1\software.amazon.awssdk\identity-spi\2.25.20\9b48dec1b9727284ae266f4598e1eaaa463d0c6d\identity-spi-2.25.20.jar;C:\Users\taeyu\.gradle\caches\modules-2\files-2.1\software.amazon.awssdk\metrics-spi\2.25.20\b99d3faf2fa6c6bc3a323d9c780ef4dcc0f6bd96\metrics-spi-2.25.20.jar;C:\Users\taeyu\.gradle\caches\modules-2\files-2.1\software.amazon.awssdk\json-utils\2.25.20\a5982002d0b30590d8e55cdf1079901aaf6d017a\json-utils-2.25.20.jar;C:\Users\taeyu\.gradle\caches\modules-2\files-2.1\software.amazon.awssdk\utils\2.25.20\87a739f0acf59ac395561ab2bed4bc56bce9fa47\utils-2.25.20.jar;C:\Users\taeyu\.gradle\caches\modules-2\files-2.1\software.amazon.awssdk\endpoints-spi\2.25.20\6eb4e247a04459abcc118e1a7d1a8df52e57b46e\endpoints-spi-2.25.20.jar;C:\Users\taeyu\.gradle\caches\modules-2\files-2.1\software.amazon.awssdk\checksums\2.25.20\bd485f126c795417f83782f47e4fc65c3e664568\checksums-2.25.20.jar;C:\Users\taeyu\.gradle\caches\modules-2\files-2.1\software.amazon.awssdk\checksums-spi\2.25.20\b8f765a7b0f3b75addbb4a1d6472e5eb206c8750\checksums-spi-2.25.20.jar;C:\Users\taeyu\.gradle\caches\modules-2\files-2.1\software.amazon.awssdk\annotations\2.25.20\179bf44edcc4bd280ce3ec4a7866088380d5c46\annotations-2.25.20.jar;C:\Users\taeyu\.gradle\caches\modules-2\files-2.1\software.amazon.awssdk\third-party-jackson-core\2.25.20\3b88d76afa3325325fb6e0442a8dc19c272f5194\third-party-jackson-core-2.25.20.jar;C:\Users\taeyu\.gradle\caches\modules-2\files-2.1\org.springframework.boot\spring-boot-starter-json\3.4.5\b7a87d4565c99754e0fcf4da405ebe3ab0870c88\spring-boot-starter-json-3.4.5.jar;C:\Users\taeyu\.gradle\caches\modules-2\files-2.1\org.springframework.boot\spring-boot-starter-jdbc\3.4.5\e361f635454d0694547cc226ece3aa10fde7ff2b\spring-boot-starter-jdbc-3.4.5.jar;C:\Users\taeyu\.gradle\caches\modules-2\files-2.1\org.springframework.boot\spring-boot-starter\3.4.5\3b1cd30bd3be52f5fd0c0934882ec86ed4457646\spring-boot-starter-3.4.5.jar;C:\Users\taeyu\.gradle\caches\modules-2\files-2.1\org.springframework.boot\spring-boot-starter-reactor-netty\3.4.5\5d14e558ce78cf2da534903399179d9e03bc054c\spring-boot-starter-reactor-netty-3.4.5.jar;C:\Users\taeyu\.gradle\caches\modules-2\files-2.1\org.springframework\spring-webflux\6.2.6\85edcb71e32e1fab71369c622017ada8c779fa34\spring-webflux-6.2.6.jar;C:\Users\taeyu\.gradle\caches\modules-2\files-2.1\org.springdoc\springdoc-openapi-starter-webmvc-api\2.8.5\14b01ce78902bd69087abaaf364688d1de2bddcf\springdoc-openapi-starter-webmvc-api-2.8.5.jar;C:\Users\taeyu\.gradle\caches\modules-2\files-2.1\org.springframework\spring-webmvc\6.2.6\48c37c417d00b9dc12e344892b206bbbf67f0945\spring-webmvc-6.2.6.jar;C:\Users\taeyu\.gradle\caches\modules-2\files-2.1\org.springframework.security\spring-security-oauth2-client\6.4.5\fe0ed2352fa2e3e66490298fee551f40490c649b\spring-security-oauth2-client-6.4.5.jar;C:\Users\taeyu\.gradle\caches\modules-2\files-2.1\org.springframework.security\spring-security-web\6.4.5\f430226d6af53c86bf02feb461d9b035953d8deb\spring-security-web-6.4.5.jar;C:\Users\taeyu\.gradle\caches\modules-2\files-2.1\org.springframework\spring-websocket\6.2.6\4e4730e34c58bdc3b6d7d1d4523979a6f47be153\spring-websocket-6.2.6.jar;C:\Users\taeyu\.gradle\caches\modules-2\files-2.1\org.springframework.security\spring-security-oauth2-jose\6.4.5\2acf214147654a353cc9757c06179be39607fd46\spring-security-oauth2-jose-6.4.5.jar;C:\Users\taeyu\.gradle\caches\modules-2\files-2.1\org.springframework.security\spring-security-oauth2-core\6.4.5\1790bc7e98a33e1c70f5ec5c535248cc866771db\spring-security-oauth2-core-6.4.5.jar;C:\Users\taeyu\.gradle\caches\modules-2\files-2.1\org.springframework\spring-web\6.2.6\17a4f806e877a1064a2442fe7545b0036fb9550f\spring-web-6.2.6.jar;C:\Users\taeyu\.gradle\caches\modules-2\files-2.1\com.squareup.okhttp3\logging-interceptor\4.10.0\ae7524eec42d4ab0c3a7cb93da010cf9bcc5007c\logging-interceptor-4.10.0.jar;C:\Users\taeyu\.gradle\caches\modules-2\files-2.1\org.jetbrains.kotlin\kotlin-reflect\1.9.25\73023c38b7b20430232893cf9b556dc8486e07a4\kotlin-reflect-1.9.25.jar;C:\Users\taeyu\.gradle\caches\modules-2\files-2.1\org.jetbrains.kotlinx\kotlinx-datetime-jvm\0.4.0\2224732fcb9b6116fbeb0926dd108604e578356b\kotlinx-datetime-jvm-0.4.0.jar;C:\Users\taeyu\.gradle\caches\modules-2\files-2.1\com.jakewharton.retrofit\retrofit2-kotlinx-serialization-converter\0.8.0\4fe25acf1b2f12f17d7187f7cfcf4ee730822d50\retrofit2-kotlinx-serialization-converter-0.8.0.jar;C:\Users\taeyu\.gradle\caches\modules-2\files-2.1\com.squareup.retrofit2\retrofit\2.9.0\d8fdfbd5da952141a665a403348b74538efc05ff\retrofit-2.9.0.jar;C:\Users\taeyu\.gradle\caches\modules-2\files-2.1\com.squareup.okhttp3\okhttp\4.10.0\cd63657ac15770ed1420647154c9f44645533bef\okhttp-4.10.0.jar;C:\Users\taeyu\.gradle\caches\modules-2\files-2.1\org.jetbrains.kotlin\kotlin-stdlib-jdk7\1.9.25\1c166692314a2639e5edfed0d23ed7eee4a5c7a5\kotlin-stdlib-jdk7-1.9.25.jar;C:\Users\taeyu\.gradle\caches\modules-2\files-2.1\org.jetbrains.kotlinx\kotlinx-serialization-core-jvm\1.6.3\6b6c17d0312ba7192893adea9d52959941d0119b\kotlinx-serialization-core-jvm-1.6.3.jar;C:\Users\taeyu\.gradle\caches\modules-2\files-2.1\org.jetbrains.kotlinx\kotlinx-serialization-json-jvm\1.6.3\2241746853abf04073e3ab0dcd9e6729d363b313\kotlinx-serialization-json-jvm-1.6.3.jar;C:\Users\taeyu\.gradle\caches\modules-2\files-2.1\com.squareup.okio\okio-jvm\3.0.0\ab5a73fa2ccb4a36b0b5c69fe10b16d0255bcf8\okio-jvm-3.0.0.jar;C:\Users\taeyu\.gradle\caches\modules-2\files-2.1\org.jetbrains.kotlin\kotlin-stdlib\1.9.25\f700a2f2b8f0d6d0fde48f56d894dc722fb029d7\kotlin-stdlib-1.9.25.jar;C:\Users\taeyu\.gradle\caches\modules-2\files-2.1\org.jetbrains.kotlin\kotlin-stdlib-jdk8\1.9.25\20d44e880a284f7b5cd99dd69450b403073f49b2\kotlin-stdlib-jdk8-1.9.25.jar;C:\Users\taeyu\.gradle\caches\modules-2\files-2.1\org.apache.httpcomponents\httpclient\4.5.13\e5f6cae5ca7ecaac1ec2827a9e2d65ae2869cada\httpclient-4.5.13.jar;C:\Users\taeyu\.gradle\caches\modules-2\files-2.1\commons-codec\commons-codec\1.17.2\cd6bb9d856db5f61871a94d5801efd0b93b7fcb2\commons-codec-1.17.2.jar;C:\Users\taeyu\.gradle\caches\modules-2\files-2.1\org.hibernate.orm\hibernate-core\6.6.13.Final\e7f1b2d53e89b9863dca12cd5f1b261ba413415b\hibernate-core-6.6.13.Final.jar;C:\Users\taeyu\.gradle\caches\modules-2\files-2.1\org.springframework.data\spring-data-jpa\3.4.5\40000309bebdc0e4e284211701f039eb5b1fb1a6\spring-data-jpa-3.4.5.jar;C:\Users\taeyu\.gradle\caches\modules-2\files-2.1\org.springframework\spring-aspects\6.2.6\2bb7fe48b4fef28af71be32815200c19ac95f783\spring-aspects-6.2.6.jar;C:\Users\taeyu\.gradle\caches\modules-2\files-2.1\org.springframework.boot\spring-boot-starter-tomcat\3.4.5\d3121e25897969409967675c0c450dd3cad45162\spring-boot-starter-tomcat-3.4.5.jar;C:\Users\taeyu\.gradle\caches\modules-2\files-2.1\org.springframework\spring-context-support\6.2.6\e4d6f186e074dd3071906661637406554e4ecfcf\spring-context-support-6.2.6.jar;C:\Users\taeyu\.gradle\caches\modules-2\files-2.1\org.eclipse.angus\jakarta.mail\2.0.3\3dea6aeee9603f573687b0d4da5dc1316d921bb7\jakarta.mail-2.0.3.jar;C:\Users\taeyu\.gradle\caches\modules-2\files-2.1\io.lettuce\lettuce-core\6.4.2.RELEASE\8969c20697c74b71288d4d5e69b0fec4047d3d6d\lettuce-core-6.4.2.RELEASE.jar;C:\Users\taeyu\.gradle\caches\modules-2\files-2.1\org.springframework.data\spring-data-keyvalue\3.4.5\efc4330b8ff91e76750042b8f7a0dae276912a32\spring-data-keyvalue-3.4.5.jar;C:\Users\taeyu\.gradle\caches\modules-2\files-2.1\org.springframework\spring-orm\6.2.6\b579360aaab1e52ec95d0538cc3c89fa8689485d\spring-orm-6.2.6.jar;C:\Users\taeyu\.gradle\caches\modules-2\files-2.1\org.springframework\spring-jdbc\6.2.6\529137b0f92d8cfd13876e6aa8df9088246b4755\spring-jdbc-6.2.6.jar;C:\Users\taeyu\.gradle\caches\modules-2\files-2.1\org.springframework\spring-tx\6.2.6\fb46b2d651a6c509625bc6e7e38865137f658eca\spring-tx-6.2.6.jar;C:\Users\taeyu\.gradle\caches\modules-2\files-2.1\org.springframework\spring-oxm\6.2.6\b5d94c0552ad63802454d248bddfe976617064a0\spring-oxm-6.2.6.jar;C:\Users\taeyu\.gradle\caches\modules-2\files-2.1\org.springframework.security\spring-security-config\6.4.5\51f03717b00eb1843073cccb0ff294edb7946917\spring-security-config-6.4.5.jar;C:\Users\taeyu\.gradle\caches\modules-2\files-2.1\org.springframework.security\spring-security-core\6.4.5\ae545fe651f167ccf36f494300f460d6f8c978b8\spring-security-core-6.4.5.jar;C:\Users\taeyu\.gradle\caches\modules-2\files-2.1\org.springframework.boot\spring-boot-actuator-autoconfigure\3.4.5\ca0012cdf3137b4f056d073334d176e6d1f0464b\spring-boot-actuator-autoconfigure-3.4.5.jar;C:\Users\taeyu\.gradle\caches\modules-2\files-2.1\org.springdoc\springdoc-openapi-starter-common\2.8.5\6642dd0895e9b06848584797d1f97293f2e2afd6\springdoc-openapi-starter-common-2.8.5.jar;C:\Users\taeyu\.gradle\caches\modules-2\files-2.1\org.springframework.boot\spring-boot-autoconfigure\3.4.5\c44ad60865ca1d0b88e576b0355e755ed28aec52\spring-boot-autoconfigure-3.4.5.jar;C:\Users\taeyu\.gradle\caches\modules-2\files-2.1\org.springframework.boot\spring-boot-actuator\3.4.5\605c2f057a4c204f247198a7ddedbf4b03131df1\spring-boot-actuator-3.4.5.jar;C:\Users\taeyu\.gradle\caches\modules-2\files-2.1\org.springframework.boot\spring-boot\3.4.5\414fcf9f9e0ccb961243d8f36ef8ad6d4040e745\spring-boot-3.4.5.jar;C:\Users\taeyu\.gradle\caches\modules-2\files-2.1\org.springframework\spring-context\6.2.6\ae08b2ec4a49ab7acb0b5eea7c309363139d54ad\spring-context-6.2.6.jar;C:\Users\taeyu\.gradle\caches\modules-2\files-2.1\org.springframework\spring-aop\6.2.6\ab5502a1e9694f2ecd001ecb1ee1fc46b29cfbd9\spring-aop-6.2.6.jar;C:\Users\taeyu\.gradle\caches\modules-2\files-2.1\com.zaxxer\HikariCP\5.1.0\8c96e36c14461fc436bb02b264b96ef3ca5dca8c\HikariCP-5.1.0.jar;C:\Users\taeyu\.gradle\caches\modules-2\files-2.1\org.springframework.data\spring-data-commons\3.4.5\bad5044a4d2f322ff939247ff448d4322c6b7d5d\spring-data-commons-3.4.5.jar;C:\Users\taeyu\.gradle\caches\modules-2\files-2.1\org.springframework.boot\spring-boot-starter-logging\3.4.5\f4821c3181ef6dfbbc5305ebf5a3ed2c5493ef14\spring-boot-starter-logging-3.4.5.jar;C:\Users\taeyu\.gradle\caches\modules-2\files-2.1\ch.qos.logback\logback-classic\1.5.18\fc371f3fc97a639de2d67947cffb7518ec5e3d40\logback-classic-1.5.18.jar;C:\Users\taeyu\.gradle\caches\modules-2\files-2.1\org.apache.logging.log4j\log4j-to-slf4j\2.24.3\da1143e2a2531ee1c2d90baa98eb50a28a39d5a7\log4j-to-slf4j-2.24.3.jar;C:\Users\taeyu\.gradle\caches\modules-2\files-2.1\org.slf4j\jul-to-slf4j\2.0.17\524cb6ccc2b68a57604750e1ab8b13b5a786a6aa\jul-to-slf4j-2.0.17.jar;C:\Users\taeyu\.gradle\caches\modules-2\files-2.1\io.swagger.core.v3\swagger-core-jakarta\2.2.28\d990934d07d250cedcf2bbc7632118ae316bf712\swagger-core-jakarta-2.2.28.jar;C:\Users\taeyu\.gradle\caches\modules-2\files-2.1\org.slf4j\slf4j-api\2.0.17\d9e58ac9c7779ba3bf8142aff6c830617a7fe60f\slf4j-api-2.0.17.jar;C:\Users\taeyu\.gradle\caches\modules-2\files-2.1\com.fasterxml.jackson.datatype\jackson-datatype-jsr310\2.18.3\cc57924cccf42fc852081c36215272f84ffcd991\jackson-datatype-jsr310-2.18.3.jar;C:\Users\taeyu\.gradle\caches\modules-2\files-2.1\com.fasterxml.jackson.module\jackson-module-parameter-names\2.18.3\fa63ae5eb3956b1a6d7a7ead2b513af89dea22e7\jackson-module-parameter-names-2.18.3.jar;C:\Users\taeyu\.gradle\caches\modules-2\files-2.1\com.fasterxml.jackson.dataformat\jackson-dataformat-yaml\2.18.3\66658356a375664262c227dad09adc51dbc09c54\jackson-dataformat-yaml-2.18.3.jar;C:\Users\taeyu\.gradle\caches\modules-2\files-2.1\com.fasterxml.jackson.core\jackson-core\2.18.3\78f80c259268200e588aa204dd97ecf09b76916e\jackson-core-2.18.3.jar;C:\Users\taeyu\.gradle\caches\modules-2\files-2.1\io.swagger.core.v3\swagger-models-jakarta\2.2.28\72865af71d886a979322def19fc86753f267d4f7\swagger-models-jakarta-2.2.28.jar;C:\Users\taeyu\.gradle\caches\modules-2\files-2.1\com.fasterxml.jackson.core\jackson-annotations\2.18.3\7fa21cf7da4598f8240e4ebd9779249622af1acd\jackson-annotations-2.18.3.jar;C:\Users\taeyu\.gradle\caches\modules-2\files-2.1\com.fasterxml.jackson.datatype\jackson-datatype-jdk8\2.18.3\621558295660935134b171ce2b0d9ad6842ec2ff\jackson-datatype-jdk8-2.18.3.jar;C:\Users\taeyu\.gradle\caches\modules-2\files-2.1\com.fasterxml.jackson.core\jackson-databind\2.18.3\537e3886263e3b3464385040453e92567fd509e2\jackson-databind-2.18.3.jar;C:\Users\taeyu\.gradle\caches\modules-2\files-2.1\io.micrometer\micrometer-jakarta9\1.14.6\3fd1fe50bde7bf89f64ea69c0007f55935febcc3\micrometer-jakarta9-1.14.6.jar;C:\Users\taeyu\.gradle\caches\modules-2\files-2.1\io.micrometer\micrometer-core\1.14.6\c2378cc214ef7d8672f95d731e90212bd227ebcb\micrometer-core-1.14.6.jar;C:\Users\taeyu\.gradle\caches\modules-2\files-2.1\io.micrometer\micrometer-observation\1.14.6\3ba55114eb3f2b33431ce6cf80c6114cf2b21c9\micrometer-observation-1.14.6.jar;C:\Users\taeyu\.gradle\caches\modules-2\files-2.1\org.apache.tomcat.embed\tomcat-embed-el\10.1.40\1b321790508c1d410689b4f496dae18a97fa6ae9\tomcat-embed-el-10.1.40.jar;C:\Users\taeyu\.gradle\caches\modules-2\files-2.1\org.hibernate.validator\hibernate-validator\8.0.2.Final\220e64815dd87535525331de20570017f899eb13\hibernate-validator-8.0.2.Final.jar;C:\Users\taeyu\.gradle\caches\modules-2\files-2.1\org.webjars\swagger-ui\5.18.3\f67530d3015d70cca8fad24d64065684bba2ac74\swagger-ui-5.18.3.jar;C:\Users\taeyu\.gradle\caches\modules-2\files-2.1\org.webjars\webjars-locator-lite\1.0.1\b4389136604123d4fe4199cc29b94a33206996bc\webjars-locator-lite-1.0.1.jar;C:\Users\taeyu\.gradle\caches\modules-2\files-2.1\io.github.classgraph\classgraph\4.8.173\236e1b4360bf078142902c6c3ca80a03bfa95d5d\classgraph-4.8.173.jar;C:\Users\taeyu\.gradle\caches\modules-2\files-2.1\org.springframework\spring-messaging\6.2.6\60547522ef488acc4c927dec64cf9bb2cca9022a\spring-messaging-6.2.6.jar;C:\Users\taeyu\.gradle\caches\modules-2\files-2.1\jakarta.annotation\jakarta.annotation-api\2.1.1\48b9bda22b091b1f48b13af03fe36db3be6e1ae3\jakarta.annotation-api-2.1.1.jar;C:\Users\taeyu\.gradle\caches\modules-2\files-2.1\org.springframework\spring-beans\6.2.6\d43abe3b5765748210c511043b1d4904ca216a9f\spring-beans-6.2.6.jar;C:\Users\taeyu\.gradle\caches\modules-2\files-2.1\org.springframework\spring-expression\6.2.6\d9efc768cfda1d97c8fe769a9d50f936eb7f18e2\spring-expression-6.2.6.jar;C:\Users\taeyu\.gradle\caches\modules-2\files-2.1\org.springframework\spring-core\6.2.6\4639dac5fc46cb6a9f6eb2709decfb90313e0f2c\spring-core-6.2.6.jar;C:\Users\taeyu\.gradle\caches\modules-2\files-2.1\org.yaml\snakeyaml\2.3\936b36210e27320f920536f695cf1af210c44586\snakeyaml-2.3.jar;C:\Users\taeyu\.gradle\caches\modules-2\files-2.1\io.projectreactor.netty\reactor-netty-http\1.2.5\b3f2a54919a1e15ca9543380b045ba54ca4e57cc\reactor-netty-http-1.2.5.jar;C:\Users\taeyu\.gradle\caches\modules-2\files-2.1\io.projectreactor.netty\reactor-netty-core\1.2.5\42af645f3cfc221f74573103773a9def598d2231\reactor-netty-core-1.2.5.jar;C:\Users\taeyu\.gradle\caches\modules-2\files-2.1\io.projectreactor\reactor-core\3.7.5\2ffb9b7043593da9a80b91f14cc30f4914183f3a\reactor-core-3.7.5.jar;C:\Users\taeyu\.gradle\caches\modules-2\files-2.1\jakarta.persistence\jakarta.persistence-api\3.1.0\66901fa1c373c6aff65c13791cc11da72060a8d6\jakarta.persistence-api-3.1.0.jar;C:\Users\taeyu\.gradle\caches\modules-2\files-2.1\jakarta.transaction\jakarta.transaction-api\2.0.1\51a520e3fae406abb84e2e1148e6746ce3f80a1a\jakarta.transaction-api-2.0.1.jar;C:\Users\taeyu\.gradle\caches\modules-2\files-2.1\org.jboss.logging\jboss-logging\3.6.1.Final\886afbb445b4016a37c8960a7aef6ebd769ce7e5\jboss-logging-3.6.1.Final.jar;C:\Users\taeyu\.gradle\caches\modules-2\files-2.1\org.hibernate.common\hibernate-commons-annotations\7.0.3.Final\e183c4be8bb41d12e9f19b374e00c34a0a85f439\hibernate-commons-annotations-7.0.3.Final.jar;C:\Users\taeyu\.gradle\caches\modules-2\files-2.1\io.smallrye\jandex\3.2.0\f17ad860f62a08487b9edabde608f8ac55c62fa7\jandex-3.2.0.jar;C:\Users\taeyu\.gradle\caches\modules-2\files-2.1\com.fasterxml\classmate\1.7.0\e98374da1f2143ac8e6e0a95036994bb19137a3\classmate-1.7.0.jar;C:\Users\taeyu\.gradle\caches\modules-2\files-2.1\net.bytebuddy\byte-buddy\1.15.11\f61886478e0f9ee4c21d09574736f0ff45e0a46c\byte-buddy-1.15.11.jar;C:\Users\taeyu\.gradle\caches\modules-2\files-2.1\org.glassfish.jaxb\jaxb-runtime\4.0.5\ca84c2a7169b5293e232b9d00d1e4e36d4c3914a\jaxb-runtime-4.0.5.jar;C:\Users\taeyu\.gradle\caches\modules-2\files-2.1\org.glassfish.jaxb\jaxb-core\4.0.5\7b4b11ea5542eea4ad55e1080b23be436795b3\jaxb-core-4.0.5.jar;C:\Users\taeyu\.gradle\caches\modules-2\files-2.1\jakarta.xml.bind\jakarta.xml.bind-api\4.0.2\6cd5a999b834b63238005b7144136379dc36cad2\jakarta.xml.bind-api-4.0.2.jar;C:\Users\taeyu\.gradle\caches\modules-2\files-2.1\jakarta.inject\jakarta.inject-api\2.0.1\4c28afe1991a941d7702fe1362c365f0a8641d1e\jakarta.inject-api-2.0.1.jar;C:\Users\taeyu\.gradle\caches\modules-2\files-2.1\org.antlr\antlr4-runtime\4.13.0\5a02e48521624faaf5ff4d99afc88b01686af655\antlr4-runtime-4.13.0.jar;C:\Users\taeyu\.gradle\caches\modules-2\files-2.1\org.aspectj\aspectjweaver\1.9.24\9b5aeb0cea9f958b9c57fb80e62996e95a3e9379\aspectjweaver-1.9.24.jar;C:\Users\taeyu\.gradle\caches\modules-2\files-2.1\org.apache.tomcat.embed\tomcat-embed-websocket\10.1.40\ffdcf96aa28e77858644f4db100e8de896ba58e3\tomcat-embed-websocket-10.1.40.jar;C:\Users\taeyu\.gradle\caches\modules-2\files-2.1\org.apache.tomcat.embed\tomcat-embed-core\10.1.40\fc1c09b726336dc6f7dde0408cebb1a56a3a28d3\tomcat-embed-core-10.1.40.jar;C:\Users\taeyu\.gradle\caches\modules-2\files-2.1\org.eclipse.angus\angus-activation\2.0.2\41f1e0ddd157c856926ed149ab837d110955a9fc\angus-activation-2.0.2.jar;C:\Users\taeyu\.gradle\caches\modules-2\files-2.1\jakarta.activation\jakarta.activation-api\2.1.3\fa165bd70cda600368eee31555222776a46b881f\jakarta.activation-api-2.1.3.jar;C:\Users\taeyu\.gradle\caches\modules-2\files-2.1\io.netty\netty-codec-http2\4.1.119.Final\648b066861723b60635bef2047229ed73d0cbd04\netty-codec-http2-4.1.119.Final.jar;C:\Users\taeyu\.gradle\caches\modules-2\files-2.1\io.netty\netty-handler-proxy\4.1.119.Final\50a0d16a6e5c714a6f2bfe49badd9678da4a0a92\netty-handler-proxy-4.1.119.Final.jar;C:\Users\taeyu\.gradle\caches\modules-2\files-2.1\io.netty\netty-codec-http\4.1.119.Final\23196984df6083cc39bef22a54c6cf5b157f3824\netty-codec-http-4.1.119.Final.jar;C:\Users\taeyu\.gradle\caches\modules-2\files-2.1\io.netty\netty-resolver-dns-native-macos\4.1.119.Final\23cc363910cf38e2de91ab8703bb05373e6d2e42\netty-resolver-dns-native-macos-4.1.119.Final-osx-x86_64.jar;C:\Users\taeyu\.gradle\caches\modules-2\files-2.1\io.netty\netty-resolver-dns-classes-macos\4.1.119.Final\6185080a70da30c1efa315ae3780c5baca6ff306\netty-resolver-dns-classes-macos-4.1.119.Final.jar;C:\Users\taeyu\.gradle\caches\modules-2\files-2.1\io.netty\netty-resolver-dns\4.1.119.Final\aa1809477e369484dbe52b99cb2a5e1228be2fc4\netty-resolver-dns-4.1.119.Final.jar;C:\Users\taeyu\.gradle\caches\modules-2\files-2.1\io.netty\netty-handler\4.1.119.Final\a0059b8d779ce566b524efd6d73ba4fcff3cd5d9\netty-handler-4.1.119.Final.jar;C:\Users\taeyu\.gradle\caches\modules-2\files-2.1\io.netty\netty-codec-dns\4.1.119.Final\a5e64de87e9b90434832a185891bfcbca87a2b7b\netty-codec-dns-4.1.119.Final.jar;C:\Users\taeyu\.gradle\caches\modules-2\files-2.1\io.netty\netty-codec-socks\4.1.119.Final\18ea7a77080c64e9f63f5b79367461b4b1d53a2e\netty-codec-socks-4.1.119.Final.jar;C:\Users\taeyu\.gradle\caches\modules-2\files-2.1\io.netty\netty-codec\4.1.119.Final\337ca8e8c3ef23925e02d56347b414d7616d1d02\netty-codec-4.1.119.Final.jar;C:\Users\taeyu\.gradle\caches\modules-2\files-2.1\io.netty\netty-transport-native-epoll\4.1.119.Final\500fdc2000a47c07ad6c0ea230127f5ac3c9ad5c\netty-transport-native-epoll-4.1.119.Final-linux-x86_64.jar;C:\Users\taeyu\.gradle\caches\modules-2\files-2.1\io.netty\netty-transport-classes-epoll\4.1.119.Final\1d2d986ae0615d50f5cee338f0e9e73f46e8158\netty-transport-classes-epoll-4.1.119.Final.jar;C:\Users\taeyu\.gradle\caches\modules-2\files-2.1\io.netty\netty-transport-native-unix-common\4.1.119.Final\55afdeb456bccf8eecb06431f3c1537269afe9af\netty-transport-native-unix-common-4.1.119.Final.jar;C:\Users\taeyu\.gradle\caches\modules-2\files-2.1\io.netty\netty-transport\4.1.119.Final\d05df879054297962d056b77460fc4ff20e30073\netty-transport-4.1.119.Final.jar;C:\Users\taeyu\.gradle\caches\modules-2\files-2.1\io.netty\netty-buffer\4.1.119.Final\5864149b2e5a2af7b05fe9e9dc3e4b70d3060a7c\netty-buffer-4.1.119.Final.jar;C:\Users\taeyu\.gradle\caches\modules-2\files-2.1\io.netty\netty-resolver\4.1.119.Final\e1f7c90aff71bdf0e2294a200b5f89244f88dcf7\netty-resolver-4.1.119.Final.jar;C:\Users\taeyu\.gradle\caches\modules-2\files-2.1\io.netty\netty-common\4.1.119.Final\2f7c360b03c0aceab7efc1f7c2b75274f0f35909\netty-common-4.1.119.Final.jar;C:\Users\taeyu\.gradle\caches\modules-2\files-2.1\io.micrometer\micrometer-commons\1.14.6\1a6595762c77bd8401cf51aa11bac8e4fa747545\micrometer-commons-1.14.6.jar;C:\Users\taeyu\.gradle\caches\modules-2\files-2.1\jakarta.validation\jakarta.validation-api\3.0.2\92b6631659ba35ca09e44874d3eb936edfeee532\jakarta.validation-api-3.0.2.jar;C:\Users\taeyu\.gradle\caches\modules-2\files-2.1\org.springframework.security\spring-security-crypto\6.4.5\9d3340a1f6cd975dbb72b22b865119b614c43060\spring-security-crypto-6.4.5.jar;C:\Users\taeyu\.gradle\caches\modules-2\files-2.1\com.nimbusds\oauth2-oidc-sdk\9.43.6\a1842456e236f53e30946b2cb0bdeb17a44cdfd3\oauth2-oidc-sdk-9.43.6.jar;C:\Users\taeyu\.gradle\caches\modules-2\files-2.1\com.nimbusds\nimbus-jose-jwt\9.37.3\700f71ffefd60c16bd8ce711a956967ea9071cec\nimbus-jose-jwt-9.37.3.jar;C:\Users\taeyu\.gradle\caches\modules-2\files-2.1\org.jspecify\jspecify\1.0.0\7425a601c1c7ec76645a78d22b8c6a627edee507\jspecify-1.0.0.jar;C:\Users\taeyu\.gradle\caches\modules-2\files-2.1\org.reactivestreams\reactive-streams\1.0.4\3864a1320d97d7b045f729a326e1e077661f31b7\reactive-streams-1.0.4.jar;C:\Users\taeyu\.gradle\caches\modules-2\files-2.1\software.amazon.eventstream\eventstream\1.0.1\6ff8649dffc5190366ada897ba8525a836297784\eventstream-1.0.1.jar;C:\Users\taeyu\.gradle\caches\modules-2\files-2.1\org.apache.httpcomponents\httpcore\4.4.16\51cf043c87253c9f58b539c9f7e44c8894223850\httpcore-4.4.16.jar;C:\Users\taeyu\.gradle\caches\modules-2\files-2.1\org.springframework\spring-jcl\6.2.6\f4468f33de0015179abb6055964801bc962f8d51\spring-jcl-6.2.6.jar;C:\Users\taeyu\.gradle\caches\modules-2\files-2.1\org.jetbrains\annotations\13.0\919f0dfe192fb4e063e7dacadee7f8bb9a2672a9\annotations-13.0.jar;C:\Users\taeyu\.gradle\caches\modules-2\files-2.1\org.hdrhistogram\HdrHistogram\2.2.2\7959933ebcc0f05b2eaa5af0a0c8689fa257b15c\HdrHistogram-2.2.2.jar;C:\Users\taeyu\.gradle\caches\modules-2\files-2.1\org.latencyutils\LatencyUtils\2.0.3\769c0b82cb2421c8256300e907298a9410a2a3d3\LatencyUtils-2.0.3.jar;C:\Users\taeyu\.gradle\caches\modules-2\files-2.1\com.github.stephenc.jcip\jcip-annotations\1.0-1\ef31541dd28ae2cefdd17c7ebf352d93e9058c63\jcip-annotations-1.0-1.jar;C:\Users\taeyu\.gradle\caches\modules-2\files-2.1\com.nimbusds\content-type\2.2\9a894bce7646dd4086652d85b88013229f23724b\content-type-2.2.jar;C:\Users\taeyu\.gradle\caches\modules-2\files-2.1\net.minidev\json-smart\2.5.2\95d166b18f95907be0f46cdb9e1c0695eed03387\json-smart-2.5.2.jar;C:\Users\taeyu\.gradle\caches\modules-2\files-2.1\com.nimbusds\lang-tag\1.7\97c73ecd70bc7e8eefb26c5eea84f251a63f1031\lang-tag-1.7.jar;C:\Users\taeyu\.gradle\caches\modules-2\files-2.1\commons-logging\commons-logging\1.2\4bfc12adfe4842bf07b657f0369c4cb522955686\commons-logging-1.2.jar;C:\Users\taeyu\.gradle\caches\modules-2\files-2.1\ch.qos.logback\logback-core\1.5.18\6c0375624f6f36b4e089e2488ba21334a11ef13f\logback-core-1.5.18.jar;C:\Users\taeyu\.gradle\caches\modules-2\files-2.1\org.apache.logging.log4j\log4j-api\2.24.3\b02c125db8b6d295adf72ae6e71af5d83bce2370\log4j-api-2.24.3.jar;C:\Users\taeyu\.gradle\caches\modules-2\files-2.1\org.glassfish.jaxb\txw2\4.0.5\f36a4ef12120a9bb06d766d6a0e54b144fd7ed98\txw2-4.0.5.jar;C:\Users\taeyu\.gradle\caches\modules-2\files-2.1\com.sun.istack\istack-commons-runtime\4.1.2\18ec117c85f3ba0ac65409136afa8e42bc74e739\istack-commons-runtime-4.1.2.jar;C:\Users\taeyu\.gradle\caches\modules-2\files-2.1\net.minidev\accessors-smart\2.5.2\ce16fd235cfee48e67eda33e684423bba09f7d07\accessors-smart-2.5.2.jar;C:\Users\taeyu\.gradle\caches\modules-2\files-2.1\org.apache.commons\commons-lang3\3.17.0\b17d2136f0460dcc0d2016ceefca8723bdf4ee70\commons-lang3-3.17.0.jar;C:\Users\taeyu\.gradle\caches\modules-2\files-2.1\io.swagger.core.v3\swagger-annotations-jakarta\2.2.28\4b303c4bf8940b417e50e3600eb63aa6f6531f0\swagger-annotations-jakarta-2.2.28.jar;C:\Users\taeyu\.gradle\caches\modules-2\files-2.1\org.ow2.asm\asm\9.7.1\f0ed132a49244b042cd0e15702ab9f2ce3cc8436\asm-9.7.1.jar
Launcher Type: SUN_STANDARD

[Global flags]
     intx CICompilerCount                          = 4                                         {product} {ergonomic}
     uint ConcGCThreads                            = 2                                         {product} {ergonomic}
     uint G1ConcRefinementThreads                  = 8                                         {product} {ergonomic}
   size_t G1HeapRegionSize                         = 1048576                                   {product} {ergonomic}
    uintx GCDrainStackTargetSize                   = 64                                        {product} {ergonomic}
   size_t InitialHeapSize                          = 130023424                                 {product} {ergonomic}
   size_t MarkStackSize                            = 4194304                                   {product} {ergonomic}
   size_t MaxHeapSize                              = 2076180480                                {product} {ergonomic}
   size_t MinHeapDeltaBytes                        = 1048576                                   {product} {ergonomic}
   size_t MinHeapSize                              = 8388608                                   {product} {ergonomic}
    uintx NonNMethodCodeHeapSize                   = 5839372                                {pd product} {ergonomic}
    uintx NonProfiledCodeHeapSize                  = 122909434                              {pd product} {ergonomic}
    uintx ProfiledCodeHeapSize                     = 122909434                              {pd product} {ergonomic}
    uintx ReservedCodeCacheSize                    = 251658240                              {pd product} {ergonomic}
     bool SegmentedCodeCache                       = true                                      {product} {ergonomic}
   size_t SoftMaxHeapSize                          = 2076180480                             {manageable} {ergonomic}
     bool UseCompressedOops                        = true                           {product lp64_product} {ergonomic}
     bool UseG1GC                                  = true                                      {product} {ergonomic}
     bool UseLargePagesIndividualAllocation        = false                                  {pd product} {ergonomic}

Logging:
Log output configuration:
 #0: stdout all=warning uptime,level,tags foldmultilines=false
 #1: stderr all=off uptime,level,tags foldmultilines=false

Environment Variables:
JAVA_HOME=C:\Program Files\Eclipse Adoptium\jdk-21.0.5.11-hotspot
CLASSPATH=C:\Program Files\Eclipse Adoptium\jdk-21.0.5.11-hotspot\lib
PATH=C:\Program Files\MySQL\MySQL Server 8.0\bin;C:\Program Files\Eclipse Adoptium\jdk-21.0.5.11-hotspot\bin;C:\Program Files\Eclipse Adoptium\jdk-21.0.5.11-hotspot\bin;C:\Program Files\Amazon Corretto\jdk11.0.22_7\bin;C:\Program Files\Eclipse Adoptium\jdk-21.0.5.11-hotspot\bin;C:\Program Files\Common Files\Oracle\Java\javapath;C:\Program Files (x86)\Common Files\Oracle\Java\javapath;C:\Program Files (x86)\VMware\VMware Player\bin\;C:\WINDOWS\system32;C:\WINDOWS;C:\WINDOWS\System32\Wbem;C:\WINDOWS\System32\WindowsPowerShell\v1.0\;C:\WINDOWS\System32\OpenSSH\;C:\Program Files\Bandizip\;C:\Program Files\Graphviz\bin;C:\Users\taeyu\OneDrive\πŸ≈¡ »≠∏È\Graphviz\bin;C:\Program Files\Git\cmd;C:\Users\taeyu\AppData\Local\nvm;C:\nvm4w\nodejs;C:\Program Files\Docker\Docker\resources\bin;C:\Program Files\Amazon\AWSCLIV2\;C:\lib\terraform;C:\Users\taeyu\AppData\Local\Programs\Python\Python312-32\Scripts\;C:\Users\taeyu\AppData\Local\Programs\Python\Python312-32\;C:\Users\taeyu\AppData\Local\Programs\Python\Launcher\;c:\Program Files\MySQL\MySQL Server 8.0\bin;C:\Users\taeyu\AppData\Local\Programs\Microsoft VS Code\bin;C:\Users\taeyu\AppData\Local\nvm;C:\nvm4w\nodejs;C:\Users\taeyu\AppData\Local\Programs\cursor\resources\app\bin
USERNAME=taeyu
OS=Windows_NT
PROCESSOR_IDENTIFIER=Intel64 Family 6 Model 140 Stepping 1, GenuineIntel
TMP=C:\Users\taeyu\AppData\Local\Temp
TEMP=C:\Users\taeyu\AppData\Local\Temp




Periodic native trim disabled

---------------  S Y S T E M  ---------------

OS:
 Windows 11 , 64 bit Build 22621 (10.0.22621.5262)
OS uptime: 9 days 10:51 hours
Hyper-V role detected

CPU: total 8 (initial active 8) (4 cores per cpu, 2 threads per core) family 6 model 140 stepping 1 microcode 0x8a, cx8, cmov, fxsr, ht, mmx, 3dnowpref, sse, sse2, sse3, ssse3, sse4.1, sse4.2, popcnt, lzcnt, tsc, tscinvbit, avx, avx2, aes, erms, clmul, bmi1, bmi2, adx, avx512f, avx512dq, avx512cd, avx512bw, avx512vl, sha, fma, vzeroupper, avx512_vpopcntdq, avx512_vpclmulqdq, avx512_vaes, avx512_vnni, clflush, clflushopt, clwb, avx512_vbmi2, avx512_vbmi, hv, rdtscp, rdpid, fsrm, gfni, avx512_bitalg, f16c, cet_ibt, cet_ss, avx512_ifma
Processor Information for all 8 processors :
  Max Mhz: 2419, Current Mhz: 2419, Mhz Limit: 2419

Memory: 4k page, system-wide physical 7915M (468M free)
TotalPageFile size 21602M (AvailPageFile size 83M)
current process WorkingSet (physical memory assigned to process): 12M, peak: 12M
current process commit charge ("private bytes"): 60M, peak: 184M

vm_info: OpenJDK 64-Bit Server VM (21.0.5+11-LTS) for windows-amd64 JRE (21.0.5+11-LTS), built on 2024-10-15T00:00:00Z by "admin" with MS VC++ 17.7 (VS2022)

END.
