#
# There is insufficient memory for the Java Runtime Environment to continue.
# Native memory allocation (mmap) failed to map 181403648 bytes. Error detail: G1 virtual space
# Possible reasons:
#   The system is out of physical RAM or swap space
#   This process is running with CompressedOops enabled, and the Java Heap may be blocking the growth of the native heap
# Possible solutions:
#   Reduce memory load on the system
#   Increase physical memory or swap space
#   Check if swap backing store is full
#   Decrease Java heap size (-Xmx/-Xms)
#   Decrease number of Java threads
#   Decrease Java thread stack sizes (-Xss)
#   Set larger code cache with -XX:ReservedCodeCacheSize=
#   JVM is running with Unscaled Compressed Oops mode in which the Java heap is
#     placed in the first 4GB address space. The Java Heap base address is the
#     maximum limit for the native heap growth. Please use -XX:HeapBaseMinAddress
#     to set the Java Heap base and to place the Java Heap above 4GB virtual address.
# This output file may be truncated or incomplete.
#
#  Out of Memory Error (os_windows.cpp:3616), pid=25660, tid=14668
#
# JRE version: OpenJDK Runtime Environment Temurin-21.0.5+11 (21.0.5+11) (build 21.0.5+11-LTS)
# Java VM: OpenJDK 64-Bit Server VM Temurin-21.0.5+11 (21.0.5+11-LTS, mixed mode, sharing, tiered, compressed oops, compressed class ptrs, g1 gc, windows-amd64)
# No core dump will be written. Minidumps are not enabled by default on client versions of Windows
#

---------------  S U M M A R Y ------------

Command Line: -Dfile.encoding=UTF-8 -Duser.country -Duser.language=en -Duser.variant com.malnutrition.backend.HealthSchoolApplication

Host: 11th Gen Intel(R) Core(TM) i5-1135G7 @ 2.40GHz, 8 cores, 7G,  Windows 11 , 64 bit Build 22621 (10.0.22621.5262)
Time: Thu May 29 15:03:26 2025  Windows 11 , 64 bit Build 22621 (10.0.22621.5262) elapsed time: 22.360758 seconds (0d 0h 0m 22s)

---------------  T H R E A D  ---------------

Current thread (0x000001b7fc34a4a0):  VMThread "VM Thread"          [id=14668, stack(0x0000009fb8000000,0x0000009fb8100000) (1024K)]

Stack: [0x0000009fb8000000,0x0000009fb8100000]
Native frames: (J=compiled Java code, j=interpreted, Vv=VM code, C=native code)
V  [jvm.dll+0x6cd4e9]
V  [jvm.dll+0x8a7941]
V  [jvm.dll+0x8a9e6e]
V  [jvm.dll+0x8aa543]
V  [jvm.dll+0x27f6d6]
V  [jvm.dll+0x6c9c25]
V  [jvm.dll+0x6be84a]
V  [jvm.dll+0x355c6a]
V  [jvm.dll+0x35d836]
V  [jvm.dll+0x3af40e]
V  [jvm.dll+0x3af6b8]
V  [jvm.dll+0x329dfc]
V  [jvm.dll+0x329e87]
V  [jvm.dll+0x36dc4c]
V  [jvm.dll+0x36c498]
V  [jvm.dll+0x3295c1]
V  [jvm.dll+0x36bb0a]
V  [jvm.dll+0x8b025f]
V  [jvm.dll+0x8b15e4]
V  [jvm.dll+0x8b1b20]
V  [jvm.dll+0x8b1dc3]
V  [jvm.dll+0x8514fb]
V  [jvm.dll+0x6cbbed]
C  [ucrtbase.dll+0x29333]
C  [KERNEL32.DLL+0x1259d]
C  [ntdll.dll+0x5af58]

VM_Operation (0x0000009fb79f7b40): G1CollectForAllocation, mode: safepoint, requested by thread 0x000001b7eeebca70


---------------  P R O C E S S  ---------------

Threads class SMR info:
_java_thread_list=0x000001b7fea90b80, length=14, elements={
0x000001b7eeebca70, 0x000001b7fca790b0, 0x000001b7fca7bc00, 0x000001b7fca7cc00,
0x000001b7fca7dc20, 0x000001b7fca7f7b0, 0x000001b7fca80200, 0x000001b7fca82f90,
0x000001b7fc362fe0, 0x000001b7fcbd0d20, 0x000001b7fcbd5d70, 0x000001b7d47e7c80,
0x000001b7d62b7970, 0x000001b7feccc030
}

Java Threads: ( => current thread )
  0x000001b7eeebca70 JavaThread "main"                              [_thread_blocked, id=6228, stack(0x0000009fb7900000,0x0000009fb7a00000) (1024K)]
  0x000001b7fca790b0 JavaThread "Reference Handler"          daemon [_thread_blocked, id=15416, stack(0x0000009fb8100000,0x0000009fb8200000) (1024K)]
  0x000001b7fca7bc00 JavaThread "Finalizer"                  daemon [_thread_blocked, id=2944, stack(0x0000009fb8200000,0x0000009fb8300000) (1024K)]
  0x000001b7fca7cc00 JavaThread "Signal Dispatcher"          daemon [_thread_blocked, id=11960, stack(0x0000009fb8300000,0x0000009fb8400000) (1024K)]
  0x000001b7fca7dc20 JavaThread "Attach Listener"            daemon [_thread_blocked, id=26636, stack(0x0000009fb8400000,0x0000009fb8500000) (1024K)]
  0x000001b7fca7f7b0 JavaThread "Service Thread"             daemon [_thread_blocked, id=25748, stack(0x0000009fb8500000,0x0000009fb8600000) (1024K)]
  0x000001b7fca80200 JavaThread "Monitor Deflation Thread"   daemon [_thread_blocked, id=8032, stack(0x0000009fb8600000,0x0000009fb8700000) (1024K)]
  0x000001b7fca82f90 JavaThread "C2 CompilerThread0"         daemon [_thread_blocked, id=2588, stack(0x0000009fb8700000,0x0000009fb8800000) (1024K)]
  0x000001b7fc362fe0 JavaThread "C1 CompilerThread0"         daemon [_thread_blocked, id=12316, stack(0x0000009fb8800000,0x0000009fb8900000) (1024K)]
  0x000001b7fcbd0d20 JavaThread "Notification Thread"        daemon [_thread_blocked, id=15616, stack(0x0000009fb8900000,0x0000009fb8a00000) (1024K)]
  0x000001b7fcbd5d70 JavaThread "Common-Cleaner"             daemon [_thread_blocked, id=23968, stack(0x0000009fb8a00000,0x0000009fb8b00000) (1024K)]
  0x000001b7d47e7c80 JavaThread "mysql-cj-abandoned-connection-cleanup" daemon [_thread_blocked, id=21936, stack(0x0000009fb9400000,0x0000009fb9500000) (1024K)]
  0x000001b7d62b7970 JavaThread "HikariPool-1 housekeeper"   daemon [_thread_blocked, id=31616, stack(0x0000009fb9300000,0x0000009fb9400000) (1024K)]
  0x000001b7feccc030 JavaThread "C2 CompilerThread1"         daemon [_thread_blocked, id=10052, stack(0x0000009fb9600000,0x0000009fb9700000) (1024K)]
Total: 14

Other Threads:
=>0x000001b7fc34a4a0 VMThread "VM Thread"                           [id=14668, stack(0x0000009fb8000000,0x0000009fb8100000) (1024K)]
  0x000001b7fc33a0d0 WatcherThread "VM Periodic Task Thread"        [id=4008, stack(0x0000009fb7f00000,0x0000009fb8000000) (1024K)]
  0x000001b7eef12250 WorkerThread "GC Thread#0"                     [id=13244, stack(0x0000009fb7a00000,0x0000009fb7b00000) (1024K)]
  0x000001b7fdbaa2b0 WorkerThread "GC Thread#1"                     [id=15704, stack(0x0000009fb8b00000,0x0000009fb8c00000) (1024K)]
  0x000001b7fd9c0d20 WorkerThread "GC Thread#2"                     [id=20584, stack(0x0000009fb8c00000,0x0000009fb8d00000) (1024K)]
  0x000001b7fd663cd0 WorkerThread "GC Thread#3"                     [id=29976, stack(0x0000009fb8d00000,0x0000009fb8e00000) (1024K)]
  0x000001b7fd6be8d0 WorkerThread "GC Thread#4"                     [id=31252, stack(0x0000009fb8e00000,0x0000009fb8f00000) (1024K)]
  0x000001b7fdc60a30 WorkerThread "GC Thread#5"                     [id=30076, stack(0x0000009fb9000000,0x0000009fb9100000) (1024K)]
  0x000001b7fdd8d0c0 WorkerThread "GC Thread#6"                     [id=10148, stack(0x0000009fb9100000,0x0000009fb9200000) (1024K)]
  0x000001b7fdd8ece0 WorkerThread "GC Thread#7"                     [id=29604, stack(0x0000009fb9200000,0x0000009fb9300000) (1024K)]
  0x000001b7eef22bf0 ConcurrentGCThread "G1 Main Marker"            [id=27140, stack(0x0000009fb7b00000,0x0000009fb7c00000) (1024K)]
  0x000001b7eef23e90 WorkerThread "G1 Conc#0"                       [id=28336, stack(0x0000009fb7c00000,0x0000009fb7d00000) (1024K)]
  0x000001b7fdfa36b0 WorkerThread "G1 Conc#1"                       [id=3264, stack(0x0000009fb8f00000,0x0000009fb9000000) (1024K)]
  0x000001b7fc2064b0 ConcurrentGCThread "G1 Refine#0"               [id=10348, stack(0x0000009fb7d00000,0x0000009fb7e00000) (1024K)]
  0x000001b7fc206cd0 ConcurrentGCThread "G1 Service"                [id=22584, stack(0x0000009fb7e00000,0x0000009fb7f00000) (1024K)]
Total: 15

Threads with active compile tasks:
Total: 0

VM state: at safepoint (normal execution)

VM Mutex/Monitor currently owned by a thread:  ([mutex/lock_event])
[0x00007ffde234d380] Threads_lock - owner thread: 0x000001b7fc34a4a0
[0x00007ffde234d480] Heap_lock - owner thread: 0x000001b7eeebca70

Heap address: 0x0000000084400000, size: 1980 MB, Compressed Oops mode: 32-bit

CDS archive(s) mapped at: [0x000001b78f000000-0x000001b78fc80000-0x000001b78fc80000), size 13107200, SharedBaseAddress: 0x000001b78f000000, ArchiveRelocationMode: 1.
Compressed class space mapped at: 0x000001b790000000-0x000001b7d0000000, reserved size: 1073741824
Narrow klass base: 0x000001b78f000000, Narrow klass shift: 0, Narrow klass range: 0x100000000

GC Precious Log:
 CardTable entry size: 512
 Card Set container configuration: InlinePtr #cards 5 size 8 Array Of Cards #cards 12 size 40 Howl #buckets 4 coarsen threshold 1843 Howl Bitmap #cards 512 size 80 coarsen threshold 460 Card regions per heap region 1 cards per card region 2048
 CPUs: 8 total, 8 available
 Memory: 7915M
 Large Page Support: Disabled
 NUMA Support: Disabled
 Compressed Oops: Enabled (32-bit)
 Heap Region Size: 1M
 Heap Min Capacity: 8M
 Heap Initial Capacity: 124M
 Heap Max Capacity: 1980M
 Pre-touch: Disabled
 Parallel Workers: 8
 Concurrent Workers: 2
 Concurrent Refinement Workers: 8
 Periodic GC: Disabled

Heap:
 garbage-first heap   total 136192K, used 75776K [0x0000000084400000, 0x0000000100000000)
  region size 1024K, 4 young (4096K), 4 survivors (4096K)
 Metaspace       used 93242K, committed 94016K, reserved 1179648K
  class space    used 12377K, committed 12736K, reserved 1048576K

Heap Regions: E=young(eden), S=young(survivor), O=old, HS=humongous(starts), HC=humongous(continues), CS=collection set, F=free, TAMS=top-at-mark-start, PB=parsable bottom
|   0|0x0000000084400000, 0x0000000084500000, 0x0000000084500000|100%|HS|  |TAMS 0x0000000084500000| PB 0x0000000084400000| Complete 
|   1|0x0000000084500000, 0x0000000084600000, 0x0000000084600000|100%|HS|  |TAMS 0x0000000084600000| PB 0x0000000084500000| Complete 
|   2|0x0000000084600000, 0x0000000084700000, 0x0000000084700000|100%| O|  |TAMS 0x0000000084700000| PB 0x0000000084600000| Untracked 
|   3|0x0000000084700000, 0x0000000084800000, 0x0000000084800000|100%| O|  |TAMS 0x0000000084800000| PB 0x0000000084700000| Untracked 
|   4|0x0000000084800000, 0x0000000084900000, 0x0000000084900000|100%| O|  |TAMS 0x0000000084900000| PB 0x0000000084800000| Untracked 
|   5|0x0000000084900000, 0x0000000084a00000, 0x0000000084a00000|100%| O|  |TAMS 0x0000000084a00000| PB 0x0000000084900000| Untracked 
|   6|0x0000000084a00000, 0x0000000084b00000, 0x0000000084b00000|100%| O|  |TAMS 0x0000000084b00000| PB 0x0000000084a00000| Untracked 
|   7|0x0000000084b00000, 0x0000000084c00000, 0x0000000084c00000|100%| O|  |TAMS 0x0000000084c00000| PB 0x0000000084b00000| Untracked 
|   8|0x0000000084c00000, 0x0000000084d00000, 0x0000000084d00000|100%| O|  |TAMS 0x0000000084d00000| PB 0x0000000084c00000| Untracked 
|   9|0x0000000084d00000, 0x0000000084e00000, 0x0000000084e00000|100%| O|  |TAMS 0x0000000084e00000| PB 0x0000000084d00000| Untracked 
|  10|0x0000000084e00000, 0x0000000084f00000, 0x0000000084f00000|100%| O|  |TAMS 0x0000000084f00000| PB 0x0000000084e00000| Untracked 
|  11|0x0000000084f00000, 0x0000000085000000, 0x0000000085000000|100%| O|  |TAMS 0x0000000085000000| PB 0x0000000084f00000| Untracked 
|  12|0x0000000085000000, 0x0000000085100000, 0x0000000085100000|100%| O|  |TAMS 0x0000000085100000| PB 0x0000000085000000| Untracked 
|  13|0x0000000085100000, 0x0000000085200000, 0x0000000085200000|100%| O|  |TAMS 0x0000000085200000| PB 0x0000000085100000| Untracked 
|  14|0x0000000085200000, 0x0000000085300000, 0x0000000085300000|100%| O|  |TAMS 0x0000000085300000| PB 0x0000000085200000| Untracked 
|  15|0x0000000085300000, 0x0000000085400000, 0x0000000085400000|100%| O|  |TAMS 0x0000000085400000| PB 0x0000000085300000| Untracked 
|  16|0x0000000085400000, 0x0000000085500000, 0x0000000085500000|100%| O|  |TAMS 0x0000000085500000| PB 0x0000000085400000| Untracked 
|  17|0x0000000085500000, 0x0000000085600000, 0x0000000085600000|100%| O|  |TAMS 0x0000000085600000| PB 0x0000000085500000| Untracked 
|  18|0x0000000085600000, 0x0000000085700000, 0x0000000085700000|100%| O|  |TAMS 0x0000000085700000| PB 0x0000000085600000| Untracked 
|  19|0x0000000085700000, 0x0000000085800000, 0x0000000085800000|100%| O|  |TAMS 0x0000000085800000| PB 0x0000000085700000| Untracked 
|  20|0x0000000085800000, 0x0000000085900000, 0x0000000085900000|100%| O|  |TAMS 0x0000000085900000| PB 0x0000000085800000| Untracked 
|  21|0x0000000085900000, 0x0000000085a00000, 0x0000000085a00000|100%| O|  |TAMS 0x0000000085a00000| PB 0x0000000085900000| Untracked 
|  22|0x0000000085a00000, 0x0000000085b00000, 0x0000000085b00000|100%| O|  |TAMS 0x0000000085b00000| PB 0x0000000085a00000| Untracked 
|  23|0x0000000085b00000, 0x0000000085c00000, 0x0000000085c00000|100%| O|  |TAMS 0x0000000085c00000| PB 0x0000000085b00000| Untracked 
|  24|0x0000000085c00000, 0x0000000085d00000, 0x0000000085d00000|100%| O|  |TAMS 0x0000000085d00000| PB 0x0000000085c00000| Untracked 
|  25|0x0000000085d00000, 0x0000000085e00000, 0x0000000085e00000|100%| O|  |TAMS 0x0000000085e00000| PB 0x0000000085d00000| Untracked 
|  26|0x0000000085e00000, 0x0000000085f00000, 0x0000000085f00000|100%| O|  |TAMS 0x0000000085f00000| PB 0x0000000085e00000| Untracked 
|  27|0x0000000085f00000, 0x0000000086000000, 0x0000000086000000|100%| O|  |TAMS 0x0000000086000000| PB 0x0000000085f00000| Untracked 
|  28|0x0000000086000000, 0x0000000086100000, 0x0000000086100000|100%| O|  |TAMS 0x0000000086100000| PB 0x0000000086000000| Untracked 
|  29|0x0000000086100000, 0x0000000086200000, 0x0000000086200000|100%| O|  |TAMS 0x0000000086200000| PB 0x0000000086100000| Untracked 
|  30|0x0000000086200000, 0x0000000086300000, 0x0000000086300000|100%| O|  |TAMS 0x0000000086300000| PB 0x0000000086200000| Untracked 
|  31|0x0000000086300000, 0x0000000086400000, 0x0000000086400000|100%| O|  |TAMS 0x0000000086400000| PB 0x0000000086300000| Untracked 
|  32|0x0000000086400000, 0x0000000086500000, 0x0000000086500000|100%| O|  |TAMS 0x0000000086500000| PB 0x0000000086400000| Untracked 
|  33|0x0000000086500000, 0x0000000086600000, 0x0000000086600000|100%| O|  |TAMS 0x0000000086600000| PB 0x0000000086500000| Untracked 
|  34|0x0000000086600000, 0x0000000086700000, 0x0000000086700000|100%| O|  |TAMS 0x0000000086700000| PB 0x0000000086600000| Untracked 
|  35|0x0000000086700000, 0x0000000086800000, 0x0000000086800000|100%| O|  |TAMS 0x0000000086800000| PB 0x0000000086700000| Untracked 
|  36|0x0000000086800000, 0x0000000086900000, 0x0000000086900000|100%| O|  |TAMS 0x0000000086900000| PB 0x0000000086800000| Untracked 
|  37|0x0000000086900000, 0x0000000086a00000, 0x0000000086a00000|100%| O|  |TAMS 0x0000000086a00000| PB 0x0000000086900000| Untracked 
|  38|0x0000000086a00000, 0x0000000086b00000, 0x0000000086b00000|100%| O|  |TAMS 0x0000000086b00000| PB 0x0000000086a00000| Untracked 
|  39|0x0000000086b00000, 0x0000000086c00000, 0x0000000086c00000|100%| O|  |TAMS 0x0000000086c00000| PB 0x0000000086b00000| Untracked 
|  40|0x0000000086c00000, 0x0000000086d00000, 0x0000000086d00000|100%| O|  |TAMS 0x0000000086d00000| PB 0x0000000086c00000| Untracked 
|  41|0x0000000086d00000, 0x0000000086e00000, 0x0000000086e00000|100%| O|  |TAMS 0x0000000086e00000| PB 0x0000000086d00000| Untracked 
|  42|0x0000000086e00000, 0x0000000086f00000, 0x0000000086f00000|100%| O|  |TAMS 0x0000000086f00000| PB 0x0000000086e00000| Untracked 
|  43|0x0000000086f00000, 0x0000000087000000, 0x0000000087000000|100%| O|  |TAMS 0x0000000087000000| PB 0x0000000086f00000| Untracked 
|  44|0x0000000087000000, 0x0000000087100000, 0x0000000087100000|100%| O|  |TAMS 0x0000000087000000| PB 0x0000000087000000| Untracked 
|  45|0x0000000087100000, 0x0000000087200000, 0x0000000087200000|100%| O|  |TAMS 0x0000000087200000| PB 0x0000000087100000| Untracked 
|  46|0x0000000087200000, 0x0000000087300000, 0x0000000087300000|100%| O|  |TAMS 0x0000000087300000| PB 0x0000000087200000| Untracked 
|  47|0x0000000087300000, 0x0000000087400000, 0x0000000087400000|100%| O|  |TAMS 0x0000000087400000| PB 0x0000000087300000| Untracked 
|  48|0x0000000087400000, 0x0000000087500000, 0x0000000087500000|100%|HS|  |TAMS 0x0000000087500000| PB 0x0000000087400000| Complete 
|  49|0x0000000087500000, 0x0000000087600000, 0x0000000087600000|100%| O|  |TAMS 0x0000000087600000| PB 0x0000000087500000| Untracked 
|  50|0x0000000087600000, 0x0000000087700000, 0x0000000087700000|100%| O|  |TAMS 0x0000000087700000| PB 0x0000000087600000| Untracked 
|  51|0x0000000087700000, 0x0000000087800000, 0x0000000087800000|100%| O|  |TAMS 0x0000000087800000| PB 0x0000000087700000| Untracked 
|  52|0x0000000087800000, 0x0000000087900000, 0x0000000087900000|100%| O|  |TAMS 0x0000000087900000| PB 0x0000000087800000| Untracked 
|  53|0x0000000087900000, 0x0000000087a00000, 0x0000000087a00000|100%| O|  |TAMS 0x0000000087a00000| PB 0x0000000087900000| Untracked 
|  54|0x0000000087a00000, 0x0000000087b00000, 0x0000000087b00000|100%| O|  |TAMS 0x0000000087b00000| PB 0x0000000087a00000| Untracked 
|  55|0x0000000087b00000, 0x0000000087c00000, 0x0000000087c00000|100%| O|  |TAMS 0x0000000087c00000| PB 0x0000000087b00000| Untracked 
|  56|0x0000000087c00000, 0x0000000087c00000, 0x0000000087d00000|  0%| F|  |TAMS 0x0000000087c00000| PB 0x0000000087c00000| Untracked 
|  57|0x0000000087d00000, 0x0000000087d00000, 0x0000000087e00000|  0%| F|  |TAMS 0x0000000087d00000| PB 0x0000000087d00000| Untracked 
|  58|0x0000000087e00000, 0x0000000087e00000, 0x0000000087f00000|  0%| F|  |TAMS 0x0000000087e00000| PB 0x0000000087e00000| Untracked 
|  59|0x0000000087f00000, 0x0000000088000000, 0x0000000088000000|100%| O|  |TAMS 0x0000000087f00000| PB 0x0000000087f00000| Untracked 
|  60|0x0000000088000000, 0x0000000088100000, 0x0000000088100000|100%| O|  |TAMS 0x0000000088000000| PB 0x0000000088000000| Untracked 
|  61|0x0000000088100000, 0x0000000088200000, 0x0000000088200000|100%| O|  |TAMS 0x0000000088100000| PB 0x0000000088100000| Untracked 
|  62|0x0000000088200000, 0x0000000088300000, 0x0000000088300000|100%| O|  |TAMS 0x0000000088200000| PB 0x0000000088200000| Untracked 
|  63|0x0000000088300000, 0x0000000088400000, 0x0000000088400000|100%| O|  |TAMS 0x0000000088300000| PB 0x0000000088300000| Untracked 
|  64|0x0000000088400000, 0x0000000088480000, 0x0000000088500000| 50%| O|  |TAMS 0x0000000088400000| PB 0x0000000088400000| Untracked 
|  65|0x0000000088500000, 0x0000000088500000, 0x0000000088600000|  0%| F|  |TAMS 0x0000000088500000| PB 0x0000000088500000| Untracked 
|  66|0x0000000088600000, 0x0000000088600000, 0x0000000088700000|  0%| F|  |TAMS 0x0000000088600000| PB 0x0000000088600000| Untracked 
|  67|0x0000000088700000, 0x0000000088700000, 0x0000000088800000|  0%| F|  |TAMS 0x0000000088700000| PB 0x0000000088700000| Untracked 
|  68|0x0000000088800000, 0x0000000088800000, 0x0000000088900000|  0%| F|  |TAMS 0x0000000088800000| PB 0x0000000088800000| Untracked 
|  69|0x0000000088900000, 0x0000000088900000, 0x0000000088a00000|  0%| F|  |TAMS 0x0000000088900000| PB 0x0000000088900000| Untracked 
|  70|0x0000000088a00000, 0x0000000088a00000, 0x0000000088b00000|  0%| F|  |TAMS 0x0000000088a00000| PB 0x0000000088a00000| Untracked 
|  71|0x0000000088b00000, 0x0000000088b00000, 0x0000000088c00000|  0%| F|  |TAMS 0x0000000088b00000| PB 0x0000000088b00000| Untracked 
|  72|0x0000000088c00000, 0x0000000088c00000, 0x0000000088d00000|  0%| F|  |TAMS 0x0000000088c00000| PB 0x0000000088c00000| Untracked 
|  73|0x0000000088d00000, 0x0000000088d00000, 0x0000000088e00000|  0%| F|  |TAMS 0x0000000088d00000| PB 0x0000000088d00000| Untracked 
|  74|0x0000000088e00000, 0x0000000088e00000, 0x0000000088f00000|  0%| F|  |TAMS 0x0000000088e00000| PB 0x0000000088e00000| Untracked 
|  75|0x0000000088f00000, 0x0000000088f00000, 0x0000000089000000|  0%| F|  |TAMS 0x0000000088f00000| PB 0x0000000088f00000| Untracked 
|  76|0x0000000089000000, 0x0000000089080000, 0x0000000089100000| 50%| S|CS|TAMS 0x0000000089000000| PB 0x0000000089000000| Complete 
|  77|0x0000000089100000, 0x0000000089200000, 0x0000000089200000|100%| S|CS|TAMS 0x0000000089100000| PB 0x0000000089100000| Complete 
|  78|0x0000000089200000, 0x0000000089300000, 0x0000000089300000|100%| S|CS|TAMS 0x0000000089200000| PB 0x0000000089200000| Complete 
|  79|0x0000000089300000, 0x0000000089400000, 0x0000000089400000|100%| S|CS|TAMS 0x0000000089300000| PB 0x0000000089300000| Complete 
|  80|0x0000000089400000, 0x0000000089400000, 0x0000000089500000|  0%| F|  |TAMS 0x0000000089400000| PB 0x0000000089400000| Untracked 
|  81|0x0000000089500000, 0x0000000089500000, 0x0000000089600000|  0%| F|  |TAMS 0x0000000089500000| PB 0x0000000089500000| Untracked 
|  82|0x0000000089600000, 0x0000000089600000, 0x0000000089700000|  0%| F|  |TAMS 0x0000000089600000| PB 0x0000000089600000| Untracked 
|  83|0x0000000089700000, 0x0000000089700000, 0x0000000089800000|  0%| F|  |TAMS 0x0000000089700000| PB 0x0000000089700000| Untracked 
|  84|0x0000000089800000, 0x0000000089800000, 0x0000000089900000|  0%| F|  |TAMS 0x0000000089800000| PB 0x0000000089800000| Untracked 
|  85|0x0000000089900000, 0x0000000089900000, 0x0000000089a00000|  0%| F|  |TAMS 0x0000000089900000| PB 0x0000000089900000| Untracked 
|  86|0x0000000089a00000, 0x0000000089a00000, 0x0000000089b00000|  0%| F|  |TAMS 0x0000000089a00000| PB 0x0000000089a00000| Untracked 
|  87|0x0000000089b00000, 0x0000000089b00000, 0x0000000089c00000|  0%| F|  |TAMS 0x0000000089b00000| PB 0x0000000089b00000| Untracked 
|  88|0x0000000089c00000, 0x0000000089c00000, 0x0000000089d00000|  0%| F|  |TAMS 0x0000000089c00000| PB 0x0000000089c00000| Untracked 
|  89|0x0000000089d00000, 0x0000000089d00000, 0x0000000089e00000|  0%| F|  |TAMS 0x0000000089d00000| PB 0x0000000089d00000| Untracked 
|  90|0x0000000089e00000, 0x0000000089e00000, 0x0000000089f00000|  0%| F|  |TAMS 0x0000000089e00000| PB 0x0000000089e00000| Untracked 
|  91|0x0000000089f00000, 0x0000000089f00000, 0x000000008a000000|  0%| F|  |TAMS 0x0000000089f00000| PB 0x0000000089f00000| Untracked 
|  92|0x000000008a000000, 0x000000008a000000, 0x000000008a100000|  0%| F|  |TAMS 0x000000008a000000| PB 0x000000008a000000| Untracked 
|  93|0x000000008a100000, 0x000000008a100000, 0x000000008a200000|  0%| F|  |TAMS 0x000000008a100000| PB 0x000000008a100000| Untracked 
|  94|0x000000008a200000, 0x000000008a200000, 0x000000008a300000|  0%| F|  |TAMS 0x000000008a200000| PB 0x000000008a200000| Untracked 
|  95|0x000000008a300000, 0x000000008a300000, 0x000000008a400000|  0%| F|  |TAMS 0x000000008a300000| PB 0x000000008a300000| Untracked 
|  96|0x000000008a400000, 0x000000008a400000, 0x000000008a500000|  0%| F|  |TAMS 0x000000008a400000| PB 0x000000008a400000| Untracked 
|  97|0x000000008a500000, 0x000000008a500000, 0x000000008a600000|  0%| F|  |TAMS 0x000000008a500000| PB 0x000000008a500000| Untracked 
|  98|0x000000008a600000, 0x000000008a600000, 0x000000008a700000|  0%| F|  |TAMS 0x000000008a600000| PB 0x000000008a600000| Untracked 
|  99|0x000000008a700000, 0x000000008a700000, 0x000000008a800000|  0%| F|  |TAMS 0x000000008a700000| PB 0x000000008a700000| Untracked 
| 100|0x000000008a800000, 0x000000008a800000, 0x000000008a900000|  0%| F|  |TAMS 0x000000008a800000| PB 0x000000008a800000| Untracked 
| 101|0x000000008a900000, 0x000000008a900000, 0x000000008aa00000|  0%| F|  |TAMS 0x000000008a900000| PB 0x000000008a900000| Untracked 
| 102|0x000000008aa00000, 0x000000008aa00000, 0x000000008ab00000|  0%| F|  |TAMS 0x000000008aa00000| PB 0x000000008aa00000| Untracked 
| 103|0x000000008ab00000, 0x000000008ab00000, 0x000000008ac00000|  0%| F|  |TAMS 0x000000008ab00000| PB 0x000000008ab00000| Untracked 
| 104|0x000000008ac00000, 0x000000008ac00000, 0x000000008ad00000|  0%| F|  |TAMS 0x000000008ac00000| PB 0x000000008ac00000| Untracked 
| 105|0x000000008ad00000, 0x000000008ad00000, 0x000000008ae00000|  0%| F|  |TAMS 0x000000008ad00000| PB 0x000000008ad00000| Untracked 
| 106|0x000000008ae00000, 0x000000008ae00000, 0x000000008af00000|  0%| F|  |TAMS 0x000000008ae00000| PB 0x000000008ae00000| Untracked 
| 107|0x000000008af00000, 0x000000008af00000, 0x000000008b000000|  0%| F|  |TAMS 0x000000008af00000| PB 0x000000008af00000| Untracked 
| 108|0x000000008b000000, 0x000000008b000000, 0x000000008b100000|  0%| F|  |TAMS 0x000000008b000000| PB 0x000000008b000000| Untracked 
| 109|0x000000008b100000, 0x000000008b100000, 0x000000008b200000|  0%| F|  |TAMS 0x000000008b100000| PB 0x000000008b100000| Untracked 
| 110|0x000000008b200000, 0x000000008b200000, 0x000000008b300000|  0%| F|  |TAMS 0x000000008b200000| PB 0x000000008b200000| Untracked 
| 111|0x000000008b300000, 0x000000008b300000, 0x000000008b400000|  0%| F|  |TAMS 0x000000008b300000| PB 0x000000008b300000| Untracked 
| 112|0x000000008b400000, 0x000000008b400000, 0x000000008b500000|  0%| F|  |TAMS 0x000000008b400000| PB 0x000000008b400000| Untracked 
| 113|0x000000008b500000, 0x000000008b500000, 0x000000008b600000|  0%| F|  |TAMS 0x000000008b500000| PB 0x000000008b500000| Untracked 
| 114|0x000000008b600000, 0x000000008b600000, 0x000000008b700000|  0%| F|  |TAMS 0x000000008b600000| PB 0x000000008b600000| Untracked 
| 115|0x000000008b700000, 0x000000008b700000, 0x000000008b800000|  0%| F|  |TAMS 0x000000008b700000| PB 0x000000008b700000| Untracked 
| 116|0x000000008b800000, 0x000000008b800000, 0x000000008b900000|  0%| F|  |TAMS 0x000000008b800000| PB 0x000000008b800000| Untracked 
| 117|0x000000008b900000, 0x000000008b900000, 0x000000008ba00000|  0%| F|  |TAMS 0x000000008b900000| PB 0x000000008b900000| Untracked 
| 118|0x000000008ba00000, 0x000000008ba00000, 0x000000008bb00000|  0%| F|  |TAMS 0x000000008ba00000| PB 0x000000008ba00000| Untracked 
| 119|0x000000008bb00000, 0x000000008bb00000, 0x000000008bc00000|  0%| F|  |TAMS 0x000000008bb00000| PB 0x000000008bb00000| Untracked 
| 120|0x000000008bc00000, 0x000000008bc00000, 0x000000008bd00000|  0%| F|  |TAMS 0x000000008bc00000| PB 0x000000008bc00000| Untracked 
| 121|0x000000008bd00000, 0x000000008bd00000, 0x000000008be00000|  0%| F|  |TAMS 0x000000008bd00000| PB 0x000000008bd00000| Untracked 
| 122|0x000000008be00000, 0x000000008be00000, 0x000000008bf00000|  0%| F|  |TAMS 0x000000008be00000| PB 0x000000008be00000| Untracked 
| 123|0x000000008bf00000, 0x000000008bf00000, 0x000000008c000000|  0%| F|  |TAMS 0x000000008bf00000| PB 0x000000008bf00000| Untracked 
|1971|0x00000000ff700000, 0x00000000ff800000, 0x00000000ff800000|100%| O|  |TAMS 0x00000000ff800000| PB 0x00000000ff700000| Untracked 
|1972|0x00000000ff800000, 0x00000000ff900000, 0x00000000ff900000|100%| O|  |TAMS 0x00000000ff900000| PB 0x00000000ff800000| Untracked 
|1973|0x00000000ff900000, 0x00000000ffa00000, 0x00000000ffa00000|100%| O|  |TAMS 0x00000000ffa00000| PB 0x00000000ff900000| Untracked 
|1974|0x00000000ffa00000, 0x00000000ffb00000, 0x00000000ffb00000|100%| O|  |TAMS 0x00000000ffb00000| PB 0x00000000ffa00000| Untracked 
|1975|0x00000000ffb00000, 0x00000000ffc00000, 0x00000000ffc00000|100%| O|  |TAMS 0x00000000ffc00000| PB 0x00000000ffb00000| Untracked 
|1976|0x00000000ffc00000, 0x00000000ffd00000, 0x00000000ffd00000|100%| O|  |TAMS 0x00000000ffd00000| PB 0x00000000ffc00000| Untracked 
|1977|0x00000000ffd00000, 0x00000000ffe00000, 0x00000000ffe00000|100%| O|  |TAMS 0x00000000ffe00000| PB 0x00000000ffd00000| Untracked 
|1978|0x00000000ffe00000, 0x00000000fff00000, 0x00000000fff00000|100%| O|  |TAMS 0x00000000fff00000| PB 0x00000000ffe00000| Untracked 
|1979|0x00000000fff00000, 0x0000000100000000, 0x0000000100000000|100%| O|  |TAMS 0x0000000100000000| PB 0x00000000fff00000| Untracked 

Card table byte_map: [0x000001b7f7c80000,0x000001b7f8060000] _byte_map_base: 0x000001b7f785e000

Marking Bits: (CMBitMap*) 0x000001b7eef12950
 Bits: [0x000001b7f8060000, 0x000001b7f9f50000)

Polling page: 0x000001b7ece00000

Metaspace:

Usage:
  Non-class:     78.97 MB used.
      Class:     12.09 MB used.
       Both:     91.06 MB used.

Virtual space:
  Non-class space:      128.00 MB reserved,      79.38 MB ( 62%) committed,  2 nodes.
      Class space:        1.00 GB reserved,      12.44 MB (  1%) committed,  1 nodes.
             Both:        1.12 GB reserved,      91.81 MB (  8%) committed. 

Chunk freelists:
   Non-Class:  208.00 KB
       Class:  3.41 MB
        Both:  3.61 MB

MaxMetaspaceSize: unlimited
CompressedClassSpaceSize: 1.00 GB
Initial GC threshold: 21.00 MB
Current GC threshold: 146.06 MB
CDS: on
 - commit_granule_bytes: 65536.
 - commit_granule_words: 8192.
 - virtual_space_node_default_size: 8388608.
 - enlarge_chunks_in_place: 1.
 - use_allocation_guard: 0.


Internal statistics:

num_allocs_failed_limit: 9.
num_arena_births: 1002.
num_arena_deaths: 0.
num_vsnodes_births: 3.
num_vsnodes_deaths: 0.
num_space_committed: 1469.
num_space_uncommitted: 0.
num_chunks_returned_to_freelist: 9.
num_chunks_taken_from_freelist: 4299.
num_chunk_merges: 9.
num_chunk_splits: 3258.
num_chunks_enlarged: 2663.
num_inconsistent_stats: 0.

CodeHeap 'non-profiled nmethods': size=120000Kb used=5840Kb max_used=6788Kb free=114159Kb
 bounds [0x000001b787ad0000, 0x000001b788180000, 0x000001b78f000000]
CodeHeap 'profiled nmethods': size=120000Kb used=16193Kb max_used=18171Kb free=103807Kb
 bounds [0x000001b780000000, 0x000001b7811c0000, 0x000001b787530000]
CodeHeap 'non-nmethods': size=5760Kb used=1986Kb max_used=2017Kb free=3773Kb
 bounds [0x000001b787530000, 0x000001b7877a0000, 0x000001b787ad0000]
 total_blobs=9558 nmethods=8785 adapters=675
 compilation: enabled
              stopped_count=0, restarted_count=0
 full_count=0

Compilation events (20 events):
Event: 22.316 Thread 0x000001b7fc362fe0 nmethod 10598 0x000001b780d50e90 code [0x000001b780d51020, 0x000001b780d51178]
Event: 22.316 Thread 0x000001b7fc362fe0 10599       3       software.amazon.awssdk.regions.ServiceEndpointKey$DefaultBuilder::build (10 bytes)
Event: 22.316 Thread 0x000001b7fc362fe0 nmethod 10599 0x000001b780410f10 code [0x000001b7804110c0, 0x000001b7804112c0]
Event: 22.316 Thread 0x000001b7fc362fe0 10600       3       software.amazon.awssdk.regions.ServiceEndpointKey::<init> (6 bytes)
Event: 22.317 Thread 0x000001b7fc362fe0 nmethod 10600 0x000001b780d61610 code [0x000001b780d617c0, 0x000001b780d618f8]
Event: 22.317 Thread 0x000001b7fc362fe0 10601       3       software.amazon.awssdk.regions.ServiceEndpointKey::<init> (61 bytes)
Event: 22.317 Thread 0x000001b7fc362fe0 nmethod 10601 0x000001b7803d7210 code [0x000001b7803d74e0, 0x000001b7803d8248]
Event: 22.317 Thread 0x000001b7feccc030 nmethod 10597 0x000001b787dc8a10 code [0x000001b787dc8ba0, 0x000001b787dc8cc0]
Event: 22.324 Thread 0x000001b7fc362fe0 10602       3       software.amazon.awssdk.utils.ImmutableMap::builder (8 bytes)
Event: 22.324 Thread 0x000001b7fc362fe0 nmethod 10602 0x000001b7803b5890 code [0x000001b7803b5a60, 0x000001b7803b5e48]
Event: 22.324 Thread 0x000001b7fc362fe0 10603       3       software.amazon.awssdk.utils.ImmutableMap$Builder::<init> (16 bytes)
Event: 22.324 Thread 0x000001b7fc362fe0 nmethod 10603 0x000001b780e35110 code [0x000001b780e352e0, 0x000001b780e35630]
Event: 22.324 Thread 0x000001b7fc362fe0 10604       3       software.amazon.awssdk.utils.ImmutableMap$Builder::build (22 bytes)
Event: 22.325 Thread 0x000001b7fc362fe0 nmethod 10604 0x000001b7803c6e10 code [0x000001b7803c7000, 0x000001b7803c74b0]
Event: 22.325 Thread 0x000001b7fc362fe0 10605       3       software.amazon.awssdk.utils.ImmutableMap::<init> (6 bytes)
Event: 22.325 Thread 0x000001b7fc362fe0 nmethod 10605 0x000001b780421d10 code [0x000001b780421ec0, 0x000001b7804220e0]
Event: 22.325 Thread 0x000001b7fc362fe0 10606       3       software.amazon.awssdk.utils.ImmutableMap::<init> (10 bytes)
Event: 22.325 Thread 0x000001b7fc362fe0 nmethod 10606 0x000001b780902510 code [0x000001b7809026c0, 0x000001b780902878]
Event: 22.328 Thread 0x000001b7fca82f90 10607       4       java.net.URLEncoder::encode (338 bytes)
Event: 22.337 Thread 0x000001b7fca82f90 nmethod 10607 0x000001b787d2b510 code [0x000001b787d2b760, 0x000001b787d2c1a0]

GC Heap History (20 events):
Event: 18.766 GC heap after
{Heap after GC invocations=18 (full 0):
 garbage-first heap   total 94208K, used 43727K [0x0000000084400000, 0x0000000100000000)
  region size 1024K, 3 young (3072K), 3 survivors (3072K)
 Metaspace       used 78053K, committed 78784K, reserved 1179648K
  class space    used 10112K, committed 10432K, reserved 1048576K
}
Event: 19.944 GC heap before
{Heap before GC invocations=18 (full 0):
 garbage-first heap   total 94208K, used 83663K [0x0000000084400000, 0x0000000100000000)
  region size 1024K, 42 young (43008K), 3 survivors (3072K)
 Metaspace       used 84032K, committed 84736K, reserved 1179648K
  class space    used 10899K, committed 11200K, reserved 1048576K
}
Event: 19.954 GC heap after
{Heap after GC invocations=19 (full 0):
 garbage-first heap   total 94208K, used 46985K [0x0000000084400000, 0x0000000100000000)
  region size 1024K, 6 young (6144K), 6 survivors (6144K)
 Metaspace       used 84032K, committed 84736K, reserved 1179648K
  class space    used 10899K, committed 11200K, reserved 1048576K
}
Event: 20.515 GC heap before
{Heap before GC invocations=20 (full 0):
 garbage-first heap   total 94208K, used 79753K [0x0000000084400000, 0x0000000100000000)
  region size 1024K, 39 young (39936K), 6 survivors (6144K)
 Metaspace       used 87516K, committed 88256K, reserved 1179648K
  class space    used 11701K, committed 12032K, reserved 1048576K
}
Event: 20.527 GC heap after
{Heap after GC invocations=21 (full 0):
 garbage-first heap   total 94208K, used 51020K [0x0000000084400000, 0x0000000100000000)
  region size 1024K, 4 young (4096K), 4 survivors (4096K)
 Metaspace       used 87516K, committed 88256K, reserved 1179648K
  class space    used 11701K, committed 12032K, reserved 1048576K
}
Event: 21.305 GC heap before
{Heap before GC invocations=21 (full 0):
 garbage-first heap   total 94208K, used 83788K [0x0000000084400000, 0x0000000100000000)
  region size 1024K, 36 young (36864K), 4 survivors (4096K)
 Metaspace       used 88943K, committed 89664K, reserved 1179648K
  class space    used 11875K, committed 12224K, reserved 1048576K
}
Event: 21.312 GC heap after
{Heap after GC invocations=22 (full 0):
 garbage-first heap   total 113664K, used 52224K [0x0000000084400000, 0x0000000100000000)
  region size 1024K, 3 young (3072K), 3 survivors (3072K)
 Metaspace       used 88943K, committed 89664K, reserved 1179648K
  class space    used 11875K, committed 12224K, reserved 1048576K
}
Event: 21.401 GC heap before
{Heap before GC invocations=22 (full 0):
 garbage-first heap   total 113664K, used 102400K [0x0000000084400000, 0x0000000100000000)
  region size 1024K, 52 young (53248K), 3 survivors (3072K)
 Metaspace       used 88946K, committed 89664K, reserved 1179648K
  class space    used 11875K, committed 12224K, reserved 1048576K
}
Event: 21.403 GC heap after
{Heap after GC invocations=23 (full 0):
 garbage-first heap   total 113664K, used 50474K [0x0000000084400000, 0x0000000100000000)
  region size 1024K, 2 young (2048K), 2 survivors (2048K)
 Metaspace       used 88946K, committed 89664K, reserved 1179648K
  class space    used 11875K, committed 12224K, reserved 1048576K
}
Event: 21.521 GC heap before
{Heap before GC invocations=24 (full 0):
 garbage-first heap   total 113664K, used 103722K [0x0000000084400000, 0x0000000100000000)
  region size 1024K, 54 young (55296K), 2 survivors (2048K)
 Metaspace       used 88996K, committed 89728K, reserved 1179648K
  class space    used 11879K, committed 12224K, reserved 1048576K
}
Event: 21.528 GC heap after
{Heap after GC invocations=25 (full 0):
 garbage-first heap   total 113664K, used 53536K [0x0000000084400000, 0x0000000100000000)
  region size 1024K, 5 young (5120K), 5 survivors (5120K)
 Metaspace       used 88996K, committed 89728K, reserved 1179648K
  class space    used 11879K, committed 12224K, reserved 1048576K
}
Event: 21.614 GC heap before
{Heap before GC invocations=25 (full 0):
 garbage-first heap   total 113664K, used 100640K [0x0000000084400000, 0x0000000100000000)
  region size 1024K, 51 young (52224K), 5 survivors (5120K)
 Metaspace       used 89000K, committed 89728K, reserved 1179648K
  class space    used 11879K, committed 12224K, reserved 1048576K
}
Event: 21.621 GC heap after
{Heap after GC invocations=26 (full 0):
 garbage-first heap   total 113664K, used 53437K [0x0000000084400000, 0x0000000100000000)
  region size 1024K, 4 young (4096K), 4 survivors (4096K)
 Metaspace       used 89000K, committed 89728K, reserved 1179648K
  class space    used 11879K, committed 12224K, reserved 1048576K
}
Event: 21.691 GC heap before
{Heap before GC invocations=26 (full 0):
 garbage-first heap   total 113664K, used 101565K [0x0000000084400000, 0x0000000100000000)
  region size 1024K, 51 young (52224K), 4 survivors (4096K)
 Metaspace       used 89002K, committed 89728K, reserved 1179648K
  class space    used 11879K, committed 12224K, reserved 1048576K
}
Event: 21.700 GC heap after
{Heap after GC invocations=27 (full 0):
 garbage-first heap   total 113664K, used 55326K [0x0000000084400000, 0x0000000100000000)
  region size 1024K, 6 young (6144K), 6 survivors (6144K)
 Metaspace       used 89002K, committed 89728K, reserved 1179648K
  class space    used 11879K, committed 12224K, reserved 1048576K
}
Event: 21.775 GC heap before
{Heap before GC invocations=28 (full 0):
 garbage-first heap   total 113664K, used 99358K [0x0000000084400000, 0x0000000100000000)
  region size 1024K, 49 young (50176K), 6 survivors (6144K)
 Metaspace       used 89008K, committed 89728K, reserved 1179648K
  class space    used 11879K, committed 12224K, reserved 1048576K
}
Event: 21.786 GC heap after
{Heap after GC invocations=29 (full 0):
 garbage-first heap   total 113664K, used 57244K [0x0000000084400000, 0x0000000100000000)
  region size 1024K, 7 young (7168K), 7 survivors (7168K)
 Metaspace       used 89008K, committed 89728K, reserved 1179648K
  class space    used 11879K, committed 12224K, reserved 1048576K
}
Event: 21.864 GC heap before
{Heap before GC invocations=29 (full 0):
 garbage-first heap   total 113664K, used 99228K [0x0000000084400000, 0x0000000100000000)
  region size 1024K, 47 young (48128K), 7 survivors (7168K)
 Metaspace       used 89206K, committed 89856K, reserved 1179648K
  class space    used 11928K, committed 12224K, reserved 1048576K
}
Event: 21.888 GC heap after
{Heap after GC invocations=30 (full 0):
 garbage-first heap   total 120832K, used 71680K [0x0000000084400000, 0x0000000100000000)
  region size 1024K, 6 young (6144K), 6 survivors (6144K)
 Metaspace       used 89206K, committed 89856K, reserved 1179648K
  class space    used 11928K, committed 12224K, reserved 1048576K
}
Event: 22.339 GC heap before
{Heap before GC invocations=30 (full 0):
 garbage-first heap   total 120832K, used 100352K [0x0000000084400000, 0x0000000100000000)
  region size 1024K, 35 young (35840K), 6 survivors (6144K)
 Metaspace       used 93242K, committed 94016K, reserved 1179648K
  class space    used 12377K, committed 12736K, reserved 1048576K
}

Dll operation events (11 events):
Event: 0.025 Loaded shared library C:\Program Files\Eclipse Adoptium\jdk-21.0.5.11-hotspot\bin\java.dll
Event: 0.080 Loaded shared library C:\Program Files\Eclipse Adoptium\jdk-21.0.5.11-hotspot\bin\jsvml.dll
Event: 0.965 Loaded shared library C:\Program Files\Eclipse Adoptium\jdk-21.0.5.11-hotspot\bin\net.dll
Event: 0.973 Loaded shared library C:\Program Files\Eclipse Adoptium\jdk-21.0.5.11-hotspot\bin\nio.dll
Event: 0.982 Loaded shared library C:\Program Files\Eclipse Adoptium\jdk-21.0.5.11-hotspot\bin\zip.dll
Event: 1.484 Loaded shared library C:\Program Files\Eclipse Adoptium\jdk-21.0.5.11-hotspot\bin\jimage.dll
Event: 3.660 Loaded shared library C:\Program Files\Eclipse Adoptium\jdk-21.0.5.11-hotspot\bin\sunmscapi.dll
Event: 14.091 Loaded shared library C:\Program Files\Eclipse Adoptium\jdk-21.0.5.11-hotspot\bin\management.dll
Event: 14.099 Loaded shared library C:\Program Files\Eclipse Adoptium\jdk-21.0.5.11-hotspot\bin\management_ext.dll
Event: 15.669 Loaded shared library C:\Program Files\Eclipse Adoptium\jdk-21.0.5.11-hotspot\bin\verify.dll
Event: 16.169 Loaded shared library C:\Program Files\Eclipse Adoptium\jdk-21.0.5.11-hotspot\bin\extnet.dll

Deoptimization events (20 events):
Event: 22.170 Thread 0x000001b7eeebca70 Uncommon trap: trap_request=0xffffffc6 fr.pc=0x000001b787f66830 relative=0x0000000000000450
Event: 22.170 Thread 0x000001b7eeebca70 Uncommon trap: reason=bimorphic_or_optimized_type_check action=maybe_recompile pc=0x000001b787f66830 method=java.util.Collections$SynchronizedMap.get(Ljava/lang/Object;)Ljava/lang/Object; @ 12 c2
Event: 22.170 Thread 0x000001b7eeebca70 DEOPT PACKING pc=0x000001b787f66830 sp=0x0000009fb79f98d0
Event: 22.170 Thread 0x000001b7eeebca70 DEOPT UNPACKING pc=0x000001b787587da2 sp=0x0000009fb79f9888 mode 2
Event: 22.170 Thread 0x000001b7eeebca70 Uncommon trap: trap_request=0xffffffc6 fr.pc=0x000001b787f66830 relative=0x0000000000000450
Event: 22.170 Thread 0x000001b7eeebca70 Uncommon trap: reason=bimorphic_or_optimized_type_check action=maybe_recompile pc=0x000001b787f66830 method=java.util.Collections$SynchronizedMap.get(Ljava/lang/Object;)Ljava/lang/Object; @ 12 c2
Event: 22.170 Thread 0x000001b7eeebca70 DEOPT PACKING pc=0x000001b787f66830 sp=0x0000009fb79f98d0
Event: 22.170 Thread 0x000001b7eeebca70 DEOPT UNPACKING pc=0x000001b787587da2 sp=0x0000009fb79f9888 mode 2
Event: 22.210 Thread 0x000001b7eeebca70 Uncommon trap: trap_request=0xffffffde fr.pc=0x000001b787cba4ec relative=0x000000000000074c
Event: 22.210 Thread 0x000001b7eeebca70 Uncommon trap: reason=class_check action=maybe_recompile pc=0x000001b787cba4ec method=java.util.zip.InflaterInputStream.read([BII)I @ 78 c2
Event: 22.210 Thread 0x000001b7eeebca70 DEOPT PACKING pc=0x000001b787cba4ec sp=0x0000009fb79f96d0
Event: 22.210 Thread 0x000001b7eeebca70 DEOPT UNPACKING pc=0x000001b787587da2 sp=0x0000009fb79f96c0 mode 2
Event: 22.210 Thread 0x000001b7eeebca70 Uncommon trap: trap_request=0xffffffde fr.pc=0x000001b787cba4ec relative=0x000000000000074c
Event: 22.210 Thread 0x000001b7eeebca70 Uncommon trap: reason=class_check action=maybe_recompile pc=0x000001b787cba4ec method=java.util.zip.InflaterInputStream.read([BII)I @ 78 c2
Event: 22.210 Thread 0x000001b7eeebca70 DEOPT PACKING pc=0x000001b787cba4ec sp=0x0000009fb79f9540
Event: 22.210 Thread 0x000001b7eeebca70 DEOPT UNPACKING pc=0x000001b787587da2 sp=0x0000009fb79f9530 mode 2
Event: 22.216 Thread 0x000001b7eeebca70 Uncommon trap: trap_request=0xffffff45 fr.pc=0x000001b787b030c0 relative=0x00000000000006a0
Event: 22.216 Thread 0x000001b7eeebca70 Uncommon trap: reason=unstable_if action=reinterpret pc=0x000001b787b030c0 method=sun.nio.fs.WindowsNativeDispatcher.asNativeBuffer(Ljava/lang/String;)Lsun/nio/fs/NativeBuffer; @ 52 c2
Event: 22.216 Thread 0x000001b7eeebca70 DEOPT PACKING pc=0x000001b787b030c0 sp=0x0000009fb79f9110
Event: 22.216 Thread 0x000001b7eeebca70 DEOPT UNPACKING pc=0x000001b787587da2 sp=0x0000009fb79f90d8 mode 2

Classes loaded (20 events):
Event: 22.209 Loading class java/util/jar/JarInputStream
Event: 22.209 Loading class java/util/zip/ZipInputStream
Event: 22.210 Loading class java/util/zip/ZipInputStream done
Event: 22.210 Loading class java/util/jar/JarInputStream done
Event: 22.210 Loading class sun/security/util/ManifestEntryVerifier
Event: 22.210 Loading class sun/security/util/ManifestEntryVerifier done
Event: 22.222 Loading class java/io/BufferedReader$1
Event: 22.222 Loading class java/io/BufferedReader$1 done
Event: 22.223 Loading class java/util/stream/ReferencePipeline$4
Event: 22.223 Loading class java/util/stream/ReferencePipeline$4 done
Event: 22.223 Loading class java/util/function/IntBinaryOperator
Event: 22.223 Loading class java/util/function/IntBinaryOperator done
Event: 22.223 Loading class java/util/stream/ReduceOps$7
Event: 22.224 Loading class java/util/stream/ReduceOps$7 done
Event: 22.224 Loading class java/util/stream/ReduceOps$6ReducingSink
Event: 22.224 Loading class java/util/stream/ReduceOps$6ReducingSink done
Event: 22.224 Loading class java/util/stream/ReferencePipeline$4$1
Event: 22.224 Loading class java/util/stream/ReferencePipeline$4$1 done
Event: 22.224 Loading class java/util/function/IntSupplier
Event: 22.224 Loading class java/util/function/IntSupplier done

Classes unloaded (0 events):
No events

Classes redefined (0 events):
No events

Internal exceptions (20 events):
Event: 18.739 Thread 0x000001b7eeebca70 Exception <a 'java/lang/IncompatibleClassChangeError'{0x00000000874c9380}: Found class java.lang.Object, but interface was expected> (0x00000000874c9380) 
thrown [s\src\hotspot\share\interpreter\linkResolver.cpp, line 840]
Event: 18.784 Thread 0x000001b7eeebca70 Exception <a 'java/lang/IncompatibleClassChangeError'{0x000000008bf9b3d0}: Found class java.lang.Object, but interface was expected> (0x000000008bf9b3d0) 
thrown [s\src\hotspot\share\interpreter\linkResolver.cpp, line 840]
Event: 18.798 Thread 0x000001b7eeebca70 Exception <a 'java/lang/NoSuchMethodError'{0x000000008ac1db68}: 'java.lang.Object java.lang.invoke.DirectMethodHandle$Holder.newInvokeSpecial(java.lang.Object, java.lang.Object, int, java.lang.Object, int, java.lang.Object, java.lang.Object)'> (0x000000008ac1db68) 
thrown [s\src\hotspot\share\interpreter\linkResolver.cpp, line 773]
Event: 18.804 Thread 0x000001b7eeebca70 Exception <a 'java/lang/NoSuchMethodError'{0x000000008ac69878}: 'java.lang.Object java.lang.invoke.DirectMethodHandle$Holder.newInvokeSpecial(java.lang.Object, java.lang.Object, java.lang.Object, java.lang.Object, java.lang.Object, java.lang.Object, java.lang.Object, int)'> (0x000000008ac69878) 
thrown [s\src\hotspot\share\interpreter\linkResolver.cpp, line 773]
Event: 18.804 Thread 0x000001b7eeebca70 Exception <a 'java/lang/NoSuchMethodError'{0x000000008ac6e5e0}: 'java.lang.Object java.lang.invoke.DirectMethodHandle$Holder.invokeSpecial(java.lang.Object, java.lang.Object, java.lang.Object, java.lang.Object, java.lang.Object, java.lang.Object, java.lang.Object, java.lang.Object, int)'> (0x000000008ac6e5e0) 
thrown [s\src\hotspot\share\interpreter\linkResolver.cpp, line 773]
Event: 18.804 Thread 0x000001b7eeebca70 Exception <a 'java/lang/NoSuchMethodError'{0x000000008ac72dd0}: 'java.lang.Object java.lang.invoke.Invokers$Holder.linkToTargetMethod(java.lang.Object, java.lang.Object, java.lang.Object, java.lang.Object, java.lang.Object, java.lang.Object, int, java.lang.Object)'> (0x000000008ac72dd0) 
thrown [s\src\hotspot\share\interpreter\linkResolver.cpp, line 773]
Event: 18.875 Thread 0x000001b7eeebca70 Exception <a 'java/lang/NoSuchMethodError'{0x000000008aaf2f58}: 'void java.lang.invoke.DirectMethodHandle$Holder.invokeInterface(java.lang.Object, java.lang.Object)'> (0x000000008aaf2f58) 
thrown [s\src\hotspot\share\interpreter\linkResolver.cpp, line 773]
Event: 19.199 Thread 0x000001b7eeebca70 Exception <a 'java/lang/NoSuchMethodError'{0x00000000892dbd70}: 'java.lang.Object java.lang.invoke.DirectMethodHandle$Holder.invokeSpecial(java.lang.Object, java.lang.Object, int, java.lang.Object, int)'> (0x00000000892dbd70) 
thrown [s\src\hotspot\share\interpreter\linkResolver.cpp, line 773]
Event: 19.512 Thread 0x000001b7eeebca70 Implicit null exception at 0x000001b787fa39a6 to 0x000001b787fa542c
Event: 19.518 Thread 0x000001b7eeebca70 Exception <a 'java/lang/IncompatibleClassChangeError'{0x00000000887b74a8}: Found class java.lang.Object, but interface was expected> (0x00000000887b74a8) 
thrown [s\src\hotspot\share\interpreter\linkResolver.cpp, line 840]
Event: 19.552 Thread 0x000001b7eeebca70 Implicit null exception at 0x000001b787cfc777 to 0x000001b787cfc9e0
Event: 19.576 Thread 0x000001b7eeebca70 Exception <a 'java/lang/IncompatibleClassChangeError'{0x00000000884845c0}: Found class java.lang.Object, but interface was expected> (0x00000000884845c0) 
thrown [s\src\hotspot\share\interpreter\linkResolver.cpp, line 840]
Event: 19.778 Thread 0x000001b7eeebca70 Exception <a 'java/lang/IncompatibleClassChangeError'{0x0000000087cc5378}: Found class java.lang.Object, but interface was expected> (0x0000000087cc5378) 
thrown [s\src\hotspot\share\interpreter\linkResolver.cpp, line 840]
Event: 19.885 Thread 0x000001b7eeebca70 Exception <a 'java/lang/IncompatibleClassChangeError'{0x000000008780cce8}: Found class java.lang.Object, but interface was expected> (0x000000008780cce8) 
thrown [s\src\hotspot\share\interpreter\linkResolver.cpp, line 840]
Event: 21.925 Thread 0x000001b7eeebca70 Exception <a 'java/lang/NoSuchMethodError'{0x000000008a855d10}: 'void java.lang.invoke.Invokers$Holder.invokeExact_MT(java.lang.Object, java.lang.Object, java.lang.Object, java.lang.Object)'> (0x000000008a855d10) 
thrown [s\src\hotspot\share\interpreter\linkResolver.cpp, line 773]
Event: 21.937 Thread 0x000001b7eeebca70 Exception <a 'java/lang/NoSuchMethodError'{0x000000008a8ca800}: 'long java.lang.invoke.DelegatingMethodHandle$Holder.reinvoke_L(java.lang.Object, java.lang.Object)'> (0x000000008a8ca800) 
thrown [s\src\hotspot\share\interpreter\linkResolver.cpp, line 773]
Event: 21.938 Thread 0x000001b7eeebca70 Exception <a 'java/lang/NoSuchMethodError'{0x000000008a8d4a40}: 'void java.lang.invoke.DelegatingMethodHandle$Holder.reinvoke_L(java.lang.Object, java.lang.Object, long)'> (0x000000008a8d4a40) 
thrown [s\src\hotspot\share\interpreter\linkResolver.cpp, line 773]
Event: 21.972 Thread 0x000001b7eeebca70 Exception <a 'java/lang/NoSuchMethodError'{0x000000008a5e6768}: 'void java.lang.invoke.Invokers$Holder.invokeExact_MT(java.lang.Object, java.lang.Object, int, java.lang.Object)'> (0x000000008a5e6768) 
thrown [s\src\hotspot\share\interpreter\linkResolver.cpp, line 773]
Event: 22.060 Thread 0x000001b7eeebca70 Exception <a 'sun/nio/fs/WindowsException'{0x000000008a251aa8}> (0x000000008a251aa8) 
thrown [s\src\hotspot\share\prims\jni.cpp, line 520]
Event: 22.206 Thread 0x000001b7eeebca70 Exception <a 'java/lang/NoSuchMethodError'{0x0000000089962370}: 'java.lang.Object java.lang.invoke.DirectMethodHandle$Holder.invokeSpecialIFC(java.lang.Object, java.lang.Object)'> (0x0000000089962370) 
thrown [s\src\hotspot\share\interpreter\linkResolver.cpp, line 773]

ZGC Phase Switch (0 events):
No events

VM Operations (20 events):
Event: 21.528 Executing VM operation: G1CollectForAllocation (G1 Evacuation Pause) done
Event: 21.614 Executing VM operation: G1CollectForAllocation (G1 Evacuation Pause)
Event: 21.621 Executing VM operation: G1CollectForAllocation (G1 Evacuation Pause) done
Event: 21.691 Executing VM operation: G1CollectForAllocation (G1 Evacuation Pause)
Event: 21.700 Executing VM operation: G1CollectForAllocation (G1 Evacuation Pause) done
Event: 21.739 Executing VM operation: G1PauseRemark
Event: 21.745 Executing VM operation: G1PauseRemark done
Event: 21.759 Executing VM operation: G1PauseCleanup
Event: 21.759 Executing VM operation: G1PauseCleanup done
Event: 21.775 Executing VM operation: G1CollectForAllocation (G1 Evacuation Pause)
Event: 21.786 Executing VM operation: G1CollectForAllocation (G1 Evacuation Pause) done
Event: 21.864 Executing VM operation: G1CollectForAllocation (G1 Evacuation Pause)
Event: 21.888 Executing VM operation: G1CollectForAllocation (G1 Evacuation Pause) done
Event: 22.062 Executing VM operation: HandshakeAllThreads (Deoptimize)
Event: 22.062 Executing VM operation: HandshakeAllThreads (Deoptimize) done
Event: 22.071 Executing VM operation: HandshakeAllThreads (Deoptimize)
Event: 22.071 Executing VM operation: HandshakeAllThreads (Deoptimize) done
Event: 22.120 Executing VM operation: HandshakeAllThreads (Deoptimize)
Event: 22.120 Executing VM operation: HandshakeAllThreads (Deoptimize) done
Event: 22.339 Executing VM operation: G1CollectForAllocation (G1 Evacuation Pause)

Memory protections (0 events):
No events

Nmethod flushes (20 events):
Event: 21.744 Thread 0x000001b7fc34a4a0 flushing  nmethod 0x000001b78044c110
Event: 21.744 Thread 0x000001b7fc34a4a0 flushing  nmethod 0x000001b7804e7510
Event: 21.744 Thread 0x000001b7fc34a4a0 flushing  nmethod 0x000001b7804ff210
Event: 21.744 Thread 0x000001b7fc34a4a0 flushing  nmethod 0x000001b780588c10
Event: 21.744 Thread 0x000001b7fc34a4a0 flushing  nmethod 0x000001b7805f2210
Event: 21.744 Thread 0x000001b7fc34a4a0 flushing  nmethod 0x000001b7805f4d90
Event: 21.744 Thread 0x000001b7fc34a4a0 flushing  nmethod 0x000001b7806a8a90
Event: 21.744 Thread 0x000001b7fc34a4a0 flushing  nmethod 0x000001b78078a690
Event: 21.744 Thread 0x000001b7fc34a4a0 flushing  nmethod 0x000001b7807e9890
Event: 21.744 Thread 0x000001b7fc34a4a0 flushing  nmethod 0x000001b78082b690
Event: 21.744 Thread 0x000001b7fc34a4a0 flushing  nmethod 0x000001b780971510
Event: 21.744 Thread 0x000001b7fc34a4a0 flushing  nmethod 0x000001b7809b8e90
Event: 21.744 Thread 0x000001b7fc34a4a0 flushing  nmethod 0x000001b780ab8390
Event: 21.744 Thread 0x000001b7fc34a4a0 flushing  nmethod 0x000001b780ba3910
Event: 21.744 Thread 0x000001b7fc34a4a0 flushing  nmethod 0x000001b780bf4510
Event: 21.744 Thread 0x000001b7fc34a4a0 flushing  nmethod 0x000001b780c5bc90
Event: 21.744 Thread 0x000001b7fc34a4a0 flushing  nmethod 0x000001b780ca4e10
Event: 21.744 Thread 0x000001b7fc34a4a0 flushing  nmethod 0x000001b780cbdf90
Event: 21.744 Thread 0x000001b7fc34a4a0 flushing  nmethod 0x000001b7810d0c90
Event: 21.744 Thread 0x000001b7fc34a4a0 flushing  nmethod 0x000001b7810d1d10

Events (20 events):
Event: 9.944 Thread 0x000001b7fcabcb90 Thread exited: 0x000001b7fcabcb90
Event: 10.267 Thread 0x000001b7fc362fe0 Thread added: 0x000001b7d42b3230
Event: 11.000 Thread 0x000001b7d42b3230 Thread exited: 0x000001b7d42b3230
Event: 11.058 Thread 0x000001b7fc362fe0 Thread added: 0x000001b7d42b3230
Event: 14.682 Thread 0x000001b7eeebca70 Thread added: 0x000001b7d47e7c80
Event: 16.203 Thread 0x000001b7d42b3230 Thread exited: 0x000001b7d42b3230
Event: 16.316 Thread 0x000001b7eeebca70 Thread added: 0x000001b7d62b7970
Event: 16.425 Thread 0x000001b7d62b7970 Thread added: 0x000001b7feccc030
Event: 16.426 Thread 0x000001b7fc362fe0 Thread added: 0x000001b7d42b3230
Event: 17.848 Thread 0x000001b7d42b3230 Thread exited: 0x000001b7d42b3230
Event: 18.159 Thread 0x000001b7fc362fe0 Thread added: 0x000001b7d451b2d0
Event: 19.063 Thread 0x000001b7d451b2d0 Thread exited: 0x000001b7d451b2d0
Event: 19.199 Thread 0x000001b7fc362fe0 Thread added: 0x000001b7d591dca0
Event: 20.164 Thread 0x000001b7d591dca0 Thread exited: 0x000001b7d591dca0
Event: 20.249 Thread 0x000001b7fc362fe0 Thread added: 0x000001b7fe48b310
Event: 21.276 Thread 0x000001b7fe48b310 Thread exited: 0x000001b7fe48b310
Event: 21.285 Thread 0x000001b7fca82f90 Thread added: 0x000001b7fe48b310
Event: 21.746 Thread 0x000001b7fe48b310 Thread exited: 0x000001b7fe48b310
Event: 21.859 Thread 0x000001b7feccc030 Thread exited: 0x000001b7feccc030
Event: 21.859 Thread 0x000001b7fc362fe0 Thread added: 0x000001b7feccc030


Dynamic libraries:
0x00007ff75e720000 - 0x00007ff75e72e000 	C:\Program Files\Eclipse Adoptium\jdk-21.0.5.11-hotspot\bin\java.exe
0x00007ffec2290000 - 0x00007ffec24a7000 	C:\WINDOWS\SYSTEM32\ntdll.dll
0x00007ffec11c0000 - 0x00007ffec1284000 	C:\WINDOWS\System32\KERNEL32.DLL
0x00007ffebf9f0000 - 0x00007ffebfdc3000 	C:\WINDOWS\System32\KERNELBASE.dll
0x00007ffebf790000 - 0x00007ffebf8a1000 	C:\WINDOWS\System32\ucrtbase.dll
0x00007ffe7b760000 - 0x00007ffe7b778000 	C:\Program Files\Eclipse Adoptium\jdk-21.0.5.11-hotspot\bin\jli.dll
0x00007ffec0d80000 - 0x00007ffec0f31000 	C:\WINDOWS\System32\USER32.dll
0x00007ffebf620000 - 0x00007ffebf646000 	C:\WINDOWS\System32\win32u.dll
0x00007ffec13b0000 - 0x00007ffec13d9000 	C:\WINDOWS\System32\GDI32.dll
0x00007ffebf380000 - 0x00007ffebf4a2000 	C:\WINDOWS\System32\gdi32full.dll
0x00007ffea52a0000 - 0x00007ffea553b000 	C:\WINDOWS\WinSxS\amd64_microsoft.windows.common-controls_6595b64144ccf1df_6.0.22621.5262_none_2712bde373830908\COMCTL32.dll
0x00007ffe6f2c0000 - 0x00007ffe6f2de000 	C:\Program Files\Eclipse Adoptium\jdk-21.0.5.11-hotspot\bin\VCRUNTIME140.dll
0x00007ffec0a70000 - 0x00007ffec0b17000 	C:\WINDOWS\System32\msvcrt.dll
0x00007ffebfe00000 - 0x00007ffebfe9a000 	C:\WINDOWS\System32\msvcp_win.dll
0x00007ffec1590000 - 0x00007ffec15c1000 	C:\WINDOWS\System32\IMM32.DLL
0x00007ffe7d010000 - 0x00007ffe7d01c000 	C:\Program Files\Eclipse Adoptium\jdk-21.0.5.11-hotspot\bin\vcruntime140_1.dll
0x00007ffe38f50000 - 0x00007ffe38fdd000 	C:\Program Files\Eclipse Adoptium\jdk-21.0.5.11-hotspot\bin\msvcp140.dll
0x00007ffde16a0000 - 0x00007ffde242f000 	C:\Program Files\Eclipse Adoptium\jdk-21.0.5.11-hotspot\bin\server\jvm.dll
0x00007ffec1040000 - 0x00007ffec10f1000 	C:\WINDOWS\System32\ADVAPI32.dll
0x00007ffec1110000 - 0x00007ffec11b7000 	C:\WINDOWS\System32\sechost.dll
0x00007ffebfdd0000 - 0x00007ffebfdf8000 	C:\WINDOWS\System32\bcrypt.dll
0x00007ffec1290000 - 0x00007ffec13a4000 	C:\WINDOWS\System32\RPCRT4.dll
0x00007ffec09f0000 - 0x00007ffec0a61000 	C:\WINDOWS\System32\WS2_32.dll
0x00007ffeb6250000 - 0x00007ffeb6284000 	C:\WINDOWS\SYSTEM32\WINMM.dll
0x00007ffebec00000 - 0x00007ffebec4d000 	C:\WINDOWS\SYSTEM32\POWRPROF.dll
0x00007ffead670000 - 0x00007ffead67a000 	C:\WINDOWS\SYSTEM32\VERSION.dll
0x00007ffebebe0000 - 0x00007ffebebf3000 	C:\WINDOWS\SYSTEM32\UMPDC.dll
0x00007ffebe390000 - 0x00007ffebe3a8000 	C:\WINDOWS\SYSTEM32\kernel.appcore.dll
0x00007ffe71560000 - 0x00007ffe7156a000 	C:\Program Files\Eclipse Adoptium\jdk-21.0.5.11-hotspot\bin\jimage.dll
0x00007ffebc8f0000 - 0x00007ffebcb22000 	C:\WINDOWS\SYSTEM32\DBGHELP.DLL
0x00007ffec1d50000 - 0x00007ffec20e3000 	C:\WINDOWS\System32\combase.dll
0x00007ffec0f60000 - 0x00007ffec1037000 	C:\WINDOWS\System32\OLEAUT32.dll
0x00007ffea2540000 - 0x00007ffea2572000 	C:\WINDOWS\SYSTEM32\dbgcore.DLL
0x00007ffebfea0000 - 0x00007ffebff1b000 	C:\WINDOWS\System32\bcryptPrimitives.dll
0x00007ffe67a80000 - 0x00007ffe67a9f000 	C:\Program Files\Eclipse Adoptium\jdk-21.0.5.11-hotspot\bin\java.dll
0x00007ffec00e0000 - 0x00007ffec097d000 	C:\WINDOWS\System32\SHELL32.dll
0x00007ffebf650000 - 0x00007ffebf78f000 	C:\WINDOWS\System32\wintypes.dll
0x00007ffebd270000 - 0x00007ffebdb8d000 	C:\WINDOWS\SYSTEM32\windows.storage.dll
0x00007ffebffd0000 - 0x00007ffec00db000 	C:\WINDOWS\System32\SHCORE.dll
0x00007ffec0d10000 - 0x00007ffec0d76000 	C:\WINDOWS\System32\shlwapi.dll
0x00007ffebf2b0000 - 0x00007ffebf2db000 	C:\WINDOWS\SYSTEM32\profapi.dll
0x00007ffe38e70000 - 0x00007ffe38f47000 	C:\Program Files\Eclipse Adoptium\jdk-21.0.5.11-hotspot\bin\jsvml.dll
0x00007ffe684d0000 - 0x00007ffe684e0000 	C:\Program Files\Eclipse Adoptium\jdk-21.0.5.11-hotspot\bin\net.dll
0x00007ffebaf30000 - 0x00007ffebb05c000 	C:\WINDOWS\SYSTEM32\WINHTTP.dll
0x00007ffebe880000 - 0x00007ffebe8ea000 	C:\WINDOWS\system32\mswsock.dll
0x00007ffe67a40000 - 0x00007ffe67a56000 	C:\Program Files\Eclipse Adoptium\jdk-21.0.5.11-hotspot\bin\nio.dll
0x00007ffe67a60000 - 0x00007ffe67a78000 	C:\Program Files\Eclipse Adoptium\jdk-21.0.5.11-hotspot\bin\zip.dll
0x00007ffe67ff0000 - 0x00007ffe67ffe000 	C:\Program Files\Eclipse Adoptium\jdk-21.0.5.11-hotspot\bin\sunmscapi.dll
0x00007ffebf4b0000 - 0x00007ffebf617000 	C:\WINDOWS\System32\CRYPT32.dll
0x00007ffebed40000 - 0x00007ffebed6d000 	C:\WINDOWS\SYSTEM32\ncrypt.dll
0x00007ffebed00000 - 0x00007ffebed37000 	C:\WINDOWS\SYSTEM32\NTASN1.dll
0x00007ffebeb00000 - 0x00007ffebeb1b000 	C:\WINDOWS\SYSTEM32\CRYPTSP.dll
0x00007ffebe2f0000 - 0x00007ffebe327000 	C:\WINDOWS\system32\rsaenh.dll
0x00007ffebe980000 - 0x00007ffebe9a8000 	C:\WINDOWS\SYSTEM32\USERENV.dll
0x00007ffebeb20000 - 0x00007ffebeb2c000 	C:\WINDOWS\SYSTEM32\CRYPTBASE.dll
0x00007ffebdde0000 - 0x00007ffebde0d000 	C:\WINDOWS\SYSTEM32\IPHLPAPI.DLL
0x00007ffec0b20000 - 0x00007ffec0b29000 	C:\WINDOWS\System32\NSI.dll
0x00007ffe7d030000 - 0x00007ffe7d03a000 	C:\Program Files\Eclipse Adoptium\jdk-21.0.5.11-hotspot\bin\management.dll
0x00007ffe7d020000 - 0x00007ffe7d02b000 	C:\Program Files\Eclipse Adoptium\jdk-21.0.5.11-hotspot\bin\management_ext.dll
0x00007ffec0b30000 - 0x00007ffec0b38000 	C:\WINDOWS\System32\PSAPI.DLL
0x00007ffe68160000 - 0x00007ffe68170000 	C:\Program Files\Eclipse Adoptium\jdk-21.0.5.11-hotspot\bin\verify.dll
0x00007ffebde10000 - 0x00007ffebdf08000 	C:\WINDOWS\SYSTEM32\DNSAPI.dll
0x00007ffeb4b90000 - 0x00007ffeb4b9a000 	C:\Windows\System32\rasadhlp.dll
0x00007ffeb4c70000 - 0x00007ffeb4cf3000 	C:\WINDOWS\System32\fwpuclnt.dll
0x00007ffe7b7e0000 - 0x00007ffe7b7e9000 	C:\Program Files\Eclipse Adoptium\jdk-21.0.5.11-hotspot\bin\extnet.dll

dbghelp: loaded successfully - version: 4.0.5 - missing functions: none
symbol engine: initialized successfully - sym options: 0x614 - pdb path: .;C:\Program Files\Eclipse Adoptium\jdk-21.0.5.11-hotspot\bin;C:\WINDOWS\SYSTEM32;C:\WINDOWS\WinSxS\amd64_microsoft.windows.common-controls_6595b64144ccf1df_6.0.22621.5262_none_2712bde373830908;C:\Program Files\Eclipse Adoptium\jdk-21.0.5.11-hotspot\bin\server

VM Arguments:
jvm_args: -Dfile.encoding=UTF-8 -Duser.country -Duser.language=en -Duser.variant 
java_command: com.malnutrition.backend.HealthSchoolApplication
java_class_path (initial): C:\LionBootCamp\workspace\health-school\backend\build\classes\java\main;C:\LionBootCamp\workspace\health-school\backend\build\resources\main;C:\Users\taeyu\.gradle\caches\modules-2\files-2.1\software.amazon.awssdk\url-connection-client\2.25.20\da9f4e86ac1647418ba2d87818a1117b7ecec50e\url-connection-client-2.25.20.jar;C:\Users\taeyu\.gradle\caches\modules-2\files-2.1\org.springframework.boot\spring-boot-starter-webflux\3.4.5\3c0a9f48c1a3db4b5b40e9b83e9620570ae3d5cc\spring-boot-starter-webflux-3.4.5.jar;C:\Users\taeyu\.gradle\caches\modules-2\files-2.1\net.nurigo\sdk\4.3.0\f952928b09906dd7746ea99677421a40f46cb2e2\sdk-4.3.0.jar;C:\Users\taeyu\.gradle\caches\modules-2\files-2.1\software.amazon.awssdk\s3\2.25.20\f1dfb51bf9201b0d1adf2e37436ad9b1baffd07a\s3-2.25.20.jar;C:\Users\taeyu\.gradle\caches\modules-2\files-2.1\org.springframework.boot\spring-boot-starter-data-jpa\3.4.5\c6ef06dfef1b02f3e3f82d67118d3944672e7d49\spring-boot-starter-data-jpa-3.4.5.jar;C:\Users\taeyu\.gradle\caches\modules-2\files-2.1\org.springframework.boot\spring-boot-starter-websocket\3.4.5\4fee57e9706bd5ec76b7a189f47dff48f0ad0f33\spring-boot-starter-websocket-3.4.5.jar;C:\Users\taeyu\.gradle\caches\modules-2\files-2.1\org.springframework.boot\spring-boot-starter-web\3.4.5\54cb03e8615f0c10cd44b5b7d155af3d0be7d66a\spring-boot-starter-web-3.4.5.jar;C:\Users\taeyu\.gradle\caches\modules-2\files-2.1\org.springframework.boot\spring-boot-starter-mail\3.4.5\138b5da53648f9bbd80440d25753115ab6bcf5c4\spring-boot-starter-mail-3.4.5.jar;C:\Users\taeyu\.gradle\caches\modules-2\files-2.1\org.springframework.boot\spring-boot-starter-data-redis\3.4.5\62116f822da7b6bd16ddcb26bc21cc40482ccd47\spring-boot-starter-data-redis-3.4.5.jar;C:\Users\taeyu\.gradle\caches\modules-2\files-2.1\org.springframework.data\spring-data-redis\3.4.5\937b09e58acd3790a01d06f46280f81d34ab4160\spring-data-redis-3.4.5.jar;C:\Users\taeyu\.gradle\caches\modules-2\files-2.1\io.jsonwebtoken\jjwt-impl\0.12.6\ac23673a84b6089e0369fb8ab2c69edd91cd6eb0\jjwt-impl-0.12.6.jar;C:\Users\taeyu\.gradle\caches\modules-2\files-2.1\io.jsonwebtoken\jjwt-jackson\0.12.6\f141e0c1136ba17f2632858238a31ae05642dbf8\jjwt-jackson-0.12.6.jar;C:\Users\taeyu\.gradle\caches\modules-2\files-2.1\io.jsonwebtoken\jjwt-api\0.12.6\478886a888f6add04937baf0361144504a024967\jjwt-api-0.12.6.jar;C:\Users\taeyu\.gradle\caches\modules-2\files-2.1\org.springframework.boot\spring-boot-starter-security\3.4.5\1893f9d40f28cc47a87a3478b02e1e45650bfe43\spring-boot-starter-security-3.4.5.jar;C:\Users\taeyu\.gradle\caches\modules-2\files-2.1\org.springframework.boot\spring-boot-starter-actuator\3.4.5\321436555190f2a7d3e630ca68fa57197f33616e\spring-boot-starter-actuator-3.4.5.jar;C:\Users\taeyu\.gradle\caches\modules-2\files-2.1\org.springframework.boot\spring-boot-starter-validation\3.4.5\ac75735317fbb71d00829559d1a0a21978989f0\spring-boot-starter-validation-3.4.5.jar;C:\Users\taeyu\.gradle\caches\modules-2\files-2.1\org.springframework.boot\spring-boot-starter-oauth2-client\3.4.5\694947a954ed9f25873f5f391cb91a30bb933522\spring-boot-starter-oauth2-client-3.4.5.jar;C:\Users\taeyu\.gradle\caches\modules-2\files-2.1\org.springdoc\springdoc-openapi-starter-webmvc-ui\2.8.5\3cb90c2405edb9b0a841b8be06dff85810f6669\springdoc-openapi-starter-webmvc-ui-2.8.5.jar;C:\Users\taeyu\.gradle\caches\modules-2\files-2.1\org.webjars\webjars-locator-core\0.59\a25e04cb0437d88eb177af1dface14edcd0cd767\webjars-locator-core-0.59.jar;C:\Users\taeyu\.gradle\caches\modules-2\files-2.1\org.webjars\sockjs-client\1.5.1\69151ceb2e4ada6f6cbc002c255d1158fe581b52\sockjs-client-1.5.1.jar;C:\Users\taeyu\.gradle\caches\modules-2\files-2.1\org.webjars\stomp-websocket\2.3.3\3ac153b386f7945bc756709df3d171105e8fd2d5\stomp-websocket-2.3.3.jar;C:\Users\taeyu\.gradle\caches\modules-2\files-2.1\com.mysql\mysql-connector-j\9.1.0\5fb1d513278e1a9767dfa80ea9d8d7ee909f1a\mysql-connector-j-9.1.0.jar;C:\Users\taeyu\.gradle\caches\modules-2\files-2.1\software.amazon.awssdk\aws-xml-protocol\2.25.20\3f4b9bd80603bef190da6279cad7ff57aab05b38\aws-xml-protocol-2.25.20.jar;C:\Users\taeyu\.gradle\caches\modules-2\files-2.1\software.amazon.awssdk\aws-query-protocol\2.25.20\144be4aef6160b2d8d9de0c1d96c2b65b7d7e0d3\aws-query-protocol-2.25.20.jar;C:\Users\taeyu\.gradle\caches\modules-2\files-2.1\software.amazon.awssdk\protocol-core\2.25.20\b924323f06d5a7470c72213abc5e08adb6736763\protocol-core-2.25.20.jar;C:\Users\taeyu\.gradle\caches\modules-2\files-2.1\software.amazon.awssdk\aws-core\2.25.20\c6ffa6a2be72320cc413afa1b0686d408ec242c0\aws-core-2.25.20.jar;C:\Users\taeyu\.gradle\caches\modules-2\files-2.1\software.amazon.awssdk\auth\2.25.20\b6ada35810e9282e7defc229cd176df628127757\auth-2.25.20.jar;C:\Users\taeyu\.gradle\caches\modules-2\files-2.1\software.amazon.awssdk\http-auth\2.25.20\8893a0d6a878e703c0abf7587c771c5bbbe74488\http-auth-2.25.20.jar;C:\Users\taeyu\.gradle\caches\modules-2\files-2.1\software.amazon.awssdk\regions\2.25.20\bca9706633b24ce855d527e684031d4cbab2c002\regions-2.25.20.jar;C:\Users\taeyu\.gradle\caches\modules-2\files-2.1\software.amazon.awssdk\sdk-core\2.25.20\45fde5d9e7d672eb0be86c2ec034bceae1dc6869\sdk-core-2.25.20.jar;C:\Users\taeyu\.gradle\caches\modules-2\files-2.1\software.amazon.awssdk\http-auth-aws\2.25.20\ad97267832d45647c10c0c5dee75cf269990d349\http-auth-aws-2.25.20.jar;C:\Users\taeyu\.gradle\caches\modules-2\files-2.1\software.amazon.awssdk\http-auth-spi\2.25.20\8b375bd143c168c1c7e227c10528dd776c5e180b\http-auth-spi-2.25.20.jar;C:\Users\taeyu\.gradle\caches\modules-2\files-2.1\software.amazon.awssdk\apache-client\2.25.20\ca0189eb38b99ca72a26d0cb7a400832ff48b37a\apache-client-2.25.20.jar;C:\Users\taeyu\.gradle\caches\modules-2\files-2.1\software.amazon.awssdk\netty-nio-client\2.25.20\c4ef1eb682c71ab1e62c0a5fa674581a6c474d02\netty-nio-client-2.25.20.jar;C:\Users\taeyu\.gradle\caches\modules-2\files-2.1\software.amazon.awssdk\http-client-spi\2.25.20\6df9597f1eb9f928b63880ed27c7fb224fa32f14\http-client-spi-2.25.20.jar;C:\Users\taeyu\.gradle\caches\modules-2\files-2.1\software.amazon.awssdk\crt-core\2.25.20\5f7166bb66fd342b8509db2a81c5d5265059555a\crt-core-2.25.20.jar;C:\Users\taeyu\.gradle\caches\modules-2\files-2.1\software.amazon.awssdk\arns\2.25.20\b773b435eb39898a4d731e813b430172fb4d9dcb\arns-2.25.20.jar;C:\Users\taeyu\.gradle\caches\modules-2\files-2.1\software.amazon.awssdk\profiles\2.25.20\d20d2b54fc46c17bc4c1c9afdb80c5b3cc5b6c54\profiles-2.25.20.jar;C:\Users\taeyu\.gradle\caches\modules-2\files-2.1\software.amazon.awssdk\identity-spi\2.25.20\9b48dec1b9727284ae266f4598e1eaaa463d0c6d\identity-spi-2.25.20.jar;C:\Users\taeyu\.gradle\caches\modules-2\files-2.1\software.amazon.awssdk\metrics-spi\2.25.20\b99d3faf2fa6c6bc3a323d9c780ef4dcc0f6bd96\metrics-spi-2.25.20.jar;C:\Users\taeyu\.gradle\caches\modules-2\files-2.1\software.amazon.awssdk\json-utils\2.25.20\a5982002d0b30590d8e55cdf1079901aaf6d017a\json-utils-2.25.20.jar;C:\Users\taeyu\.gradle\caches\modules-2\files-2.1\software.amazon.awssdk\utils\2.25.20\87a739f0acf59ac395561ab2bed4bc56bce9fa47\utils-2.25.20.jar;C:\Users\taeyu\.gradle\caches\modules-2\files-2.1\software.amazon.awssdk\endpoints-spi\2.25.20\6eb4e247a04459abcc118e1a7d1a8df52e57b46e\endpoints-spi-2.25.20.jar;C:\Users\taeyu\.gradle\caches\modules-2\files-2.1\software.amazon.awssdk\checksums\2.25.20\bd485f126c795417f83782f47e4fc65c3e664568\checksums-2.25.20.jar;C:\Users\taeyu\.gradle\caches\modules-2\files-2.1\software.amazon.awssdk\checksums-spi\2.25.20\b8f765a7b0f3b75addbb4a1d6472e5eb206c8750\checksums-spi-2.25.20.jar;C:\Users\taeyu\.gradle\caches\modules-2\files-2.1\software.amazon.awssdk\annotations\2.25.20\179bf44edcc4bd280ce3ec4a7866088380d5c46\annotations-2.25.20.jar;C:\Users\taeyu\.gradle\caches\modules-2\files-2.1\software.amazon.awssdk\third-party-jackson-core\2.25.20\3b88d76afa3325325fb6e0442a8dc19c272f5194\third-party-jackson-core-2.25.20.jar;C:\Users\taeyu\.gradle\caches\modules-2\files-2.1\org.springframework.boot\spring-boot-starter-json\3.4.5\b7a87d4565c99754e0fcf4da405ebe3ab0870c88\spring-boot-starter-json-3.4.5.jar;C:\Users\taeyu\.gradle\caches\modules-2\files-2.1\org.springframework.boot\spring-boot-starter-jdbc\3.4.5\e361f635454d0694547cc226ece3aa10fde7ff2b\spring-boot-starter-jdbc-3.4.5.jar;C:\Users\taeyu\.gradle\caches\modules-2\files-2.1\org.springframework.boot\spring-boot-starter\3.4.5\3b1cd30bd3be52f5fd0c0934882ec86ed4457646\spring-boot-starter-3.4.5.jar;C:\Users\taeyu\.gradle\caches\modules-2\files-2.1\org.springframework.boot\spring-boot-starter-reactor-netty\3.4.5\5d14e558ce78cf2da534903399179d9e03bc054c\spring-boot-starter-reactor-netty-3.4.5.jar;C:\Users\taeyu\.gradle\caches\modules-2\files-2.1\org.springframework\spring-webflux\6.2.6\85edcb71e32e1fab71369c622017ada8c779fa34\spring-webflux-6.2.6.jar;C:\Users\taeyu\.gradle\caches\modules-2\files-2.1\org.springdoc\springdoc-openapi-starter-webmvc-api\2.8.5\14b01ce78902bd69087abaaf364688d1de2bddcf\springdoc-openapi-starter-webmvc-api-2.8.5.jar;C:\Users\taeyu\.gradle\caches\modules-2\files-2.1\org.springframework\spring-webmvc\6.2.6\48c37c417d00b9dc12e344892b206bbbf67f0945\spring-webmvc-6.2.6.jar;C:\Users\taeyu\.gradle\caches\modules-2\files-2.1\org.springframework.security\spring-security-oauth2-client\6.4.5\fe0ed2352fa2e3e66490298fee551f40490c649b\spring-security-oauth2-client-6.4.5.jar;C:\Users\taeyu\.gradle\caches\modules-2\files-2.1\org.springframework.security\spring-security-web\6.4.5\f430226d6af53c86bf02feb461d9b035953d8deb\spring-security-web-6.4.5.jar;C:\Users\taeyu\.gradle\caches\modules-2\files-2.1\org.springframework\spring-websocket\6.2.6\4e4730e34c58bdc3b6d7d1d4523979a6f47be153\spring-websocket-6.2.6.jar;C:\Users\taeyu\.gradle\caches\modules-2\files-2.1\org.springframework.security\spring-security-oauth2-jose\6.4.5\2acf214147654a353cc9757c06179be39607fd46\spring-security-oauth2-jose-6.4.5.jar;C:\Users\taeyu\.gradle\caches\modules-2\files-2.1\org.springframework.security\spring-security-oauth2-core\6.4.5\1790bc7e98a33e1c70f5ec5c535248cc866771db\spring-security-oauth2-core-6.4.5.jar;C:\Users\taeyu\.gradle\caches\modules-2\files-2.1\org.springframework\spring-web\6.2.6\17a4f806e877a1064a2442fe7545b0036fb9550f\spring-web-6.2.6.jar;C:\Users\taeyu\.gradle\caches\modules-2\files-2.1\com.squareup.okhttp3\logging-interceptor\4.10.0\ae7524eec42d4ab0c3a7cb93da010cf9bcc5007c\logging-interceptor-4.10.0.jar;C:\Users\taeyu\.gradle\caches\modules-2\files-2.1\org.jetbrains.kotlin\kotlin-reflect\1.9.25\73023c38b7b20430232893cf9b556dc8486e07a4\kotlin-reflect-1.9.25.jar;C:\Users\taeyu\.gradle\caches\modules-2\files-2.1\org.jetbrains.kotlinx\kotlinx-datetime-jvm\0.4.0\2224732fcb9b6116fbeb0926dd108604e578356b\kotlinx-datetime-jvm-0.4.0.jar;C:\Users\taeyu\.gradle\caches\modules-2\files-2.1\com.jakewharton.retrofit\retrofit2-kotlinx-serialization-converter\0.8.0\4fe25acf1b2f12f17d7187f7cfcf4ee730822d50\retrofit2-kotlinx-serialization-converter-0.8.0.jar;C:\Users\taeyu\.gradle\caches\modules-2\files-2.1\com.squareup.retrofit2\retrofit\2.9.0\d8fdfbd5da952141a665a403348b74538efc05ff\retrofit-2.9.0.jar;C:\Users\taeyu\.gradle\caches\modules-2\files-2.1\com.squareup.okhttp3\okhttp\4.10.0\cd63657ac15770ed1420647154c9f44645533bef\okhttp-4.10.0.jar;C:\Users\taeyu\.gradle\caches\modules-2\files-2.1\org.jetbrains.kotlin\kotlin-stdlib-jdk7\1.9.25\1c166692314a2639e5edfed0d23ed7eee4a5c7a5\kotlin-stdlib-jdk7-1.9.25.jar;C:\Users\taeyu\.gradle\caches\modules-2\files-2.1\org.jetbrains.kotlinx\kotlinx-serialization-core-jvm\1.6.3\6b6c17d0312ba7192893adea9d52959941d0119b\kotlinx-serialization-core-jvm-1.6.3.jar;C:\Users\taeyu\.gradle\caches\modules-2\files-2.1\org.jetbrains.kotlinx\kotlinx-serialization-json-jvm\1.6.3\2241746853abf04073e3ab0dcd9e6729d363b313\kotlinx-serialization-json-jvm-1.6.3.jar;C:\Users\taeyu\.gradle\caches\modules-2\files-2.1\com.squareup.okio\okio-jvm\3.0.0\ab5a73fa2ccb4a36b0b5c69fe10b16d0255bcf8\okio-jvm-3.0.0.jar;C:\Users\taeyu\.gradle\caches\modules-2\files-2.1\org.jetbrains.kotlin\kotlin-stdlib\1.9.25\f700a2f2b8f0d6d0fde48f56d894dc722fb029d7\kotlin-stdlib-1.9.25.jar;C:\Users\taeyu\.gradle\caches\modules-2\files-2.1\org.jetbrains.kotlin\kotlin-stdlib-jdk8\1.9.25\20d44e880a284f7b5cd99dd69450b403073f49b2\kotlin-stdlib-jdk8-1.9.25.jar;C:\Users\taeyu\.gradle\caches\modules-2\files-2.1\org.apache.httpcomponents\httpclient\4.5.13\e5f6cae5ca7ecaac1ec2827a9e2d65ae2869cada\httpclient-4.5.13.jar;C:\Users\taeyu\.gradle\caches\modules-2\files-2.1\commons-codec\commons-codec\1.17.2\cd6bb9d856db5f61871a94d5801efd0b93b7fcb2\commons-codec-1.17.2.jar;C:\Users\taeyu\.gradle\caches\modules-2\files-2.1\org.hibernate.orm\hibernate-core\6.6.13.Final\e7f1b2d53e89b9863dca12cd5f1b261ba413415b\hibernate-core-6.6.13.Final.jar;C:\Users\taeyu\.gradle\caches\modules-2\files-2.1\org.springframework.data\spring-data-jpa\3.4.5\40000309bebdc0e4e284211701f039eb5b1fb1a6\spring-data-jpa-3.4.5.jar;C:\Users\taeyu\.gradle\caches\modules-2\files-2.1\org.springframework\spring-aspects\6.2.6\2bb7fe48b4fef28af71be32815200c19ac95f783\spring-aspects-6.2.6.jar;C:\Users\taeyu\.gradle\caches\modules-2\files-2.1\org.springframework.boot\spring-boot-starter-tomcat\3.4.5\d3121e25897969409967675c0c450dd3cad45162\spring-boot-starter-tomcat-3.4.5.jar;C:\Users\taeyu\.gradle\caches\modules-2\files-2.1\org.springframework\spring-context-support\6.2.6\e4d6f186e074dd3071906661637406554e4ecfcf\spring-context-support-6.2.6.jar;C:\Users\taeyu\.gradle\caches\modules-2\files-2.1\org.eclipse.angus\jakarta.mail\2.0.3\3dea6aeee9603f573687b0d4da5dc1316d921bb7\jakarta.mail-2.0.3.jar;C:\Users\taeyu\.gradle\caches\modules-2\files-2.1\io.lettuce\lettuce-core\6.4.2.RELEASE\8969c20697c74b71288d4d5e69b0fec4047d3d6d\lettuce-core-6.4.2.RELEASE.jar;C:\Users\taeyu\.gradle\caches\modules-2\files-2.1\org.springframework.data\spring-data-keyvalue\3.4.5\efc4330b8ff91e76750042b8f7a0dae276912a32\spring-data-keyvalue-3.4.5.jar;C:\Users\taeyu\.gradle\caches\modules-2\files-2.1\org.springframework\spring-orm\6.2.6\b579360aaab1e52ec95d0538cc3c89fa8689485d\spring-orm-6.2.6.jar;C:\Users\taeyu\.gradle\caches\modules-2\files-2.1\org.springframework\spring-jdbc\6.2.6\529137b0f92d8cfd13876e6aa8df9088246b4755\spring-jdbc-6.2.6.jar;C:\Users\taeyu\.gradle\caches\modules-2\files-2.1\org.springframework\spring-tx\6.2.6\fb46b2d651a6c509625bc6e7e38865137f658eca\spring-tx-6.2.6.jar;C:\Users\taeyu\.gradle\caches\modules-2\files-2.1\org.springframework\spring-oxm\6.2.6\b5d94c0552ad63802454d248bddfe976617064a0\spring-oxm-6.2.6.jar;C:\Users\taeyu\.gradle\caches\modules-2\files-2.1\org.springframework.security\spring-security-config\6.4.5\51f03717b00eb1843073cccb0ff294edb7946917\spring-security-config-6.4.5.jar;C:\Users\taeyu\.gradle\caches\modules-2\files-2.1\org.springframework.security\spring-security-core\6.4.5\ae545fe651f167ccf36f494300f460d6f8c978b8\spring-security-core-6.4.5.jar;C:\Users\taeyu\.gradle\caches\modules-2\files-2.1\org.springframework.boot\spring-boot-actuator-autoconfigure\3.4.5\ca0012cdf3137b4f056d073334d176e6d1f0464b\spring-boot-actuator-autoconfigure-3.4.5.jar;C:\Users\taeyu\.gradle\caches\modules-2\files-2.1\org.springdoc\springdoc-openapi-starter-common\2.8.5\6642dd0895e9b06848584797d1f97293f2e2afd6\springdoc-openapi-starter-common-2.8.5.jar;C:\Users\taeyu\.gradle\caches\modules-2\files-2.1\org.springframework.boot\spring-boot-autoconfigure\3.4.5\c44ad60865ca1d0b88e576b0355e755ed28aec52\spring-boot-autoconfigure-3.4.5.jar;C:\Users\taeyu\.gradle\caches\modules-2\files-2.1\org.springframework.boot\spring-boot-actuator\3.4.5\605c2f057a4c204f247198a7ddedbf4b03131df1\spring-boot-actuator-3.4.5.jar;C:\Users\taeyu\.gradle\caches\modules-2\files-2.1\org.springframework.boot\spring-boot\3.4.5\414fcf9f9e0ccb961243d8f36ef8ad6d4040e745\spring-boot-3.4.5.jar;C:\Users\taeyu\.gradle\caches\modules-2\files-2.1\org.springframework\spring-context\6.2.6\ae08b2ec4a49ab7acb0b5eea7c309363139d54ad\spring-context-6.2.6.jar;C:\Users\taeyu\.gradle\caches\modules-2\files-2.1\org.springframework\spring-aop\6.2.6\ab5502a1e9694f2ecd001ecb1ee1fc46b29cfbd9\spring-aop-6.2.6.jar;C:\Users\taeyu\.gradle\caches\modules-2\files-2.1\com.zaxxer\HikariCP\5.1.0\8c96e36c14461fc436bb02b264b96ef3ca5dca8c\HikariCP-5.1.0.jar;C:\Users\taeyu\.gradle\caches\modules-2\files-2.1\org.springframework.data\spring-data-commons\3.4.5\bad5044a4d2f322ff939247ff448d4322c6b7d5d\spring-data-commons-3.4.5.jar;C:\Users\taeyu\.gradle\caches\modules-2\files-2.1\org.springframework.boot\spring-boot-starter-logging\3.4.5\f4821c3181ef6dfbbc5305ebf5a3ed2c5493ef14\spring-boot-starter-logging-3.4.5.jar;C:\Users\taeyu\.gradle\caches\modules-2\files-2.1\ch.qos.logback\logback-classic\1.5.18\fc371f3fc97a639de2d67947cffb7518ec5e3d40\logback-classic-1.5.18.jar;C:\Users\taeyu\.gradle\caches\modules-2\files-2.1\org.apache.logging.log4j\log4j-to-slf4j\2.24.3\da1143e2a2531ee1c2d90baa98eb50a28a39d5a7\log4j-to-slf4j-2.24.3.jar;C:\Users\taeyu\.gradle\caches\modules-2\files-2.1\org.slf4j\jul-to-slf4j\2.0.17\524cb6ccc2b68a57604750e1ab8b13b5a786a6aa\jul-to-slf4j-2.0.17.jar;C:\Users\taeyu\.gradle\caches\modules-2\files-2.1\io.swagger.core.v3\swagger-core-jakarta\2.2.28\d990934d07d250cedcf2bbc7632118ae316bf712\swagger-core-jakarta-2.2.28.jar;C:\Users\taeyu\.gradle\caches\modules-2\files-2.1\org.slf4j\slf4j-api\2.0.17\d9e58ac9c7779ba3bf8142aff6c830617a7fe60f\slf4j-api-2.0.17.jar;C:\Users\taeyu\.gradle\caches\modules-2\files-2.1\com.fasterxml.jackson.datatype\jackson-datatype-jsr310\2.18.3\cc57924cccf42fc852081c36215272f84ffcd991\jackson-datatype-jsr310-2.18.3.jar;C:\Users\taeyu\.gradle\caches\modules-2\files-2.1\com.fasterxml.jackson.module\jackson-module-parameter-names\2.18.3\fa63ae5eb3956b1a6d7a7ead2b513af89dea22e7\jackson-module-parameter-names-2.18.3.jar;C:\Users\taeyu\.gradle\caches\modules-2\files-2.1\com.fasterxml.jackson.dataformat\jackson-dataformat-yaml\2.18.3\66658356a375664262c227dad09adc51dbc09c54\jackson-dataformat-yaml-2.18.3.jar;C:\Users\taeyu\.gradle\caches\modules-2\files-2.1\com.fasterxml.jackson.core\jackson-core\2.18.3\78f80c259268200e588aa204dd97ecf09b76916e\jackson-core-2.18.3.jar;C:\Users\taeyu\.gradle\caches\modules-2\files-2.1\io.swagger.core.v3\swagger-models-jakarta\2.2.28\72865af71d886a979322def19fc86753f267d4f7\swagger-models-jakarta-2.2.28.jar;C:\Users\taeyu\.gradle\caches\modules-2\files-2.1\com.fasterxml.jackson.core\jackson-annotations\2.18.3\7fa21cf7da4598f8240e4ebd9779249622af1acd\jackson-annotations-2.18.3.jar;C:\Users\taeyu\.gradle\caches\modules-2\files-2.1\com.fasterxml.jackson.datatype\jackson-datatype-jdk8\2.18.3\621558295660935134b171ce2b0d9ad6842ec2ff\jackson-datatype-jdk8-2.18.3.jar;C:\Users\taeyu\.gradle\caches\modules-2\files-2.1\com.fasterxml.jackson.core\jackson-databind\2.18.3\537e3886263e3b3464385040453e92567fd509e2\jackson-databind-2.18.3.jar;C:\Users\taeyu\.gradle\caches\modules-2\files-2.1\io.micrometer\micrometer-jakarta9\1.14.6\3fd1fe50bde7bf89f64ea69c0007f55935febcc3\micrometer-jakarta9-1.14.6.jar;C:\Users\taeyu\.gradle\caches\modules-2\files-2.1\io.micrometer\micrometer-core\1.14.6\c2378cc214ef7d8672f95d731e90212bd227ebcb\micrometer-core-1.14.6.jar;C:\Users\taeyu\.gradle\caches\modules-2\files-2.1\io.micrometer\micrometer-observation\1.14.6\3ba55114eb3f2b33431ce6cf80c6114cf2b21c9\micrometer-observation-1.14.6.jar;C:\Users\taeyu\.gradle\caches\modules-2\files-2.1\org.apache.tomcat.embed\tomcat-embed-el\10.1.40\1b321790508c1d410689b4f496dae18a97fa6ae9\tomcat-embed-el-10.1.40.jar;C:\Users\taeyu\.gradle\caches\modules-2\files-2.1\org.hibernate.validator\hibernate-validator\8.0.2.Final\220e64815dd87535525331de20570017f899eb13\hibernate-validator-8.0.2.Final.jar;C:\Users\taeyu\.gradle\caches\modules-2\files-2.1\org.webjars\swagger-ui\5.18.3\f67530d3015d70cca8fad24d64065684bba2ac74\swagger-ui-5.18.3.jar;C:\Users\taeyu\.gradle\caches\modules-2\files-2.1\org.webjars\webjars-locator-lite\1.0.1\b4389136604123d4fe4199cc29b94a33206996bc\webjars-locator-lite-1.0.1.jar;C:\Users\taeyu\.gradle\caches\modules-2\files-2.1\io.github.classgraph\classgraph\4.8.173\236e1b4360bf078142902c6c3ca80a03bfa95d5d\classgraph-4.8.173.jar;C:\Users\taeyu\.gradle\caches\modules-2\files-2.1\org.springframework\spring-messaging\6.2.6\60547522ef488acc4c927dec64cf9bb2cca9022a\spring-messaging-6.2.6.jar;C:\Users\taeyu\.gradle\caches\modules-2\files-2.1\jakarta.annotation\jakarta.annotation-api\2.1.1\48b9bda22b091b1f48b13af03fe36db3be6e1ae3\jakarta.annotation-api-2.1.1.jar;C:\Users\taeyu\.gradle\caches\modules-2\files-2.1\org.springframework\spring-beans\6.2.6\d43abe3b5765748210c511043b1d4904ca216a9f\spring-beans-6.2.6.jar;C:\Users\taeyu\.gradle\caches\modules-2\files-2.1\org.springframework\spring-expression\6.2.6\d9efc768cfda1d97c8fe769a9d50f936eb7f18e2\spring-expression-6.2.6.jar;C:\Users\taeyu\.gradle\caches\modules-2\files-2.1\org.springframework\spring-core\6.2.6\4639dac5fc46cb6a9f6eb2709decfb90313e0f2c\spring-core-6.2.6.jar;C:\Users\taeyu\.gradle\caches\modules-2\files-2.1\org.yaml\snakeyaml\2.3\936b36210e27320f920536f695cf1af210c44586\snakeyaml-2.3.jar;C:\Users\taeyu\.gradle\caches\modules-2\files-2.1\io.projectreactor.netty\reactor-netty-http\1.2.5\b3f2a54919a1e15ca9543380b045ba54ca4e57cc\reactor-netty-http-1.2.5.jar;C:\Users\taeyu\.gradle\caches\modules-2\files-2.1\io.projectreactor.netty\reactor-netty-core\1.2.5\42af645f3cfc221f74573103773a9def598d2231\reactor-netty-core-1.2.5.jar;C:\Users\taeyu\.gradle\caches\modules-2\files-2.1\io.projectreactor\reactor-core\3.7.5\2ffb9b7043593da9a80b91f14cc30f4914183f3a\reactor-core-3.7.5.jar;C:\Users\taeyu\.gradle\caches\modules-2\files-2.1\jakarta.persistence\jakarta.persistence-api\3.1.0\66901fa1c373c6aff65c13791cc11da72060a8d6\jakarta.persistence-api-3.1.0.jar;C:\Users\taeyu\.gradle\caches\modules-2\files-2.1\jakarta.transaction\jakarta.transaction-api\2.0.1\51a520e3fae406abb84e2e1148e6746ce3f80a1a\jakarta.transaction-api-2.0.1.jar;C:\Users\taeyu\.gradle\caches\modules-2\files-2.1\org.jboss.logging\jboss-logging\3.6.1.Final\886afbb445b4016a37c8960a7aef6ebd769ce7e5\jboss-logging-3.6.1.Final.jar;C:\Users\taeyu\.gradle\caches\modules-2\files-2.1\org.hibernate.common\hibernate-commons-annotations\7.0.3.Final\e183c4be8bb41d12e9f19b374e00c34a0a85f439\hibernate-commons-annotations-7.0.3.Final.jar;C:\Users\taeyu\.gradle\caches\modules-2\files-2.1\io.smallrye\jandex\3.2.0\f17ad860f62a08487b9edabde608f8ac55c62fa7\jandex-3.2.0.jar;C:\Users\taeyu\.gradle\caches\modules-2\files-2.1\com.fasterxml\classmate\1.7.0\e98374da1f2143ac8e6e0a95036994bb19137a3\classmate-1.7.0.jar;C:\Users\taeyu\.gradle\caches\modules-2\files-2.1\net.bytebuddy\byte-buddy\1.15.11\f61886478e0f9ee4c21d09574736f0ff45e0a46c\byte-buddy-1.15.11.jar;C:\Users\taeyu\.gradle\caches\modules-2\files-2.1\org.glassfish.jaxb\jaxb-runtime\4.0.5\ca84c2a7169b5293e232b9d00d1e4e36d4c3914a\jaxb-runtime-4.0.5.jar;C:\Users\taeyu\.gradle\caches\modules-2\files-2.1\org.glassfish.jaxb\jaxb-core\4.0.5\7b4b11ea5542eea4ad55e1080b23be436795b3\jaxb-core-4.0.5.jar;C:\Users\taeyu\.gradle\caches\modules-2\files-2.1\jakarta.xml.bind\jakarta.xml.bind-api\4.0.2\6cd5a999b834b63238005b7144136379dc36cad2\jakarta.xml.bind-api-4.0.2.jar;C:\Users\taeyu\.gradle\caches\modules-2\files-2.1\jakarta.inject\jakarta.inject-api\2.0.1\4c28afe1991a941d7702fe1362c365f0a8641d1e\jakarta.inject-api-2.0.1.jar;C:\Users\taeyu\.gradle\caches\modules-2\files-2.1\org.antlr\antlr4-runtime\4.13.0\5a02e48521624faaf5ff4d99afc88b01686af655\antlr4-runtime-4.13.0.jar;C:\Users\taeyu\.gradle\caches\modules-2\files-2.1\org.aspectj\aspectjweaver\1.9.24\9b5aeb0cea9f958b9c57fb80e62996e95a3e9379\aspectjweaver-1.9.24.jar;C:\Users\taeyu\.gradle\caches\modules-2\files-2.1\org.apache.tomcat.embed\tomcat-embed-websocket\10.1.40\ffdcf96aa28e77858644f4db100e8de896ba58e3\tomcat-embed-websocket-10.1.40.jar;C:\Users\taeyu\.gradle\caches\modules-2\files-2.1\org.apache.tomcat.embed\tomcat-embed-core\10.1.40\fc1c09b726336dc6f7dde0408cebb1a56a3a28d3\tomcat-embed-core-10.1.40.jar;C:\Users\taeyu\.gradle\caches\modules-2\files-2.1\org.eclipse.angus\angus-activation\2.0.2\41f1e0ddd157c856926ed149ab837d110955a9fc\angus-activation-2.0.2.jar;C:\Users\taeyu\.gradle\caches\modules-2\files-2.1\jakarta.activation\jakarta.activation-api\2.1.3\fa165bd70cda600368eee31555222776a46b881f\jakarta.activation-api-2.1.3.jar;C:\Users\taeyu\.gradle\caches\modules-2\files-2.1\io.netty\netty-codec-http2\4.1.119.Final\648b066861723b60635bef2047229ed73d0cbd04\netty-codec-http2-4.1.119.Final.jar;C:\Users\taeyu\.gradle\caches\modules-2\files-2.1\io.netty\netty-handler-proxy\4.1.119.Final\50a0d16a6e5c714a6f2bfe49badd9678da4a0a92\netty-handler-proxy-4.1.119.Final.jar;C:\Users\taeyu\.gradle\caches\modules-2\files-2.1\io.netty\netty-codec-http\4.1.119.Final\23196984df6083cc39bef22a54c6cf5b157f3824\netty-codec-http-4.1.119.Final.jar;C:\Users\taeyu\.gradle\caches\modules-2\files-2.1\io.netty\netty-resolver-dns-native-macos\4.1.119.Final\23cc363910cf38e2de91ab8703bb05373e6d2e42\netty-resolver-dns-native-macos-4.1.119.Final-osx-x86_64.jar;C:\Users\taeyu\.gradle\caches\modules-2\files-2.1\io.netty\netty-resolver-dns-classes-macos\4.1.119.Final\6185080a70da30c1efa315ae3780c5baca6ff306\netty-resolver-dns-classes-macos-4.1.119.Final.jar;C:\Users\taeyu\.gradle\caches\modules-2\files-2.1\io.netty\netty-resolver-dns\4.1.119.Final\aa1809477e369484dbe52b99cb2a5e1228be2fc4\netty-resolver-dns-4.1.119.Final.jar;C:\Users\taeyu\.gradle\caches\modules-2\files-2.1\io.netty\netty-handler\4.1.119.Final\a0059b8d779ce566b524efd6d73ba4fcff3cd5d9\netty-handler-4.1.119.Final.jar;C:\Users\taeyu\.gradle\caches\modules-2\files-2.1\io.netty\netty-codec-dns\4.1.119.Final\a5e64de87e9b90434832a185891bfcbca87a2b7b\netty-codec-dns-4.1.119.Final.jar;C:\Users\taeyu\.gradle\caches\modules-2\files-2.1\io.netty\netty-codec-socks\4.1.119.Final\18ea7a77080c64e9f63f5b79367461b4b1d53a2e\netty-codec-socks-4.1.119.Final.jar;C:\Users\taeyu\.gradle\caches\modules-2\files-2.1\io.netty\netty-codec\4.1.119.Final\337ca8e8c3ef23925e02d56347b414d7616d1d02\netty-codec-4.1.119.Final.jar;C:\Users\taeyu\.gradle\caches\modules-2\files-2.1\io.netty\netty-transport-native-epoll\4.1.119.Final\500fdc2000a47c07ad6c0ea230127f5ac3c9ad5c\netty-transport-native-epoll-4.1.119.Final-linux-x86_64.jar;C:\Users\taeyu\.gradle\caches\modules-2\files-2.1\io.netty\netty-transport-classes-epoll\4.1.119.Final\1d2d986ae0615d50f5cee338f0e9e73f46e8158\netty-transport-classes-epoll-4.1.119.Final.jar;C:\Users\taeyu\.gradle\caches\modules-2\files-2.1\io.netty\netty-transport-native-unix-common\4.1.119.Final\55afdeb456bccf8eecb06431f3c1537269afe9af\netty-transport-native-unix-common-4.1.119.Final.jar;C:\Users\taeyu\.gradle\caches\modules-2\files-2.1\io.netty\netty-transport\4.1.119.Final\d05df879054297962d056b77460fc4ff20e30073\netty-transport-4.1.119.Final.jar;C:\Users\taeyu\.gradle\caches\modules-2\files-2.1\io.netty\netty-buffer\4.1.119.Final\5864149b2e5a2af7b05fe9e9dc3e4b70d3060a7c\netty-buffer-4.1.119.Final.jar;C:\Users\taeyu\.gradle\caches\modules-2\files-2.1\io.netty\netty-resolver\4.1.119.Final\e1f7c90aff71bdf0e2294a200b5f89244f88dcf7\netty-resolver-4.1.119.Final.jar;C:\Users\taeyu\.gradle\caches\modules-2\files-2.1\io.netty\netty-common\4.1.119.Final\2f7c360b03c0aceab7efc1f7c2b75274f0f35909\netty-common-4.1.119.Final.jar;C:\Users\taeyu\.gradle\caches\modules-2\files-2.1\io.micrometer\micrometer-commons\1.14.6\1a6595762c77bd8401cf51aa11bac8e4fa747545\micrometer-commons-1.14.6.jar;C:\Users\taeyu\.gradle\caches\modules-2\files-2.1\jakarta.validation\jakarta.validation-api\3.0.2\92b6631659ba35ca09e44874d3eb936edfeee532\jakarta.validation-api-3.0.2.jar;C:\Users\taeyu\.gradle\caches\modules-2\files-2.1\org.springframework.security\spring-security-crypto\6.4.5\9d3340a1f6cd975dbb72b22b865119b614c43060\spring-security-crypto-6.4.5.jar;C:\Users\taeyu\.gradle\caches\modules-2\files-2.1\com.nimbusds\oauth2-oidc-sdk\9.43.6\a1842456e236f53e30946b2cb0bdeb17a44cdfd3\oauth2-oidc-sdk-9.43.6.jar;C:\Users\taeyu\.gradle\caches\modules-2\files-2.1\com.nimbusds\nimbus-jose-jwt\9.37.3\700f71ffefd60c16bd8ce711a956967ea9071cec\nimbus-jose-jwt-9.37.3.jar;C:\Users\taeyu\.gradle\caches\modules-2\files-2.1\org.jspecify\jspecify\1.0.0\7425a601c1c7ec76645a78d22b8c6a627edee507\jspecify-1.0.0.jar;C:\Users\taeyu\.gradle\caches\modules-2\files-2.1\org.reactivestreams\reactive-streams\1.0.4\3864a1320d97d7b045f729a326e1e077661f31b7\reactive-streams-1.0.4.jar;C:\Users\taeyu\.gradle\caches\modules-2\files-2.1\software.amazon.eventstream\eventstream\1.0.1\6ff8649dffc5190366ada897ba8525a836297784\eventstream-1.0.1.jar;C:\Users\taeyu\.gradle\caches\modules-2\files-2.1\org.apache.httpcomponents\httpcore\4.4.16\51cf043c87253c9f58b539c9f7e44c8894223850\httpcore-4.4.16.jar;C:\Users\taeyu\.gradle\caches\modules-2\files-2.1\org.springframework\spring-jcl\6.2.6\f4468f33de0015179abb6055964801bc962f8d51\spring-jcl-6.2.6.jar;C:\Users\taeyu\.gradle\caches\modules-2\files-2.1\org.jetbrains\annotations\13.0\919f0dfe192fb4e063e7dacadee7f8bb9a2672a9\annotations-13.0.jar;C:\Users\taeyu\.gradle\caches\modules-2\files-2.1\org.hdrhistogram\HdrHistogram\2.2.2\7959933ebcc0f05b2eaa5af0a0c8689fa257b15c\HdrHistogram-2.2.2.jar;C:\Users\taeyu\.gradle\caches\modules-2\files-2.1\org.latencyutils\LatencyUtils\2.0.3\769c0b82cb2421c8256300e907298a9410a2a3d3\LatencyUtils-2.0.3.jar;C:\Users\taeyu\.gradle\caches\modules-2\files-2.1\com.github.stephenc.jcip\jcip-annotations\1.0-1\ef31541dd28ae2cefdd17c7ebf352d93e9058c63\jcip-annotations-1.0-1.jar;C:\Users\taeyu\.gradle\caches\modules-2\files-2.1\com.nimbusds\content-type\2.2\9a894bce7646dd4086652d85b88013229f23724b\content-type-2.2.jar;C:\Users\taeyu\.gradle\caches\modules-2\files-2.1\net.minidev\json-smart\2.5.2\95d166b18f95907be0f46cdb9e1c0695eed03387\json-smart-2.5.2.jar;C:\Users\taeyu\.gradle\caches\modules-2\files-2.1\com.nimbusds\lang-tag\1.7\97c73ecd70bc7e8eefb26c5eea84f251a63f1031\lang-tag-1.7.jar;C:\Users\taeyu\.gradle\caches\modules-2\files-2.1\commons-logging\commons-logging\1.2\4bfc12adfe4842bf07b657f0369c4cb522955686\commons-logging-1.2.jar;C:\Users\taeyu\.gradle\caches\modules-2\files-2.1\ch.qos.logback\logback-core\1.5.18\6c0375624f6f36b4e089e2488ba21334a11ef13f\logback-core-1.5.18.jar;C:\Users\taeyu\.gradle\caches\modules-2\files-2.1\org.apache.logging.log4j\log4j-api\2.24.3\b02c125db8b6d295adf72ae6e71af5d83bce2370\log4j-api-2.24.3.jar;C:\Users\taeyu\.gradle\caches\modules-2\files-2.1\org.glassfish.jaxb\txw2\4.0.5\f36a4ef12120a9bb06d766d6a0e54b144fd7ed98\txw2-4.0.5.jar;C:\Users\taeyu\.gradle\caches\modules-2\files-2.1\com.sun.istack\istack-commons-runtime\4.1.2\18ec117c85f3ba0ac65409136afa8e42bc74e739\istack-commons-runtime-4.1.2.jar;C:\Users\taeyu\.gradle\caches\modules-2\files-2.1\net.minidev\accessors-smart\2.5.2\ce16fd235cfee48e67eda33e684423bba09f7d07\accessors-smart-2.5.2.jar;C:\Users\taeyu\.gradle\caches\modules-2\files-2.1\org.apache.commons\commons-lang3\3.17.0\b17d2136f0460dcc0d2016ceefca8723bdf4ee70\commons-lang3-3.17.0.jar;C:\Users\taeyu\.gradle\caches\modules-2\files-2.1\io.swagger.core.v3\swagger-annotations-jakarta\2.2.28\4b303c4bf8940b417e50e3600eb63aa6f6531f0\swagger-annotations-jakarta-2.2.28.jar;C:\Users\taeyu\.gradle\caches\modules-2\files-2.1\org.ow2.asm\asm\9.7.1\f0ed132a49244b042cd0e15702ab9f2ce3cc8436\asm-9.7.1.jar
Launcher Type: SUN_STANDARD

[Global flags]
     intx CICompilerCount                          = 4                                         {product} {ergonomic}
     uint ConcGCThreads                            = 2                                         {product} {ergonomic}
     uint G1ConcRefinementThreads                  = 8                                         {product} {ergonomic}
   size_t G1HeapRegionSize                         = 1048576                                   {product} {ergonomic}
    uintx GCDrainStackTargetSize                   = 64                                        {product} {ergonomic}
   size_t InitialHeapSize                          = 130023424                                 {product} {ergonomic}
   size_t MarkStackSize                            = 4194304                                   {product} {ergonomic}
   size_t MaxHeapSize                              = 2076180480                                {product} {ergonomic}
   size_t MaxNewSize                               = 1245708288                                {product} {ergonomic}
   size_t MinHeapDeltaBytes                        = 1048576                                   {product} {ergonomic}
   size_t MinHeapSize                              = 8388608                                   {product} {ergonomic}
    uintx NonNMethodCodeHeapSize                   = 5839372                                {pd product} {ergonomic}
    uintx NonProfiledCodeHeapSize                  = 122909434                              {pd product} {ergonomic}
    uintx ProfiledCodeHeapSize                     = 122909434                              {pd product} {ergonomic}
    uintx ReservedCodeCacheSize                    = 251658240                              {pd product} {ergonomic}
     bool SegmentedCodeCache                       = true                                      {product} {ergonomic}
   size_t SoftMaxHeapSize                          = 2076180480                             {manageable} {ergonomic}
     bool UseCompressedOops                        = true                           {product lp64_product} {ergonomic}
     bool UseG1GC                                  = true                                      {product} {ergonomic}
     bool UseLargePagesIndividualAllocation        = false                                  {pd product} {ergonomic}

Logging:
Log output configuration:
 #0: stdout all=warning uptime,level,tags foldmultilines=false
 #1: stderr all=off uptime,level,tags foldmultilines=false

Environment Variables:
JAVA_HOME=C:\Program Files\Eclipse Adoptium\jdk-21.0.5.11-hotspot
CLASSPATH=C:\Program Files\Eclipse Adoptium\jdk-21.0.5.11-hotspot\lib
PATH=C:\Program Files\MySQL\MySQL Server 8.0\bin;C:\Program Files\Eclipse Adoptium\jdk-21.0.5.11-hotspot\bin;C:\Program Files\Eclipse Adoptium\jdk-21.0.5.11-hotspot\bin;C:\Program Files\Amazon Corretto\jdk11.0.22_7\bin;C:\Program Files\Eclipse Adoptium\jdk-21.0.5.11-hotspot\bin;C:\Program Files\Common Files\Oracle\Java\javapath;C:\Program Files (x86)\Common Files\Oracle\Java\javapath;C:\Program Files (x86)\VMware\VMware Player\bin\;C:\WINDOWS\system32;C:\WINDOWS;C:\WINDOWS\System32\Wbem;C:\WINDOWS\System32\WindowsPowerShell\v1.0\;C:\WINDOWS\System32\OpenSSH\;C:\Program Files\Bandizip\;C:\Program Files\Graphviz\bin;C:\Users\taeyu\OneDrive\ \Graphviz\bin;C:\Program Files\Git\cmd;C:\Users\taeyu\AppData\Local\nvm;C:\nvm4w\nodejs;C:\Program Files\Docker\Docker\resources\bin;C:\Program Files\Amazon\AWSCLIV2\;C:\lib\terraform;C:\Users\taeyu\AppData\Local\Programs\Python\Python312-32\Scripts\;C:\Users\taeyu\AppData\Local\Programs\Python\Python312-32\;C:\Users\taeyu\AppData\Local\Programs\Python\Launcher\;c:\Program Files\MySQL\MySQL Server 8.0\bin;C:\Users\taeyu\AppData\Local\Programs\Microsoft VS Code\bin;C:\Users\taeyu\AppData\Local\nvm;C:\nvm4w\nodejs;C:\Users\taeyu\AppData\Local\Programs\cursor\resources\app\bin
USERNAME=taeyu
OS=Windows_NT
PROCESSOR_IDENTIFIER=Intel64 Family 6 Model 140 Stepping 1, GenuineIntel
TMP=C:\Users\taeyu\AppData\Local\Temp
TEMP=C:\Users\taeyu\AppData\Local\Temp




Periodic native trim disabled

---------------  S Y S T E M  ---------------

OS:
 Windows 11 , 64 bit Build 22621 (10.0.22621.5262)
OS uptime: 0 days 3:47 hours
Hyper-V role detected

CPU: total 8 (initial active 8) (4 cores per cpu, 2 threads per core) family 6 model 140 stepping 1 microcode 0x8a, cx8, cmov, fxsr, ht, mmx, 3dnowpref, sse, sse2, sse3, ssse3, sse4.1, sse4.2, popcnt, lzcnt, tsc, tscinvbit, avx, avx2, aes, erms, clmul, bmi1, bmi2, adx, avx512f, avx512dq, avx512cd, avx512bw, avx512vl, sha, fma, vzeroupper, avx512_vpopcntdq, avx512_vpclmulqdq, avx512_vaes, avx512_vnni, clflush, clflushopt, clwb, avx512_vbmi2, avx512_vbmi, hv, rdtscp, rdpid, fsrm, gfni, avx512_bitalg, f16c, cet_ibt, cet_ss, avx512_ifma
Processor Information for all 8 processors :
  Max Mhz: 2419, Current Mhz: 2419, Mhz Limit: 2419

Memory: 4k page, system-wide physical 7915M (446M free)
TotalPageFile size 23629M (AvailPageFile size 18M)
current process WorkingSet (physical memory assigned to process): 362M, peak: 362M
current process commit charge ("private bytes"): 413M, peak: 586M

vm_info: OpenJDK 64-Bit Server VM (21.0.5+11-LTS) for windows-amd64 JRE (21.0.5+11-LTS), built on 2024-10-15T00:00:00Z by "admin" with MS VC++ 17.7 (VS2022)

END.
