#
# There is insufficient memory for the Java Runtime Environment to continue.
# Native memory allocation (mmap) failed to map 139460608 bytes. Error detail: G1 virtual space
# Possible reasons:
#   The system is out of physical RAM or swap space
#   This process is running with CompressedOops enabled, and the Java Heap may be blocking the growth of the native heap
# Possible solutions:
#   Reduce memory load on the system
#   Increase physical memory or swap space
#   Check if swap backing store is full
#   Decrease Java heap size (-Xmx/-Xms)
#   Decrease number of Java threads
#   Decrease Java thread stack sizes (-Xss)
#   Set larger code cache with -XX:ReservedCodeCacheSize=
#   JVM is running with Unscaled Compressed Oops mode in which the Java heap is
#     placed in the first 4GB address space. The Java Heap base address is the
#     maximum limit for the native heap growth. Please use -XX:HeapBaseMinAddress
#     to set the Java Heap base and to place the Java Heap above 4GB virtual address.
# This output file may be truncated or incomplete.
#
#  Out of Memory Error (os_windows.cpp:3616), pid=15056, tid=17948
#
# JRE version: OpenJDK Runtime Environment Temurin-21.0.5+11 (21.0.5+11) (build 21.0.5+11-LTS)
# Java VM: OpenJDK 64-Bit Server VM Temurin-21.0.5+11 (21.0.5+11-LTS, mixed mode, sharing, tiered, compressed oops, compressed class ptrs, g1 gc, windows-amd64)
# No core dump will be written. Minidumps are not enabled by default on client versions of Windows
#

---------------  S U M M A R Y ------------

Command Line: -Dfile.encoding=UTF-8 -Duser.country -Duser.language=en -Duser.variant com.malnutrition.backend.HealthSchoolApplication

Host: 11th Gen Intel(R) Core(TM) i5-1135G7 @ 2.40GHz, 8 cores, 7G,  Windows 11 , 64 bit Build 22621 (10.0.22621.5262)
Time: Fri May 30 17:49:51 2025  Windows 11 , 64 bit Build 22621 (10.0.22621.5262) elapsed time: 38.921475 seconds (0d 0h 0m 38s)

---------------  T H R E A D  ---------------

Current thread (0x000001d61d043c20):  VMThread "VM Thread"          [id=17948, stack(0x0000000d97900000,0x0000000d97a00000) (1024K)]

Stack: [0x0000000d97900000,0x0000000d97a00000]
Native frames: (J=compiled Java code, j=interpreted, Vv=VM code, C=native code)
V  [jvm.dll+0x6cd4e9]
V  [jvm.dll+0x8a7941]
V  [jvm.dll+0x8a9e6e]
V  [jvm.dll+0x8aa543]
V  [jvm.dll+0x27f6d6]
V  [jvm.dll+0x6c9c25]
V  [jvm.dll+0x6be84a]
V  [jvm.dll+0x355c6a]
V  [jvm.dll+0x35d836]
V  [jvm.dll+0x3af40e]
V  [jvm.dll+0x3af6b8]
V  [jvm.dll+0x329dfc]
V  [jvm.dll+0x329e87]
V  [jvm.dll+0x36dc4c]
V  [jvm.dll+0x36c498]
V  [jvm.dll+0x3295c1]
V  [jvm.dll+0x36bb0a]
V  [jvm.dll+0x8b025f]
V  [jvm.dll+0x8b15e4]
V  [jvm.dll+0x8b1b20]
V  [jvm.dll+0x8b1dc3]
V  [jvm.dll+0x8514fb]
V  [jvm.dll+0x6cbbed]
C  [ucrtbase.dll+0x29333]
C  [KERNEL32.DLL+0x1259d]
C  [ntdll.dll+0x5af58]

VM_Operation (0x0000000d972fa790): G1CollectForAllocation, mode: safepoint, requested by thread 0x000001d67e56b960


---------------  P R O C E S S  ---------------

Threads class SMR info:
_java_thread_list=0x000001d668258bf0, length=17, elements={
0x000001d67e56b960, 0x000001d61d063ae0, 0x000001d61d0648e0, 0x000001d61d0699a0,
0x000001d61d06a9c0, 0x000001d61d06bdd0, 0x000001d61d070900, 0x000001d61d076250,
0x000001d61d0785c0, 0x000001d61d27dd90, 0x000001d61d2865e0, 0x000001d665b36540,
0x000001d667578bd0, 0x000001d666682310, 0x000001d667578540, 0x000001d667579f80,
0x000001d667579260
}

Java Threads: ( => current thread )
  0x000001d67e56b960 JavaThread "main"                              [_thread_blocked, id=26808, stack(0x0000000d97200000,0x0000000d97300000) (1024K)]
  0x000001d61d063ae0 JavaThread "Reference Handler"          daemon [_thread_blocked, id=34184, stack(0x0000000d97a00000,0x0000000d97b00000) (1024K)]
  0x000001d61d0648e0 JavaThread "Finalizer"                  daemon [_thread_blocked, id=21412, stack(0x0000000d97b00000,0x0000000d97c00000) (1024K)]
  0x000001d61d0699a0 JavaThread "Signal Dispatcher"          daemon [_thread_blocked, id=37544, stack(0x0000000d97c00000,0x0000000d97d00000) (1024K)]
  0x000001d61d06a9c0 JavaThread "Attach Listener"            daemon [_thread_blocked, id=37152, stack(0x0000000d97d00000,0x0000000d97e00000) (1024K)]
  0x000001d61d06bdd0 JavaThread "Service Thread"             daemon [_thread_blocked, id=17544, stack(0x0000000d97e00000,0x0000000d97f00000) (1024K)]
  0x000001d61d070900 JavaThread "Monitor Deflation Thread"   daemon [_thread_blocked, id=33924, stack(0x0000000d97f00000,0x0000000d98000000) (1024K)]
  0x000001d61d076250 JavaThread "C2 CompilerThread0"         daemon [_thread_blocked, id=34676, stack(0x0000000d98000000,0x0000000d98100000) (1024K)]
  0x000001d61d0785c0 JavaThread "C1 CompilerThread0"         daemon [_thread_blocked, id=27988, stack(0x0000000d98100000,0x0000000d98200000) (1024K)]
  0x000001d61d27dd90 JavaThread "Notification Thread"        daemon [_thread_blocked, id=27520, stack(0x0000000d98200000,0x0000000d98300000) (1024K)]
  0x000001d61d2865e0 JavaThread "Common-Cleaner"             daemon [_thread_blocked, id=24720, stack(0x0000000d98300000,0x0000000d98400000) (1024K)]
  0x000001d665b36540 JavaThread "mysql-cj-abandoned-connection-cleanup" daemon [_thread_blocked, id=33852, stack(0x0000000d98d00000,0x0000000d98e00000) (1024K)]
  0x000001d667578bd0 JavaThread "HikariPool-1 housekeeper"   daemon [_thread_blocked, id=23216, stack(0x0000000d98f00000,0x0000000d99000000) (1024K)]
  0x000001d666682310 JavaThread "C2 CompilerThread1"         daemon [_thread_blocked, id=35020, stack(0x0000000d98500000,0x0000000d98600000) (1024K)]
  0x000001d667578540 JavaThread "Catalina-utility-1"                [_thread_blocked, id=2324, stack(0x0000000d99000000,0x0000000d99100000) (1024K)]
  0x000001d667579f80 JavaThread "Catalina-utility-2"                [_thread_blocked, id=31928, stack(0x0000000d99100000,0x0000000d99200000) (1024K)]
  0x000001d667579260 JavaThread "container-0"                       [_thread_blocked, id=6132, stack(0x0000000d99200000,0x0000000d99300000) (1024K)]
Total: 17

Other Threads:
=>0x000001d61d043c20 VMThread "VM Thread"                           [id=17948, stack(0x0000000d97900000,0x0000000d97a00000) (1024K)]
  0x000001d61d031720 WatcherThread "VM Periodic Task Thread"        [id=22800, stack(0x0000000d97800000,0x0000000d97900000) (1024K)]
  0x000001d67e5c1ec0 WorkerThread "GC Thread#0"                     [id=2060, stack(0x0000000d97300000,0x0000000d97400000) (1024K)]
  0x000001d66321b3b0 WorkerThread "GC Thread#1"                     [id=32820, stack(0x0000000d98600000,0x0000000d98700000) (1024K)]
  0x000001d61d83ee70 WorkerThread "GC Thread#2"                     [id=30428, stack(0x0000000d98700000,0x0000000d98800000) (1024K)]
  0x000001d61d83f210 WorkerThread "GC Thread#3"                     [id=30768, stack(0x0000000d98800000,0x0000000d98900000) (1024K)]
  0x000001d61d83f5b0 WorkerThread "GC Thread#4"                     [id=36132, stack(0x0000000d98900000,0x0000000d98a00000) (1024K)]
  0x000001d66320be20 WorkerThread "GC Thread#5"                     [id=37656, stack(0x0000000d98a00000,0x0000000d98b00000) (1024K)]
  0x000001d66398f730 WorkerThread "GC Thread#6"                     [id=22208, stack(0x0000000d98b00000,0x0000000d98c00000) (1024K)]
  0x000001d6631887b0 WorkerThread "GC Thread#7"                     [id=36888, stack(0x0000000d98c00000,0x0000000d98d00000) (1024K)]
  0x000001d67e5d2fe0 ConcurrentGCThread "G1 Main Marker"            [id=20132, stack(0x0000000d97400000,0x0000000d97500000) (1024K)]
  0x000001d67e5d4280 WorkerThread "G1 Conc#0"                       [id=36920, stack(0x0000000d97500000,0x0000000d97600000) (1024K)]
  0x000001d6637ecab0 WorkerThread "G1 Conc#1"                       [id=29528, stack(0x0000000d98400000,0x0000000d98500000) (1024K)]
  0x000001d61cf00920 ConcurrentGCThread "G1 Refine#0"               [id=37552, stack(0x0000000d97600000,0x0000000d97700000) (1024K)]
  0x000001d61cf012a0 ConcurrentGCThread "G1 Service"                [id=3364, stack(0x0000000d97700000,0x0000000d97800000) (1024K)]
Total: 15

Threads with active compile tasks:
C2 CompilerThread0  38965 10664       4       org.springframework.aop.support.MethodMatchers$UnionMethodMatcher::matches (50 bytes)
C2 CompilerThread1  38965 10811       4       java.io.DataInputStream::readUTF (501 bytes)
Total: 2

VM state: at safepoint (normal execution)

VM Mutex/Monitor currently owned by a thread:  ([mutex/lock_event])
[0x00007ffdaf74d380] Threads_lock - owner thread: 0x000001d61d043c20
[0x00007ffdaf74d480] Heap_lock - owner thread: 0x000001d67e56b960

Heap address: 0x0000000084400000, size: 1980 MB, Compressed Oops mode: 32-bit

CDS archive(s) mapped at: [0x000001d61e000000-0x000001d61ec80000-0x000001d61ec80000), size 13107200, SharedBaseAddress: 0x000001d61e000000, ArchiveRelocationMode: 1.
Compressed class space mapped at: 0x000001d61f000000-0x000001d65f000000, reserved size: 1073741824
Narrow klass base: 0x000001d61e000000, Narrow klass shift: 0, Narrow klass range: 0x100000000

GC Precious Log:
 CardTable entry size: 512
 Card Set container configuration: InlinePtr #cards 5 size 8 Array Of Cards #cards 12 size 40 Howl #buckets 4 coarsen threshold 1843 Howl Bitmap #cards 512 size 80 coarsen threshold 460 Card regions per heap region 1 cards per card region 2048
 CPUs: 8 total, 8 available
 Memory: 7915M
 Large Page Support: Disabled
 NUMA Support: Disabled
 Compressed Oops: Enabled (32-bit)
 Heap Region Size: 1M
 Heap Min Capacity: 8M
 Heap Initial Capacity: 124M
 Heap Max Capacity: 1980M
 Pre-touch: Disabled
 Parallel Workers: 8
 Concurrent Workers: 2
 Concurrent Refinement Workers: 8
 Periodic GC: Disabled

Heap:
 garbage-first heap   total 135168K, used 80329K [0x0000000084400000, 0x0000000100000000)
  region size 1024K, 3 young (3072K), 3 survivors (3072K)
 Metaspace       used 98954K, committed 99648K, reserved 1179648K
  class space    used 12926K, committed 13248K, reserved 1048576K

Heap Regions: E=young(eden), S=young(survivor), O=old, HS=humongous(starts), HC=humongous(continues), CS=collection set, F=free, TAMS=top-at-mark-start, PB=parsable bottom
|   0|0x0000000084400000, 0x0000000084500000, 0x0000000084500000|100%|HS|  |TAMS 0x0000000084400000| PB 0x0000000084400000| Complete 
|   1|0x0000000084500000, 0x0000000084600000, 0x0000000084600000|100%|HS|  |TAMS 0x0000000084500000| PB 0x0000000084500000| Complete 
|   2|0x0000000084600000, 0x0000000084700000, 0x0000000084700000|100%| O|  |TAMS 0x0000000084600000| PB 0x0000000084600000| Untracked 
|   3|0x0000000084700000, 0x0000000084800000, 0x0000000084800000|100%| O|  |TAMS 0x0000000084700000| PB 0x0000000084700000| Untracked 
|   4|0x0000000084800000, 0x0000000084900000, 0x0000000084900000|100%| O|  |TAMS 0x0000000084800000| PB 0x0000000084800000| Untracked 
|   5|0x0000000084900000, 0x0000000084a00000, 0x0000000084a00000|100%| O|  |TAMS 0x0000000084900000| PB 0x0000000084900000| Untracked 
|   6|0x0000000084a00000, 0x0000000084b00000, 0x0000000084b00000|100%| O|  |TAMS 0x0000000084a00000| PB 0x0000000084a00000| Untracked 
|   7|0x0000000084b00000, 0x0000000084c00000, 0x0000000084c00000|100%| O|  |TAMS 0x0000000084b00000| PB 0x0000000084b00000| Untracked 
|   8|0x0000000084c00000, 0x0000000084d00000, 0x0000000084d00000|100%| O|  |TAMS 0x0000000084c00000| PB 0x0000000084c00000| Untracked 
|   9|0x0000000084d00000, 0x0000000084e00000, 0x0000000084e00000|100%| O|  |TAMS 0x0000000084d00000| PB 0x0000000084d00000| Untracked 
|  10|0x0000000084e00000, 0x0000000084f00000, 0x0000000084f00000|100%| O|  |TAMS 0x0000000084e00000| PB 0x0000000084e00000| Untracked 
|  11|0x0000000084f00000, 0x0000000085000000, 0x0000000085000000|100%| O|  |TAMS 0x0000000084f00000| PB 0x0000000084f00000| Untracked 
|  12|0x0000000085000000, 0x0000000085100000, 0x0000000085100000|100%| O|  |TAMS 0x0000000085000000| PB 0x0000000085000000| Untracked 
|  13|0x0000000085100000, 0x0000000085200000, 0x0000000085200000|100%| O|  |TAMS 0x0000000085100000| PB 0x0000000085100000| Untracked 
|  14|0x0000000085200000, 0x0000000085300000, 0x0000000085300000|100%| O|  |TAMS 0x0000000085200000| PB 0x0000000085200000| Untracked 
|  15|0x0000000085300000, 0x0000000085400000, 0x0000000085400000|100%| O|  |TAMS 0x0000000085300000| PB 0x0000000085300000| Untracked 
|  16|0x0000000085400000, 0x0000000085500000, 0x0000000085500000|100%| O|  |TAMS 0x0000000085400000| PB 0x0000000085400000| Untracked 
|  17|0x0000000085500000, 0x0000000085600000, 0x0000000085600000|100%| O|  |TAMS 0x0000000085500000| PB 0x0000000085500000| Untracked 
|  18|0x0000000085600000, 0x0000000085700000, 0x0000000085700000|100%| O|  |TAMS 0x0000000085600000| PB 0x0000000085600000| Untracked 
|  19|0x0000000085700000, 0x0000000085800000, 0x0000000085800000|100%| O|  |TAMS 0x0000000085700000| PB 0x0000000085700000| Untracked 
|  20|0x0000000085800000, 0x0000000085900000, 0x0000000085900000|100%| O|  |TAMS 0x0000000085800000| PB 0x0000000085800000| Untracked 
|  21|0x0000000085900000, 0x0000000085900000, 0x0000000085a00000|  0%| F|  |TAMS 0x0000000085900000| PB 0x0000000085900000| Untracked 
|  22|0x0000000085a00000, 0x0000000085b00000, 0x0000000085b00000|100%| O|  |TAMS 0x0000000085a00000| PB 0x0000000085a00000| Untracked 
|  23|0x0000000085b00000, 0x0000000085c00000, 0x0000000085c00000|100%| O|  |TAMS 0x0000000085b00000| PB 0x0000000085b00000| Untracked 
|  24|0x0000000085c00000, 0x0000000085d00000, 0x0000000085d00000|100%| O|  |TAMS 0x0000000085c00000| PB 0x0000000085c00000| Untracked 
|  25|0x0000000085d00000, 0x0000000085e00000, 0x0000000085e00000|100%| O|  |TAMS 0x0000000085d00000| PB 0x0000000085d00000| Untracked 
|  26|0x0000000085e00000, 0x0000000085f00000, 0x0000000085f00000|100%| O|  |TAMS 0x0000000085e00000| PB 0x0000000085e00000| Untracked 
|  27|0x0000000085f00000, 0x0000000086000000, 0x0000000086000000|100%| O|  |TAMS 0x0000000085f00000| PB 0x0000000085f00000| Untracked 
|  28|0x0000000086000000, 0x0000000086100000, 0x0000000086100000|100%| O|  |TAMS 0x0000000086000000| PB 0x0000000086000000| Untracked 
|  29|0x0000000086100000, 0x0000000086200000, 0x0000000086200000|100%| O|  |TAMS 0x0000000086100000| PB 0x0000000086100000| Untracked 
|  30|0x0000000086200000, 0x0000000086300000, 0x0000000086300000|100%| O|  |TAMS 0x0000000086200000| PB 0x0000000086200000| Untracked 
|  31|0x0000000086300000, 0x0000000086400000, 0x0000000086400000|100%| O|  |TAMS 0x0000000086300000| PB 0x0000000086300000| Untracked 
|  32|0x0000000086400000, 0x0000000086500000, 0x0000000086500000|100%| O|  |TAMS 0x0000000086400000| PB 0x0000000086400000| Untracked 
|  33|0x0000000086500000, 0x0000000086600000, 0x0000000086600000|100%| O|  |TAMS 0x0000000086500000| PB 0x0000000086500000| Untracked 
|  34|0x0000000086600000, 0x0000000086700000, 0x0000000086700000|100%| O|  |TAMS 0x0000000086600000| PB 0x0000000086600000| Untracked 
|  35|0x0000000086700000, 0x0000000086800000, 0x0000000086800000|100%| O|  |TAMS 0x0000000086700000| PB 0x0000000086700000| Untracked 
|  36|0x0000000086800000, 0x0000000086900000, 0x0000000086900000|100%| O|  |TAMS 0x0000000086800000| PB 0x0000000086800000| Untracked 
|  37|0x0000000086900000, 0x0000000086a00000, 0x0000000086a00000|100%| O|  |TAMS 0x0000000086900000| PB 0x0000000086900000| Untracked 
|  38|0x0000000086a00000, 0x0000000086b00000, 0x0000000086b00000|100%| O|  |TAMS 0x0000000086a00000| PB 0x0000000086a00000| Untracked 
|  39|0x0000000086b00000, 0x0000000086c00000, 0x0000000086c00000|100%| O|  |TAMS 0x0000000086b00000| PB 0x0000000086b00000| Untracked 
|  40|0x0000000086c00000, 0x0000000086d00000, 0x0000000086d00000|100%| O|  |TAMS 0x0000000086c00000| PB 0x0000000086c00000| Untracked 
|  41|0x0000000086d00000, 0x0000000086e00000, 0x0000000086e00000|100%| O|  |TAMS 0x0000000086d00000| PB 0x0000000086d00000| Untracked 
|  42|0x0000000086e00000, 0x0000000086f00000, 0x0000000086f00000|100%| O|  |TAMS 0x0000000086e00000| PB 0x0000000086e00000| Untracked 
|  43|0x0000000086f00000, 0x0000000087000000, 0x0000000087000000|100%| O|  |TAMS 0x0000000086f00000| PB 0x0000000086f00000| Untracked 
|  44|0x0000000087000000, 0x0000000087100000, 0x0000000087100000|100%| O|  |TAMS 0x0000000087000000| PB 0x0000000087000000| Untracked 
|  45|0x0000000087100000, 0x0000000087200000, 0x0000000087200000|100%| O|  |TAMS 0x0000000087100000| PB 0x0000000087100000| Untracked 
|  46|0x0000000087200000, 0x0000000087300000, 0x0000000087300000|100%| O|  |TAMS 0x0000000087200000| PB 0x0000000087200000| Untracked 
|  47|0x0000000087300000, 0x0000000087400000, 0x0000000087400000|100%| O|  |TAMS 0x0000000087300000| PB 0x0000000087300000| Untracked 
|  48|0x0000000087400000, 0x0000000087500000, 0x0000000087500000|100%| O|  |TAMS 0x0000000087400000| PB 0x0000000087400000| Untracked 
|  49|0x0000000087500000, 0x0000000087600000, 0x0000000087600000|100%| O|  |TAMS 0x0000000087500000| PB 0x0000000087500000| Untracked 
|  50|0x0000000087600000, 0x0000000087700000, 0x0000000087700000|100%| O|  |TAMS 0x0000000087600000| PB 0x0000000087600000| Untracked 
|  51|0x0000000087700000, 0x0000000087800000, 0x0000000087800000|100%| O|  |TAMS 0x0000000087700000| PB 0x0000000087700000| Untracked 
|  52|0x0000000087800000, 0x0000000087900000, 0x0000000087900000|100%| O|  |TAMS 0x0000000087800000| PB 0x0000000087800000| Untracked 
|  53|0x0000000087900000, 0x0000000087a00000, 0x0000000087a00000|100%| O|  |TAMS 0x0000000087900000| PB 0x0000000087900000| Untracked 
|  54|0x0000000087a00000, 0x0000000087b00000, 0x0000000087b00000|100%| O|  |TAMS 0x0000000087a00000| PB 0x0000000087a00000| Untracked 
|  55|0x0000000087b00000, 0x0000000087c00000, 0x0000000087c00000|100%| O|  |TAMS 0x0000000087b00000| PB 0x0000000087b00000| Untracked 
|  56|0x0000000087c00000, 0x0000000087d00000, 0x0000000087d00000|100%| O|  |TAMS 0x0000000087c00000| PB 0x0000000087c00000| Untracked 
|  57|0x0000000087d00000, 0x0000000087e00000, 0x0000000087e00000|100%|HS|  |TAMS 0x0000000087d00000| PB 0x0000000087d00000| Complete 
|  58|0x0000000087e00000, 0x0000000087f00000, 0x0000000087f00000|100%| O|  |TAMS 0x0000000087e00000| PB 0x0000000087e00000| Untracked 
|  59|0x0000000087f00000, 0x0000000088000000, 0x0000000088000000|100%| O|  |TAMS 0x0000000087f00000| PB 0x0000000087f00000| Untracked 
|  60|0x0000000088000000, 0x0000000088100000, 0x0000000088100000|100%| O|  |TAMS 0x0000000088000000| PB 0x0000000088000000| Untracked 
|  61|0x0000000088100000, 0x0000000088200000, 0x0000000088200000|100%| O|  |TAMS 0x0000000088100000| PB 0x0000000088100000| Untracked 
|  62|0x0000000088200000, 0x0000000088300000, 0x0000000088300000|100%| O|  |TAMS 0x0000000088200000| PB 0x0000000088200000| Untracked 
|  63|0x0000000088300000, 0x0000000088400000, 0x0000000088400000|100%| O|  |TAMS 0x0000000088300000| PB 0x0000000088300000| Untracked 
|  64|0x0000000088400000, 0x0000000088500000, 0x0000000088500000|100%| O|  |TAMS 0x0000000088400000| PB 0x0000000088400000| Untracked 
|  65|0x0000000088500000, 0x0000000088600000, 0x0000000088600000|100%| O|  |TAMS 0x0000000088500000| PB 0x0000000088500000| Untracked 
|  66|0x0000000088600000, 0x0000000088700000, 0x0000000088700000|100%| O|  |TAMS 0x0000000088600000| PB 0x0000000088600000| Untracked 
|  67|0x0000000088700000, 0x0000000088800000, 0x0000000088800000|100%| O|  |TAMS 0x0000000088700000| PB 0x0000000088700000| Untracked 
|  68|0x0000000088800000, 0x0000000088900000, 0x0000000088900000|100%| O|  |TAMS 0x0000000088800000| PB 0x0000000088800000| Untracked 
|  69|0x0000000088900000, 0x0000000088a00000, 0x0000000088a00000|100%| O|  |TAMS 0x0000000088900000| PB 0x0000000088900000| Untracked 
|  70|0x0000000088a00000, 0x0000000088b00000, 0x0000000088b00000|100%| O|  |TAMS 0x0000000088a00000| PB 0x0000000088a00000| Untracked 
|  71|0x0000000088b00000, 0x0000000088c00000, 0x0000000088c00000|100%| O|  |TAMS 0x0000000088b00000| PB 0x0000000088b00000| Untracked 
|  72|0x0000000088c00000, 0x0000000088d00000, 0x0000000088d00000|100%| O|  |TAMS 0x0000000088c00000| PB 0x0000000088c00000| Untracked 
|  73|0x0000000088d00000, 0x0000000088e00000, 0x0000000088e00000|100%| O|  |TAMS 0x0000000088d00000| PB 0x0000000088d00000| Untracked 
|  74|0x0000000088e00000, 0x0000000088e72560, 0x0000000088f00000| 44%| O|  |TAMS 0x0000000088e00000| PB 0x0000000088e00000| Untracked 
|  75|0x0000000088f00000, 0x0000000088f00000, 0x0000000089000000|  0%| F|  |TAMS 0x0000000088f00000| PB 0x0000000088f00000| Untracked 
|  76|0x0000000089000000, 0x0000000089000000, 0x0000000089100000|  0%| F|  |TAMS 0x0000000089000000| PB 0x0000000089000000| Untracked 
|  77|0x0000000089100000, 0x0000000089100000, 0x0000000089200000|  0%| F|  |TAMS 0x0000000089100000| PB 0x0000000089100000| Untracked 
|  78|0x0000000089200000, 0x0000000089200000, 0x0000000089300000|  0%| F|  |TAMS 0x0000000089200000| PB 0x0000000089200000| Untracked 
|  79|0x0000000089300000, 0x0000000089300000, 0x0000000089400000|  0%| F|  |TAMS 0x0000000089300000| PB 0x0000000089300000| Untracked 
|  80|0x0000000089400000, 0x0000000089400000, 0x0000000089500000|  0%| F|  |TAMS 0x0000000089400000| PB 0x0000000089400000| Untracked 
|  81|0x0000000089500000, 0x0000000089500000, 0x0000000089600000|  0%| F|  |TAMS 0x0000000089500000| PB 0x0000000089500000| Untracked 
|  82|0x0000000089600000, 0x0000000089600000, 0x0000000089700000|  0%| F|  |TAMS 0x0000000089600000| PB 0x0000000089600000| Untracked 
|  83|0x0000000089700000, 0x0000000089700000, 0x0000000089800000|  0%| F|  |TAMS 0x0000000089700000| PB 0x0000000089700000| Untracked 
|  84|0x0000000089800000, 0x0000000089800000, 0x0000000089900000|  0%| F|  |TAMS 0x0000000089800000| PB 0x0000000089800000| Untracked 
|  85|0x0000000089900000, 0x0000000089900000, 0x0000000089a00000|  0%| F|  |TAMS 0x0000000089900000| PB 0x0000000089900000| Untracked 
|  86|0x0000000089a00000, 0x0000000089a00000, 0x0000000089b00000|  0%| F|  |TAMS 0x0000000089a00000| PB 0x0000000089a00000| Untracked 
|  87|0x0000000089b00000, 0x0000000089b00000, 0x0000000089c00000|  0%| F|  |TAMS 0x0000000089b00000| PB 0x0000000089b00000| Untracked 
|  88|0x0000000089c00000, 0x0000000089c00000, 0x0000000089d00000|  0%| F|  |TAMS 0x0000000089c00000| PB 0x0000000089c00000| Untracked 
|  89|0x0000000089d00000, 0x0000000089d00000, 0x0000000089e00000|  0%| F|  |TAMS 0x0000000089d00000| PB 0x0000000089d00000| Untracked 
|  90|0x0000000089e00000, 0x0000000089e00000, 0x0000000089f00000|  0%| F|  |TAMS 0x0000000089e00000| PB 0x0000000089e00000| Untracked 
|  91|0x0000000089f00000, 0x000000008a000000, 0x000000008a000000|100%| S|CS|TAMS 0x0000000089f00000| PB 0x0000000089f00000| Complete 
|  92|0x000000008a000000, 0x000000008a100000, 0x000000008a100000|100%| S|CS|TAMS 0x000000008a000000| PB 0x000000008a000000| Complete 
|  93|0x000000008a100000, 0x000000008a200000, 0x000000008a200000|100%| S|CS|TAMS 0x000000008a100000| PB 0x000000008a100000| Complete 
|  94|0x000000008a200000, 0x000000008a200000, 0x000000008a300000|  0%| F|  |TAMS 0x000000008a200000| PB 0x000000008a200000| Untracked 
|  95|0x000000008a300000, 0x000000008a300000, 0x000000008a400000|  0%| F|  |TAMS 0x000000008a300000| PB 0x000000008a300000| Untracked 
|  96|0x000000008a400000, 0x000000008a400000, 0x000000008a500000|  0%| F|  |TAMS 0x000000008a400000| PB 0x000000008a400000| Untracked 
|  97|0x000000008a500000, 0x000000008a500000, 0x000000008a600000|  0%| F|  |TAMS 0x000000008a500000| PB 0x000000008a500000| Untracked 
|  98|0x000000008a600000, 0x000000008a600000, 0x000000008a700000|  0%| F|  |TAMS 0x000000008a600000| PB 0x000000008a600000| Untracked 
|  99|0x000000008a700000, 0x000000008a700000, 0x000000008a800000|  0%| F|  |TAMS 0x000000008a700000| PB 0x000000008a700000| Untracked 
| 100|0x000000008a800000, 0x000000008a800000, 0x000000008a900000|  0%| F|  |TAMS 0x000000008a800000| PB 0x000000008a800000| Untracked 
| 101|0x000000008a900000, 0x000000008a900000, 0x000000008aa00000|  0%| F|  |TAMS 0x000000008a900000| PB 0x000000008a900000| Untracked 
| 102|0x000000008aa00000, 0x000000008aa00000, 0x000000008ab00000|  0%| F|  |TAMS 0x000000008aa00000| PB 0x000000008aa00000| Untracked 
| 103|0x000000008ab00000, 0x000000008ab00000, 0x000000008ac00000|  0%| F|  |TAMS 0x000000008ab00000| PB 0x000000008ab00000| Untracked 
| 104|0x000000008ac00000, 0x000000008ac00000, 0x000000008ad00000|  0%| F|  |TAMS 0x000000008ac00000| PB 0x000000008ac00000| Untracked 
| 105|0x000000008ad00000, 0x000000008ad00000, 0x000000008ae00000|  0%| F|  |TAMS 0x000000008ad00000| PB 0x000000008ad00000| Untracked 
| 106|0x000000008ae00000, 0x000000008ae00000, 0x000000008af00000|  0%| F|  |TAMS 0x000000008ae00000| PB 0x000000008ae00000| Untracked 
| 107|0x000000008af00000, 0x000000008af00000, 0x000000008b000000|  0%| F|  |TAMS 0x000000008af00000| PB 0x000000008af00000| Untracked 
| 108|0x000000008b000000, 0x000000008b000000, 0x000000008b100000|  0%| F|  |TAMS 0x000000008b000000| PB 0x000000008b000000| Untracked 
| 109|0x000000008b100000, 0x000000008b100000, 0x000000008b200000|  0%| F|  |TAMS 0x000000008b100000| PB 0x000000008b100000| Untracked 
| 110|0x000000008b200000, 0x000000008b200000, 0x000000008b300000|  0%| F|  |TAMS 0x000000008b200000| PB 0x000000008b200000| Untracked 
| 111|0x000000008b300000, 0x000000008b300000, 0x000000008b400000|  0%| F|  |TAMS 0x000000008b300000| PB 0x000000008b300000| Untracked 
| 112|0x000000008b400000, 0x000000008b400000, 0x000000008b500000|  0%| F|  |TAMS 0x000000008b400000| PB 0x000000008b400000| Untracked 
| 113|0x000000008b500000, 0x000000008b500000, 0x000000008b600000|  0%| F|  |TAMS 0x000000008b500000| PB 0x000000008b500000| Untracked 
| 114|0x000000008b600000, 0x000000008b600000, 0x000000008b700000|  0%| F|  |TAMS 0x000000008b600000| PB 0x000000008b600000| Untracked 
| 115|0x000000008b700000, 0x000000008b700000, 0x000000008b800000|  0%| F|  |TAMS 0x000000008b700000| PB 0x000000008b700000| Untracked 
| 116|0x000000008b800000, 0x000000008b800000, 0x000000008b900000|  0%| F|  |TAMS 0x000000008b800000| PB 0x000000008b800000| Untracked 
| 117|0x000000008b900000, 0x000000008b900000, 0x000000008ba00000|  0%| F|  |TAMS 0x000000008b900000| PB 0x000000008b900000| Untracked 
| 118|0x000000008ba00000, 0x000000008ba00000, 0x000000008bb00000|  0%| F|  |TAMS 0x000000008ba00000| PB 0x000000008ba00000| Untracked 
| 119|0x000000008bb00000, 0x000000008bb00000, 0x000000008bc00000|  0%| F|  |TAMS 0x000000008bb00000| PB 0x000000008bb00000| Untracked 
| 120|0x000000008bc00000, 0x000000008bc00000, 0x000000008bd00000|  0%| F|  |TAMS 0x000000008bc00000| PB 0x000000008bc00000| Untracked 
| 121|0x000000008bd00000, 0x000000008bd00000, 0x000000008be00000|  0%| F|  |TAMS 0x000000008bd00000| PB 0x000000008bd00000| Untracked 
| 122|0x000000008be00000, 0x000000008be00000, 0x000000008bf00000|  0%| F|  |TAMS 0x000000008be00000| PB 0x000000008be00000| Untracked 
| 123|0x000000008bf00000, 0x000000008bf00000, 0x000000008c000000|  0%| F|  |TAMS 0x000000008bf00000| PB 0x000000008bf00000| Untracked 
| 124|0x000000008c000000, 0x000000008c000000, 0x000000008c100000|  0%| F|  |TAMS 0x000000008c000000| PB 0x000000008c000000| Untracked 
| 125|0x000000008c100000, 0x000000008c100000, 0x000000008c200000|  0%| F|  |TAMS 0x000000008c100000| PB 0x000000008c100000| Untracked 
| 126|0x000000008c200000, 0x000000008c200000, 0x000000008c300000|  0%| F|  |TAMS 0x000000008c200000| PB 0x000000008c200000| Untracked 
| 127|0x000000008c300000, 0x000000008c300000, 0x000000008c400000|  0%| F|  |TAMS 0x000000008c300000| PB 0x000000008c300000| Untracked 
| 128|0x000000008c400000, 0x000000008c400000, 0x000000008c500000|  0%| F|  |TAMS 0x000000008c400000| PB 0x000000008c400000| Untracked 
| 129|0x000000008c500000, 0x000000008c500000, 0x000000008c600000|  0%| F|  |TAMS 0x000000008c500000| PB 0x000000008c500000| Untracked 
|1978|0x00000000ffe00000, 0x00000000fff00000, 0x00000000fff00000|100%| O|  |TAMS 0x00000000ffe00000| PB 0x00000000ffe00000| Untracked 
|1979|0x00000000fff00000, 0x0000000100000000, 0x0000000100000000|100%| O|  |TAMS 0x00000000fff00000| PB 0x00000000fff00000| Untracked 

Card table byte_map: [0x000001d6182a0000,0x000001d618680000] _byte_map_base: 0x000001d617e7e000

Marking Bits: (CMBitMap*) 0x000001d67e5c2dd0
 Bits: [0x000001d618680000, 0x000001d61a570000)

Polling page: 0x000001d67e600000

Metaspace:

Usage:
  Non-class:     84.01 MB used.
      Class:     12.62 MB used.
       Both:     96.64 MB used.

Virtual space:
  Non-class space:      128.00 MB reserved,      84.38 MB ( 66%) committed,  2 nodes.
      Class space:        1.00 GB reserved,      12.94 MB (  1%) committed,  1 nodes.
             Both:        1.12 GB reserved,      97.31 MB (  8%) committed. 

Chunk freelists:
   Non-Class:  11.64 MB
       Class:  2.89 MB
        Both:  14.53 MB

MaxMetaspaceSize: unlimited
CompressedClassSpaceSize: 1.00 GB
Initial GC threshold: 21.00 MB
Current GC threshold: 146.38 MB
CDS: on
 - commit_granule_bytes: 65536.
 - commit_granule_words: 8192.
 - virtual_space_node_default_size: 8388608.
 - enlarge_chunks_in_place: 1.
 - use_allocation_guard: 0.


Internal statistics:

num_allocs_failed_limit: 12.
num_arena_births: 1038.
num_arena_deaths: 0.
num_vsnodes_births: 3.
num_vsnodes_deaths: 0.
num_space_committed: 1557.
num_space_uncommitted: 0.
num_chunks_returned_to_freelist: 12.
num_chunks_taken_from_freelist: 4552.
num_chunk_merges: 9.
num_chunk_splits: 3452.
num_chunks_enlarged: 2828.
num_inconsistent_stats: 0.

CodeHeap 'non-profiled nmethods': size=120000Kb used=6044Kb max_used=6533Kb free=113955Kb
 bounds [0x000001d6100f0000, 0x000001d610760000, 0x000001d617620000]
CodeHeap 'profiled nmethods': size=120000Kb used=16876Kb max_used=18452Kb free=103123Kb
 bounds [0x000001d608620000, 0x000001d609830000, 0x000001d60fb50000]
CodeHeap 'non-nmethods': size=5760Kb used=1987Kb max_used=2046Kb free=3772Kb
 bounds [0x000001d60fb50000, 0x000001d60fdc0000, 0x000001d6100f0000]
 total_blobs=9738 nmethods=8964 adapters=677
 compilation: enabled
              stopped_count=0, restarted_count=0
 full_count=0

Compilation events (20 events):
Event: 38.889 Thread 0x000001d61d0785c0 10839       1       org.hibernate.internal.SessionFactoryImpl::getFastSessionServices (5 bytes)
Event: 38.889 Thread 0x000001d61d0785c0 nmethod 10839 0x000001d61042e190 code [0x000001d61042e320, 0x000001d61042e3e8]
Event: 38.889 Thread 0x000001d61d0785c0 10840       3       java.util.regex.Pattern::mark (11 bytes)
Event: 38.889 Thread 0x000001d61d0785c0 nmethod 10840 0x000001d609674c90 code [0x000001d609674e40, 0x000001d609674f78]
Event: 38.892 Thread 0x000001d61d0785c0 10841       3       java.util.stream.Collectors$$Lambda/0x80000003e::accept (12 bytes)
Event: 38.892 Thread 0x000001d61d0785c0 nmethod 10841 0x000001d608c09310 code [0x000001d608c094e0, 0x000001d608c09828]
Event: 38.892 Thread 0x000001d61d0785c0 10842       3       org.hibernate.query.sqm.tree.domain.AbstractSqmPath::getNodeType (11 bytes)
Event: 38.892 Thread 0x000001d61d0785c0 nmethod 10842 0x000001d608c08e10 code [0x000001d608c08fc0, 0x000001d608c09258]
Event: 38.892 Thread 0x000001d61d0785c0 10843       1       org.hibernate.metamodel.model.domain.internal.AbstractSqmPathSource::getSqmPathType (5 bytes)
Event: 38.892 Thread 0x000001d61d0785c0 nmethod 10843 0x000001d61042de90 code [0x000001d61042e020, 0x000001d61042e0e8]
Event: 38.894 Thread 0x000001d61d0785c0 10844       3       java.util.concurrent.ConcurrentLinkedQueue$Node::<init> (13 bytes)
Event: 38.894 Thread 0x000001d61d0785c0 nmethod 10844 0x000001d609136e90 code [0x000001d6091370e0, 0x000001d609137a10]
Event: 38.895 Thread 0x000001d61d0785c0 10845       3       org.hibernate.query.sqm.tree.AbstractSqmNode::<init> (10 bytes)
Event: 38.895 Thread 0x000001d666682310 nmethod 10803 0x000001d610540410 code [0x000001d6105406c0, 0x000001d6105415d8]
Event: 38.895 Thread 0x000001d61d0785c0 nmethod 10845 0x000001d60970d510 code [0x000001d60970d6c0, 0x000001d60970d878]
Event: 38.895 Thread 0x000001d61d0785c0 10847       1       org.springframework.data.repository.query.parser.Part::getProperty (5 bytes)
Event: 38.895 Thread 0x000001d666682310 10811       4       java.io.DataInputStream::readUTF (501 bytes)
Event: 38.895 Thread 0x000001d61d0785c0 nmethod 10847 0x000001d61042db90 code [0x000001d61042dd20, 0x000001d61042dde8]
Event: 38.895 Thread 0x000001d61d0785c0 10848       3       org.springframework.aop.support.AopUtils::isEqualsMethod (5 bytes)
Event: 38.895 Thread 0x000001d61d0785c0 nmethod 10848 0x000001d609357710 code [0x000001d6093578c0, 0x000001d6093579d8]

GC Heap History (20 events):
Event: 34.804 GC heap after
{Heap after GC invocations=18 (full 0):
 garbage-first heap   total 96256K, used 48583K [0x0000000084400000, 0x0000000100000000)
  region size 1024K, 6 young (6144K), 6 survivors (6144K)
 Metaspace       used 85150K, committed 85760K, reserved 1179648K
  class space    used 11190K, committed 11456K, reserved 1048576K
}
Event: 35.349 GC heap before
{Heap before GC invocations=19 (full 0):
 garbage-first heap   total 96256K, used 83399K [0x0000000084400000, 0x0000000100000000)
  region size 1024K, 40 young (40960K), 6 survivors (6144K)
 Metaspace       used 86739K, committed 87424K, reserved 1179648K
  class space    used 11584K, committed 11904K, reserved 1048576K
}
Event: 35.364 GC heap after
{Heap after GC invocations=20 (full 0):
 garbage-first heap   total 96256K, used 49961K [0x0000000084400000, 0x0000000100000000)
  region size 1024K, 2 young (2048K), 2 survivors (2048K)
 Metaspace       used 86739K, committed 87424K, reserved 1179648K
  class space    used 11584K, committed 11904K, reserved 1048576K
}
Event: 35.775 GC heap before
{Heap before GC invocations=20 (full 0):
 garbage-first heap   total 96256K, used 86825K [0x0000000084400000, 0x0000000100000000)
  region size 1024K, 38 young (38912K), 2 survivors (2048K)
 Metaspace       used 89026K, committed 89664K, reserved 1179648K
  class space    used 11895K, committed 12160K, reserved 1048576K
}
Event: 35.789 GC heap after
{Heap after GC invocations=21 (full 0):
 garbage-first heap   total 96256K, used 53070K [0x0000000084400000, 0x0000000100000000)
  region size 1024K, 5 young (5120K), 5 survivors (5120K)
 Metaspace       used 89026K, committed 89664K, reserved 1179648K
  class space    used 11895K, committed 12160K, reserved 1048576K
}
Event: 35.875 GC heap before
{Heap before GC invocations=21 (full 0):
 garbage-first heap   total 96256K, used 84814K [0x0000000084400000, 0x0000000100000000)
  region size 1024K, 36 young (36864K), 5 survivors (5120K)
 Metaspace       used 89032K, committed 89664K, reserved 1179648K
  class space    used 11895K, committed 12160K, reserved 1048576K
}
Event: 35.882 GC heap after
{Heap after GC invocations=22 (full 0):
 garbage-first heap   total 96256K, used 51215K [0x0000000084400000, 0x0000000100000000)
  region size 1024K, 1 young (1024K), 1 survivors (1024K)
 Metaspace       used 89032K, committed 89664K, reserved 1179648K
  class space    used 11895K, committed 12160K, reserved 1048576K
}
Event: 35.991 GC heap before
{Heap before GC invocations=23 (full 0):
 garbage-first heap   total 96256K, used 88079K [0x0000000084400000, 0x0000000100000000)
  region size 1024K, 37 young (37888K), 1 survivors (1024K)
 Metaspace       used 89035K, committed 89664K, reserved 1179648K
  class space    used 11895K, committed 12160K, reserved 1048576K
}
Event: 35.993 GC heap after
{Heap after GC invocations=24 (full 0):
 garbage-first heap   total 96256K, used 51884K [0x0000000084400000, 0x0000000100000000)
  region size 1024K, 2 young (2048K), 2 survivors (2048K)
 Metaspace       used 89035K, committed 89664K, reserved 1179648K
  class space    used 11895K, committed 12160K, reserved 1048576K
}
Event: 36.051 GC heap before
{Heap before GC invocations=24 (full 0):
 garbage-first heap   total 96256K, used 86700K [0x0000000084400000, 0x0000000100000000)
  region size 1024K, 36 young (36864K), 2 survivors (2048K)
 Metaspace       used 89051K, committed 89664K, reserved 1179648K
  class space    used 11898K, committed 12160K, reserved 1048576K
}
Event: 36.091 GC heap after
{Heap after GC invocations=25 (full 0):
 garbage-first heap   total 135168K, used 55045K [0x0000000084400000, 0x0000000100000000)
  region size 1024K, 5 young (5120K), 5 survivors (5120K)
 Metaspace       used 89051K, committed 89664K, reserved 1179648K
  class space    used 11898K, committed 12160K, reserved 1048576K
}
Event: 36.288 GC heap before
{Heap before GC invocations=25 (full 0):
 garbage-first heap   total 135168K, used 121605K [0x0000000084400000, 0x0000000100000000)
  region size 1024K, 70 young (71680K), 5 survivors (5120K)
 Metaspace       used 89067K, committed 89664K, reserved 1179648K
  class space    used 11898K, committed 12160K, reserved 1048576K
}
Event: 36.297 GC heap after
{Heap after GC invocations=26 (full 0):
 garbage-first heap   total 135168K, used 56677K [0x0000000084400000, 0x0000000100000000)
  region size 1024K, 6 young (6144K), 6 survivors (6144K)
 Metaspace       used 89067K, committed 89664K, reserved 1179648K
  class space    used 11898K, committed 12160K, reserved 1048576K
}
Event: 36.442 GC heap before
{Heap before GC invocations=26 (full 0):
 garbage-first heap   total 135168K, used 120165K [0x0000000084400000, 0x0000000100000000)
  region size 1024K, 68 young (69632K), 6 survivors (6144K)
 Metaspace       used 89077K, committed 89664K, reserved 1179648K
  class space    used 11898K, committed 12160K, reserved 1048576K
}
Event: 36.447 GC heap after
{Heap after GC invocations=27 (full 0):
 garbage-first heap   total 135168K, used 55341K [0x0000000084400000, 0x0000000100000000)
  region size 1024K, 4 young (4096K), 4 survivors (4096K)
 Metaspace       used 89077K, committed 89664K, reserved 1179648K
  class space    used 11898K, committed 12160K, reserved 1048576K
}
Event: 36.497 GC heap before
{Heap before GC invocations=27 (full 0):
 garbage-first heap   total 135168K, used 90157K [0x0000000084400000, 0x0000000100000000)
  region size 1024K, 39 young (39936K), 4 survivors (4096K)
 Metaspace       used 89077K, committed 89664K, reserved 1179648K
  class space    used 11898K, committed 12160K, reserved 1048576K
}
Event: 36.512 GC heap after
{Heap after GC invocations=28 (full 0):
 garbage-first heap   total 135168K, used 69632K [0x0000000084400000, 0x0000000100000000)
  region size 1024K, 9 young (9216K), 9 survivors (9216K)
 Metaspace       used 89077K, committed 89664K, reserved 1179648K
  class space    used 11898K, committed 12160K, reserved 1048576K
}
Event: 37.472 GC heap before
{Heap before GC invocations=29 (full 0):
 garbage-first heap   total 135168K, used 110592K [0x0000000084400000, 0x0000000100000000)
  region size 1024K, 48 young (49152K), 9 survivors (9216K)
 Metaspace       used 94374K, committed 95040K, reserved 1179648K
  class space    used 12495K, committed 12800K, reserved 1048576K
}
Event: 37.486 GC heap after
{Heap after GC invocations=30 (full 0):
 garbage-first heap   total 135168K, used 77824K [0x0000000084400000, 0x0000000100000000)
  region size 1024K, 6 young (6144K), 6 survivors (6144K)
 Metaspace       used 94374K, committed 95040K, reserved 1179648K
  class space    used 12495K, committed 12800K, reserved 1048576K
}
Event: 38.907 GC heap before
{Heap before GC invocations=30 (full 0):
 garbage-first heap   total 135168K, used 114688K [0x0000000084400000, 0x0000000100000000)
  region size 1024K, 42 young (43008K), 6 survivors (6144K)
 Metaspace       used 98954K, committed 99648K, reserved 1179648K
  class space    used 12926K, committed 13248K, reserved 1048576K
}

Dll operation events (11 events):
Event: 0.052 Loaded shared library C:\Program Files\Eclipse Adoptium\jdk-21.0.5.11-hotspot\bin\java.dll
Event: 0.370 Loaded shared library C:\Program Files\Eclipse Adoptium\jdk-21.0.5.11-hotspot\bin\jsvml.dll
Event: 0.598 Loaded shared library C:\Program Files\Eclipse Adoptium\jdk-21.0.5.11-hotspot\bin\net.dll
Event: 0.621 Loaded shared library C:\Program Files\Eclipse Adoptium\jdk-21.0.5.11-hotspot\bin\nio.dll
Event: 0.625 Loaded shared library C:\Program Files\Eclipse Adoptium\jdk-21.0.5.11-hotspot\bin\zip.dll
Event: 1.032 Loaded shared library C:\Program Files\Eclipse Adoptium\jdk-21.0.5.11-hotspot\bin\jimage.dll
Event: 5.002 Loaded shared library C:\Program Files\Eclipse Adoptium\jdk-21.0.5.11-hotspot\bin\sunmscapi.dll
Event: 21.996 Loaded shared library C:\Program Files\Eclipse Adoptium\jdk-21.0.5.11-hotspot\bin\management.dll
Event: 22.005 Loaded shared library C:\Program Files\Eclipse Adoptium\jdk-21.0.5.11-hotspot\bin\management_ext.dll
Event: 25.516 Loaded shared library C:\Program Files\Eclipse Adoptium\jdk-21.0.5.11-hotspot\bin\verify.dll
Event: 26.182 Loaded shared library C:\Program Files\Eclipse Adoptium\jdk-21.0.5.11-hotspot\bin\extnet.dll

Deoptimization events (20 events):
Event: 38.517 Thread 0x000001d67e56b960 Uncommon trap: trap_request=0xffffff45 fr.pc=0x000001d610530104 relative=0x0000000000001224
Event: 38.517 Thread 0x000001d67e56b960 Uncommon trap: reason=unstable_if action=reinterpret pc=0x000001d610530104 method=java.io.DataInputStream.readUTF(Ljava/io/DataInput;)Ljava/lang/String; @ 154 c2
Event: 38.517 Thread 0x000001d67e56b960 DEOPT PACKING pc=0x000001d610530104 sp=0x0000000d972fa810
Event: 38.517 Thread 0x000001d67e56b960 DEOPT UNPACKING pc=0x000001d60fba7da2 sp=0x0000000d972fa7b8 mode 2
Event: 38.547 Thread 0x000001d67e56b960 Uncommon trap: trap_request=0xffffffc6 fr.pc=0x000001d6103e44a8 relative=0x00000000000005a8
Event: 38.547 Thread 0x000001d67e56b960 Uncommon trap: reason=bimorphic_or_optimized_type_check action=maybe_recompile pc=0x000001d6103e44a8 method=java.lang.reflect.Constructor.newInstanceWithCaller([Ljava/lang/Object;ZLjava/lang/Class;)Ljava/lang/Object; @ 41 c2
Event: 38.547 Thread 0x000001d67e56b960 DEOPT PACKING pc=0x000001d6103e44a8 sp=0x0000000d972fbb50
Event: 38.547 Thread 0x000001d67e56b960 DEOPT UNPACKING pc=0x000001d60fba7da2 sp=0x0000000d972fba68 mode 2
Event: 38.547 Thread 0x000001d67e56b960 Uncommon trap: trap_request=0xffffff45 fr.pc=0x000001d610479230 relative=0x0000000000000090
Event: 38.547 Thread 0x000001d67e56b960 Uncommon trap: reason=unstable_if action=reinterpret pc=0x000001d610479230 method=org.springframework.aop.framework.autoproxy.AbstractAutoProxyCreator.predictBeanType(Ljava/lang/Class;Ljava/lang/String;)Ljava/lang/Class; @ 9 c2
Event: 38.547 Thread 0x000001d67e56b960 DEOPT PACKING pc=0x000001d610479230 sp=0x0000000d972fc570
Event: 38.547 Thread 0x000001d67e56b960 DEOPT UNPACKING pc=0x000001d60fba7da2 sp=0x0000000d972fc500 mode 2
Event: 38.553 Thread 0x000001d67e56b960 Uncommon trap: trap_request=0xffffff45 fr.pc=0x000001d610537470 relative=0x00000000000054f0
Event: 38.553 Thread 0x000001d67e56b960 Uncommon trap: reason=unstable_if action=reinterpret pc=0x000001d610537470 method=org.aspectj.apache.bcel.classfile.Attribute.readAttribute(Ljava/io/DataInputStream;Lorg/aspectj/apache/bcel/classfile/ConstantPool;)Lorg/aspectj/apache/bcel/classfile/Attrib
Event: 38.553 Thread 0x000001d67e56b960 DEOPT PACKING pc=0x000001d610537470 sp=0x0000000d972fbe00
Event: 38.553 Thread 0x000001d67e56b960 DEOPT UNPACKING pc=0x000001d60fba7da2 sp=0x0000000d972fbdd8 mode 2
Event: 38.572 Thread 0x000001d67e56b960 Uncommon trap: trap_request=0xffffffc6 fr.pc=0x000001d6103e44a8 relative=0x00000000000005a8
Event: 38.572 Thread 0x000001d67e56b960 Uncommon trap: reason=bimorphic_or_optimized_type_check action=maybe_recompile pc=0x000001d6103e44a8 method=java.lang.reflect.Constructor.newInstanceWithCaller([Ljava/lang/Object;ZLjava/lang/Class;)Ljava/lang/Object; @ 41 c2
Event: 38.572 Thread 0x000001d67e56b960 DEOPT PACKING pc=0x000001d6103e44a8 sp=0x0000000d972fc6f0
Event: 38.572 Thread 0x000001d67e56b960 DEOPT UNPACKING pc=0x000001d60fba7da2 sp=0x0000000d972fc608 mode 2

Classes loaded (20 events):
Event: 37.142 Loading class java/io/BufferedReader$1
Event: 37.143 Loading class java/io/BufferedReader$1 done
Event: 37.144 Loading class java/util/stream/ReferencePipeline$4
Event: 37.144 Loading class java/util/stream/ReferencePipeline$4 done
Event: 37.145 Loading class java/util/function/IntBinaryOperator
Event: 37.145 Loading class java/util/function/IntBinaryOperator done
Event: 37.145 Loading class java/util/stream/ReduceOps$7
Event: 37.145 Loading class java/util/stream/ReduceOps$7 done
Event: 37.145 Loading class java/util/stream/ReduceOps$6ReducingSink
Event: 37.145 Loading class java/util/stream/ReduceOps$6ReducingSink done
Event: 37.145 Loading class java/util/stream/ReferencePipeline$4$1
Event: 37.145 Loading class java/util/stream/ReferencePipeline$4$1 done
Event: 37.145 Loading class java/util/function/IntSupplier
Event: 37.145 Loading class java/util/function/IntSupplier done
Event: 38.650 Loading class java/util/stream/SortedOps$SizedRefSortingSink
Event: 38.651 Loading class java/util/stream/SortedOps$SizedRefSortingSink done
Event: 38.676 Loading class javax/net/ssl/SSLException
Event: 38.676 Loading class javax/net/ssl/SSLException done
Event: 38.755 Loading class java/nio/channels/CompletionHandler
Event: 38.755 Loading class java/nio/channels/CompletionHandler done

Classes unloaded (0 events):
No events

Classes redefined (0 events):
No events

Internal exceptions (20 events):
Event: 32.768 Thread 0x000001d67e56b960 Implicit null exception at 0x000001d6106c42c1 to 0x000001d6106c4434
Event: 32.973 Thread 0x000001d67e56b960 Exception <a 'java/lang/NoSuchMethodError'{0x00000000875253e8}: 'void java.lang.invoke.DirectMethodHandle$Holder.invokeInterface(java.lang.Object, java.lang.Object)'> (0x00000000875253e8) 
thrown [s\src\hotspot\share\interpreter\linkResolver.cpp, line 773]
Event: 33.400 Thread 0x000001d67e56b960 Exception <a 'java/lang/NoSuchMethodError'{0x0000000089af51a0}: 'java.lang.Object java.lang.invoke.DirectMethodHandle$Holder.invokeSpecial(java.lang.Object, java.lang.Object, int, java.lang.Object, int)'> (0x0000000089af51a0) 
thrown [s\src\hotspot\share\interpreter\linkResolver.cpp, line 773]
Event: 33.812 Thread 0x000001d67e56b960 Implicit null exception at 0x000001d61058ab38 to 0x000001d61058c5cc
Event: 33.837 Thread 0x000001d67e56b960 Exception <a 'java/lang/IncompatibleClassChangeError'{0x0000000088fb3cb8}: Found class java.lang.Object, but interface was expected> (0x0000000088fb3cb8) 
thrown [s\src\hotspot\share\interpreter\linkResolver.cpp, line 840]
Event: 33.895 Thread 0x000001d67e56b960 Implicit null exception at 0x000001d61018c2f7 to 0x000001d61018c560
Event: 33.935 Thread 0x000001d67e56b960 Exception <a 'java/lang/IncompatibleClassChangeError'{0x0000000088c77b10}: Found class java.lang.Object, but interface was expected> (0x0000000088c77b10) 
thrown [s\src\hotspot\share\interpreter\linkResolver.cpp, line 840]
Event: 34.193 Thread 0x000001d67e56b960 Exception <a 'java/lang/IncompatibleClassChangeError'{0x000000008830ef18}: Found class java.lang.Object, but interface was expected> (0x000000008830ef18) 
thrown [s\src\hotspot\share\interpreter\linkResolver.cpp, line 840]
Event: 35.637 Thread 0x000001d67e56b960 Exception <a 'java/lang/IncompatibleClassChangeError'{0x0000000089048c60}: Found class java.lang.Object, but interface was expected> (0x0000000089048c60) 
thrown [s\src\hotspot\share\interpreter\linkResolver.cpp, line 840]
Event: 36.599 Thread 0x000001d67e56b960 Exception <a 'java/lang/NoSuchMethodError'{0x000000008ba3d738}: 'void java.lang.invoke.Invokers$Holder.invokeExact_MT(java.lang.Object, java.lang.Object, java.lang.Object, java.lang.Object)'> (0x000000008ba3d738) 
thrown [s\src\hotspot\share\interpreter\linkResolver.cpp, line 773]
Event: 36.621 Thread 0x000001d67e56b960 Exception <a 'java/lang/NoSuchMethodError'{0x000000008bab20d0}: 'long java.lang.invoke.DelegatingMethodHandle$Holder.reinvoke_L(java.lang.Object, java.lang.Object)'> (0x000000008bab20d0) 
thrown [s\src\hotspot\share\interpreter\linkResolver.cpp, line 773]
Event: 36.621 Thread 0x000001d67e56b960 Exception <a 'java/lang/NoSuchMethodError'{0x000000008babc310}: 'void java.lang.invoke.DelegatingMethodHandle$Holder.reinvoke_L(java.lang.Object, java.lang.Object, long)'> (0x000000008babc310) 
thrown [s\src\hotspot\share\interpreter\linkResolver.cpp, line 773]
Event: 36.658 Thread 0x000001d67e56b960 Exception <a 'java/lang/NoSuchMethodError'{0x000000008b7cc220}: 'void java.lang.invoke.Invokers$Holder.invokeExact_MT(java.lang.Object, java.lang.Object, int, java.lang.Object)'> (0x000000008b7cc220) 
thrown [s\src\hotspot\share\interpreter\linkResolver.cpp, line 773]
Event: 36.832 Thread 0x000001d67e56b960 Exception <a 'sun/nio/fs/WindowsException'{0x000000008b436530}> (0x000000008b436530) 
thrown [s\src\hotspot\share\prims\jni.cpp, line 520]
Event: 37.120 Thread 0x000001d67e56b960 Exception <a 'java/lang/NoSuchMethodError'{0x000000008ab47af0}: 'java.lang.Object java.lang.invoke.DirectMethodHandle$Holder.invokeSpecialIFC(java.lang.Object, java.lang.Object)'> (0x000000008ab47af0) 
thrown [s\src\hotspot\share\interpreter\linkResolver.cpp, line 773]
Event: 37.487 Thread 0x000001d67e56b960 Exception <a 'java/lang/IncompatibleClassChangeError'{0x000000008c503c88}: Found class java.lang.Object, but interface was expected> (0x000000008c503c88) 
thrown [s\src\hotspot\share\interpreter\linkResolver.cpp, line 840]
Event: 37.554 Thread 0x000001d67e56b960 Exception <a 'java/lang/IncompatibleClassChangeError'{0x000000008c298440}: Found class java.lang.Object, but interface was expected> (0x000000008c298440) 
thrown [s\src\hotspot\share\interpreter\linkResolver.cpp, line 840]
Event: 37.891 Thread 0x000001d67e56b960 Exception <a 'java/lang/NoSuchMethodError'{0x000000008bc5af60}: 'float java.lang.invoke.DirectMethodHandle$Holder.invokeStatic(java.lang.Object, java.lang.Object)'> (0x000000008bc5af60) 
thrown [s\src\hotspot\share\interpreter\linkResolver.cpp, line 773]
Event: 37.891 Thread 0x000001d67e56b960 Exception <a 'java/lang/NoSuchMethodError'{0x000000008bc614b8}: 'double java.lang.invoke.DirectMethodHandle$Holder.invokeStatic(java.lang.Object, java.lang.Object)'> (0x000000008bc614b8) 
thrown [s\src\hotspot\share\interpreter\linkResolver.cpp, line 773]
Event: 38.756 Thread 0x000001d67e56b960 Exception <a 'java/lang/NoSuchMethodError'{0x000000008a7890f0}: 'long java.lang.invoke.DirectMethodHandle$Holder.invokeVirtual(java.lang.Object, java.lang.Object)'> (0x000000008a7890f0) 
thrown [s\src\hotspot\share\interpreter\linkResolver.cpp, line 773]

ZGC Phase Switch (0 events):
No events

VM Operations (20 events):
Event: 36.602 Executing VM operation: G1PauseCleanup done
Event: 36.835 Executing VM operation: HandshakeAllThreads (Deoptimize)
Event: 36.835 Executing VM operation: HandshakeAllThreads (Deoptimize) done
Event: 36.879 Executing VM operation: HandshakeAllThreads (Deoptimize)
Event: 36.879 Executing VM operation: HandshakeAllThreads (Deoptimize) done
Event: 36.962 Executing VM operation: HandshakeAllThreads (Deoptimize)
Event: 36.962 Executing VM operation: HandshakeAllThreads (Deoptimize) done
Event: 37.166 Executing VM operation: HandshakeAllThreads (Deoptimize)
Event: 37.166 Executing VM operation: HandshakeAllThreads (Deoptimize) done
Event: 37.472 Executing VM operation: G1CollectForAllocation (G1 Evacuation Pause)
Event: 37.486 Executing VM operation: G1CollectForAllocation (G1 Evacuation Pause) done
Event: 38.499 Executing VM operation: Cleanup
Event: 38.499 Executing VM operation: Cleanup done
Event: 38.631 Executing VM operation: HandshakeAllThreads (Deoptimize)
Event: 38.631 Executing VM operation: HandshakeAllThreads (Deoptimize) done
Event: 38.633 Executing VM operation: HandshakeAllThreads (Deoptimize)
Event: 38.633 Executing VM operation: HandshakeAllThreads (Deoptimize) done
Event: 38.788 Executing VM operation: HandshakeAllThreads (Deoptimize)
Event: 38.788 Executing VM operation: HandshakeAllThreads (Deoptimize) done
Event: 38.906 Executing VM operation: G1CollectForAllocation (G1 Evacuation Pause)

Memory protections (0 events):
No events

Nmethod flushes (20 events):
Event: 36.568 Thread 0x000001d61d043c20 flushing  nmethod 0x000001d608fda390
Event: 36.568 Thread 0x000001d61d043c20 flushing  nmethod 0x000001d608fde290
Event: 36.568 Thread 0x000001d61d043c20 flushing  nmethod 0x000001d609048710
Event: 36.568 Thread 0x000001d61d043c20 flushing  nmethod 0x000001d60904a210
Event: 36.568 Thread 0x000001d61d043c20 flushing  nmethod 0x000001d609204710
Event: 36.568 Thread 0x000001d61d043c20 flushing  nmethod 0x000001d60970d510
Event: 36.568 Thread 0x000001d61d043c20 flushing  nmethod 0x000001d6097fdd90
Event: 36.568 Thread 0x000001d61d043c20 flushing  nmethod 0x000001d609800790
Event: 36.568 Thread 0x000001d61d043c20 flushing  nmethod 0x000001d609800d10
Event: 36.568 Thread 0x000001d61d043c20 flushing  nmethod 0x000001d609803210
Event: 36.568 Thread 0x000001d61d043c20 flushing  nmethod 0x000001d609811290
Event: 36.568 Thread 0x000001d61d043c20 flushing  nmethod 0x000001d609811790
Event: 36.568 Thread 0x000001d61d043c20 flushing  nmethod 0x000001d609811a90
Event: 36.568 Thread 0x000001d61d043c20 flushing  nmethod 0x000001d609816490
Event: 36.568 Thread 0x000001d61d043c20 flushing  nmethod 0x000001d609817090
Event: 36.568 Thread 0x000001d61d043c20 flushing  nmethod 0x000001d609817590
Event: 36.568 Thread 0x000001d61d043c20 flushing  nmethod 0x000001d609818090
Event: 36.568 Thread 0x000001d61d043c20 flushing  nmethod 0x000001d609818990
Event: 36.568 Thread 0x000001d61d043c20 flushing  nmethod 0x000001d609818e10
Event: 36.568 Thread 0x000001d61d043c20 flushing  nmethod 0x000001d609819c90

Events (20 events):
Event: 26.475 Thread 0x000001d667578bd0 Thread added: 0x000001d667579260
Event: 26.558 Thread 0x000001d61d0785c0 Thread added: 0x000001d6632c0f80
Event: 26.745 Thread 0x000001d6632c0f80 Thread exited: 0x000001d6632c0f80
Event: 27.212 Thread 0x000001d61d0785c0 Thread added: 0x000001d6632bed70
Event: 28.562 Thread 0x000001d6632bed70 Thread exited: 0x000001d6632bed70
Event: 29.596 Thread 0x000001d61d0785c0 Thread added: 0x000001d664d4fab0
Event: 30.755 Thread 0x000001d664d4fab0 Thread exited: 0x000001d664d4fab0
Event: 31.806 Thread 0x000001d61d0785c0 Thread added: 0x000001d666682310
Event: 31.927 Thread 0x000001d667579260 Thread exited: 0x000001d667579260
Event: 32.614 Thread 0x000001d666682310 Thread exited: 0x000001d666682310
Event: 32.903 Thread 0x000001d61d0785c0 Thread added: 0x000001d666681c40
Event: 33.183 Thread 0x000001d666681c40 Thread exited: 0x000001d666681c40
Event: 33.421 Thread 0x000001d61d0785c0 Thread added: 0x000001d666683e50
Event: 34.655 Thread 0x000001d666683e50 Thread exited: 0x000001d666683e50
Event: 34.844 Thread 0x000001d61d0785c0 Thread added: 0x000001d6666830b0
Event: 37.874 Thread 0x000001d6666830b0 Thread exited: 0x000001d6666830b0
Event: 38.300 Thread 0x000001d61d0785c0 Thread added: 0x000001d666682310
Event: 38.801 Thread 0x000001d67e56b960 Thread added: 0x000001d667578540
Event: 38.803 Thread 0x000001d667578540 Thread added: 0x000001d667579f80
Event: 38.811 Thread 0x000001d67e56b960 Thread added: 0x000001d667579260


Dynamic libraries:
0x00007ff7d6570000 - 0x00007ff7d657e000 	C:\Program Files\Eclipse Adoptium\jdk-21.0.5.11-hotspot\bin\java.exe
0x00007ffec2290000 - 0x00007ffec24a7000 	C:\WINDOWS\SYSTEM32\ntdll.dll
0x00007ffec11c0000 - 0x00007ffec1284000 	C:\WINDOWS\System32\KERNEL32.DLL
0x00007ffebf9f0000 - 0x00007ffebfdc3000 	C:\WINDOWS\System32\KERNELBASE.dll
0x00007ffebf790000 - 0x00007ffebf8a1000 	C:\WINDOWS\System32\ucrtbase.dll
0x00007ffea4be0000 - 0x00007ffea4bf8000 	C:\Program Files\Eclipse Adoptium\jdk-21.0.5.11-hotspot\bin\jli.dll
0x00007ffea4ba0000 - 0x00007ffea4bbe000 	C:\Program Files\Eclipse Adoptium\jdk-21.0.5.11-hotspot\bin\VCRUNTIME140.dll
0x00007ffec0d80000 - 0x00007ffec0f31000 	C:\WINDOWS\System32\USER32.dll
0x00007ffebf620000 - 0x00007ffebf646000 	C:\WINDOWS\System32\win32u.dll
0x00007ffec13b0000 - 0x00007ffec13d9000 	C:\WINDOWS\System32\GDI32.dll
0x00007ffebf380000 - 0x00007ffebf4a2000 	C:\WINDOWS\System32\gdi32full.dll
0x00007ffebfe00000 - 0x00007ffebfe9a000 	C:\WINDOWS\System32\msvcp_win.dll
0x00007ffea52a0000 - 0x00007ffea553b000 	C:\WINDOWS\WinSxS\amd64_microsoft.windows.common-controls_6595b64144ccf1df_6.0.22621.5262_none_2712bde373830908\COMCTL32.dll
0x00007ffec0a70000 - 0x00007ffec0b17000 	C:\WINDOWS\System32\msvcrt.dll
0x00007ffec1590000 - 0x00007ffec15c1000 	C:\WINDOWS\System32\IMM32.DLL
0x00007ffeadd70000 - 0x00007ffeadd7c000 	C:\Program Files\Eclipse Adoptium\jdk-21.0.5.11-hotspot\bin\vcruntime140_1.dll
0x00007ffe807f0000 - 0x00007ffe8087d000 	C:\Program Files\Eclipse Adoptium\jdk-21.0.5.11-hotspot\bin\msvcp140.dll
0x00007ffdaeaa0000 - 0x00007ffdaf82f000 	C:\Program Files\Eclipse Adoptium\jdk-21.0.5.11-hotspot\bin\server\jvm.dll
0x00007ffec1040000 - 0x00007ffec10f1000 	C:\WINDOWS\System32\ADVAPI32.dll
0x00007ffec1110000 - 0x00007ffec11b7000 	C:\WINDOWS\System32\sechost.dll
0x00007ffebfdd0000 - 0x00007ffebfdf8000 	C:\WINDOWS\System32\bcrypt.dll
0x00007ffec1290000 - 0x00007ffec13a4000 	C:\WINDOWS\System32\RPCRT4.dll
0x00007ffec09f0000 - 0x00007ffec0a61000 	C:\WINDOWS\System32\WS2_32.dll
0x00007ffebec00000 - 0x00007ffebec4d000 	C:\WINDOWS\SYSTEM32\POWRPROF.dll
0x00007ffead670000 - 0x00007ffead67a000 	C:\WINDOWS\SYSTEM32\VERSION.dll
0x00007ffeb6250000 - 0x00007ffeb6284000 	C:\WINDOWS\SYSTEM32\WINMM.dll
0x00007ffebebe0000 - 0x00007ffebebf3000 	C:\WINDOWS\SYSTEM32\UMPDC.dll
0x00007ffebe390000 - 0x00007ffebe3a8000 	C:\WINDOWS\SYSTEM32\kernel.appcore.dll
0x00007ffeadd00000 - 0x00007ffeadd0a000 	C:\Program Files\Eclipse Adoptium\jdk-21.0.5.11-hotspot\bin\jimage.dll
0x00007ffebc8f0000 - 0x00007ffebcb22000 	C:\WINDOWS\SYSTEM32\DBGHELP.DLL
0x00007ffec1d50000 - 0x00007ffec20e3000 	C:\WINDOWS\System32\combase.dll
0x00007ffec0f60000 - 0x00007ffec1037000 	C:\WINDOWS\System32\OLEAUT32.dll
0x00007ffea2540000 - 0x00007ffea2572000 	C:\WINDOWS\SYSTEM32\dbgcore.DLL
0x00007ffebfea0000 - 0x00007ffebff1b000 	C:\WINDOWS\System32\bcryptPrimitives.dll
0x00007ffe9ab80000 - 0x00007ffe9ab9f000 	C:\Program Files\Eclipse Adoptium\jdk-21.0.5.11-hotspot\bin\java.dll
0x00007ffec00e0000 - 0x00007ffec097d000 	C:\WINDOWS\System32\SHELL32.dll
0x00007ffebf650000 - 0x00007ffebf78f000 	C:\WINDOWS\System32\wintypes.dll
0x00007ffebd270000 - 0x00007ffebdb8d000 	C:\WINDOWS\SYSTEM32\windows.storage.dll
0x00007ffebffd0000 - 0x00007ffec00db000 	C:\WINDOWS\System32\SHCORE.dll
0x00007ffec0d10000 - 0x00007ffec0d76000 	C:\WINDOWS\System32\shlwapi.dll
0x00007ffebf2b0000 - 0x00007ffebf2db000 	C:\WINDOWS\SYSTEM32\profapi.dll
0x00007ffe39fb0000 - 0x00007ffe3a087000 	C:\Program Files\Eclipse Adoptium\jdk-21.0.5.11-hotspot\bin\jsvml.dll
0x00007ffead1a0000 - 0x00007ffead1b0000 	C:\Program Files\Eclipse Adoptium\jdk-21.0.5.11-hotspot\bin\net.dll
0x00007ffebaf30000 - 0x00007ffebb05c000 	C:\WINDOWS\SYSTEM32\WINHTTP.dll
0x00007ffebe880000 - 0x00007ffebe8ea000 	C:\WINDOWS\system32\mswsock.dll
0x00007ffe8cfa0000 - 0x00007ffe8cfb6000 	C:\Program Files\Eclipse Adoptium\jdk-21.0.5.11-hotspot\bin\nio.dll
0x00007ffe990c0000 - 0x00007ffe990d8000 	C:\Program Files\Eclipse Adoptium\jdk-21.0.5.11-hotspot\bin\zip.dll
0x00007ffe9b2e0000 - 0x00007ffe9b2ee000 	C:\Program Files\Eclipse Adoptium\jdk-21.0.5.11-hotspot\bin\sunmscapi.dll
0x00007ffebf4b0000 - 0x00007ffebf617000 	C:\WINDOWS\System32\CRYPT32.dll
0x00007ffebed40000 - 0x00007ffebed6d000 	C:\WINDOWS\SYSTEM32\ncrypt.dll
0x00007ffebed00000 - 0x00007ffebed37000 	C:\WINDOWS\SYSTEM32\NTASN1.dll
0x00007ffebeb00000 - 0x00007ffebeb1b000 	C:\WINDOWS\SYSTEM32\CRYPTSP.dll
0x00007ffebe2f0000 - 0x00007ffebe327000 	C:\WINDOWS\system32\rsaenh.dll
0x00007ffebe980000 - 0x00007ffebe9a8000 	C:\WINDOWS\SYSTEM32\USERENV.dll
0x00007ffebeb20000 - 0x00007ffebeb2c000 	C:\WINDOWS\SYSTEM32\CRYPTBASE.dll
0x00007ffebdde0000 - 0x00007ffebde0d000 	C:\WINDOWS\SYSTEM32\IPHLPAPI.DLL
0x00007ffec0b20000 - 0x00007ffec0b29000 	C:\WINDOWS\System32\NSI.dll
0x00007ffea9ec0000 - 0x00007ffea9eca000 	C:\Program Files\Eclipse Adoptium\jdk-21.0.5.11-hotspot\bin\management.dll
0x00007ffea96a0000 - 0x00007ffea96ab000 	C:\Program Files\Eclipse Adoptium\jdk-21.0.5.11-hotspot\bin\management_ext.dll
0x00007ffec0b30000 - 0x00007ffec0b38000 	C:\WINDOWS\System32\PSAPI.DLL
0x00007ffead030000 - 0x00007ffead040000 	C:\Program Files\Eclipse Adoptium\jdk-21.0.5.11-hotspot\bin\verify.dll
0x00007ffebde10000 - 0x00007ffebdf08000 	C:\WINDOWS\SYSTEM32\DNSAPI.dll
0x00007ffeb4b90000 - 0x00007ffeb4b9a000 	C:\Windows\System32\rasadhlp.dll
0x00007ffeb4c70000 - 0x00007ffeb4cf3000 	C:\WINDOWS\System32\fwpuclnt.dll
0x00007ffea4640000 - 0x00007ffea4649000 	C:\Program Files\Eclipse Adoptium\jdk-21.0.5.11-hotspot\bin\extnet.dll

dbghelp: loaded successfully - version: 4.0.5 - missing functions: none
symbol engine: initialized successfully - sym options: 0x614 - pdb path: .;C:\Program Files\Eclipse Adoptium\jdk-21.0.5.11-hotspot\bin;C:\WINDOWS\SYSTEM32;C:\WINDOWS\WinSxS\amd64_microsoft.windows.common-controls_6595b64144ccf1df_6.0.22621.5262_none_2712bde373830908;C:\Program Files\Eclipse Adoptium\jdk-21.0.5.11-hotspot\bin\server

VM Arguments:
jvm_args: -Dfile.encoding=UTF-8 -Duser.country -Duser.language=en -Duser.variant 
java_command: com.malnutrition.backend.HealthSchoolApplication
java_class_path (initial): C:\LionBootCamp\workspace\health-school\backend\build\classes\java\main;C:\LionBootCamp\workspace\health-school\backend\build\resources\main;C:\Users\taeyu\.gradle\caches\modules-2\files-2.1\software.amazon.awssdk\url-connection-client\2.25.20\da9f4e86ac1647418ba2d87818a1117b7ecec50e\url-connection-client-2.25.20.jar;C:\Users\taeyu\.gradle\caches\modules-2\files-2.1\org.springframework.boot\spring-boot-starter-webflux\3.4.5\3c0a9f48c1a3db4b5b40e9b83e9620570ae3d5cc\spring-boot-starter-webflux-3.4.5.jar;C:\Users\taeyu\.gradle\caches\modules-2\files-2.1\net.nurigo\sdk\4.3.0\f952928b09906dd7746ea99677421a40f46cb2e2\sdk-4.3.0.jar;C:\Users\taeyu\.gradle\caches\modules-2\files-2.1\software.amazon.awssdk\s3\2.25.20\f1dfb51bf9201b0d1adf2e37436ad9b1baffd07a\s3-2.25.20.jar;C:\Users\taeyu\.gradle\caches\modules-2\files-2.1\org.springframework.boot\spring-boot-starter-data-jpa\3.4.5\c6ef06dfef1b02f3e3f82d67118d3944672e7d49\spring-boot-starter-data-jpa-3.4.5.jar;C:\Users\taeyu\.gradle\caches\modules-2\files-2.1\org.springframework.boot\spring-boot-starter-websocket\3.4.5\4fee57e9706bd5ec76b7a189f47dff48f0ad0f33\spring-boot-starter-websocket-3.4.5.jar;C:\Users\taeyu\.gradle\caches\modules-2\files-2.1\org.springframework.boot\spring-boot-starter-web\3.4.5\54cb03e8615f0c10cd44b5b7d155af3d0be7d66a\spring-boot-starter-web-3.4.5.jar;C:\Users\taeyu\.gradle\caches\modules-2\files-2.1\org.springframework.boot\spring-boot-starter-mail\3.4.5\138b5da53648f9bbd80440d25753115ab6bcf5c4\spring-boot-starter-mail-3.4.5.jar;C:\Users\taeyu\.gradle\caches\modules-2\files-2.1\org.springframework.boot\spring-boot-starter-data-redis\3.4.5\62116f822da7b6bd16ddcb26bc21cc40482ccd47\spring-boot-starter-data-redis-3.4.5.jar;C:\Users\taeyu\.gradle\caches\modules-2\files-2.1\org.springframework.data\spring-data-redis\3.4.5\937b09e58acd3790a01d06f46280f81d34ab4160\spring-data-redis-3.4.5.jar;C:\Users\taeyu\.gradle\caches\modules-2\files-2.1\io.jsonwebtoken\jjwt-impl\0.12.6\ac23673a84b6089e0369fb8ab2c69edd91cd6eb0\jjwt-impl-0.12.6.jar;C:\Users\taeyu\.gradle\caches\modules-2\files-2.1\io.jsonwebtoken\jjwt-jackson\0.12.6\f141e0c1136ba17f2632858238a31ae05642dbf8\jjwt-jackson-0.12.6.jar;C:\Users\taeyu\.gradle\caches\modules-2\files-2.1\io.jsonwebtoken\jjwt-api\0.12.6\478886a888f6add04937baf0361144504a024967\jjwt-api-0.12.6.jar;C:\Users\taeyu\.gradle\caches\modules-2\files-2.1\org.springframework.boot\spring-boot-starter-security\3.4.5\1893f9d40f28cc47a87a3478b02e1e45650bfe43\spring-boot-starter-security-3.4.5.jar;C:\Users\taeyu\.gradle\caches\modules-2\files-2.1\org.springframework.boot\spring-boot-starter-actuator\3.4.5\321436555190f2a7d3e630ca68fa57197f33616e\spring-boot-starter-actuator-3.4.5.jar;C:\Users\taeyu\.gradle\caches\modules-2\files-2.1\org.springframework.boot\spring-boot-starter-validation\3.4.5\ac75735317fbb71d00829559d1a0a21978989f0\spring-boot-starter-validation-3.4.5.jar;C:\Users\taeyu\.gradle\caches\modules-2\files-2.1\org.springframework.boot\spring-boot-starter-oauth2-client\3.4.5\694947a954ed9f25873f5f391cb91a30bb933522\spring-boot-starter-oauth2-client-3.4.5.jar;C:\Users\taeyu\.gradle\caches\modules-2\files-2.1\org.springdoc\springdoc-openapi-starter-webmvc-ui\2.8.5\3cb90c2405edb9b0a841b8be06dff85810f6669\springdoc-openapi-starter-webmvc-ui-2.8.5.jar;C:\Users\taeyu\.gradle\caches\modules-2\files-2.1\org.webjars\webjars-locator-core\0.59\a25e04cb0437d88eb177af1dface14edcd0cd767\webjars-locator-core-0.59.jar;C:\Users\taeyu\.gradle\caches\modules-2\files-2.1\org.webjars\sockjs-client\1.5.1\69151ceb2e4ada6f6cbc002c255d1158fe581b52\sockjs-client-1.5.1.jar;C:\Users\taeyu\.gradle\caches\modules-2\files-2.1\org.webjars\stomp-websocket\2.3.3\3ac153b386f7945bc756709df3d171105e8fd2d5\stomp-websocket-2.3.3.jar;C:\Users\taeyu\.gradle\caches\modules-2\files-2.1\com.mysql\mysql-connector-j\9.1.0\5fb1d513278e1a9767dfa80ea9d8d7ee909f1a\mysql-connector-j-9.1.0.jar;C:\Users\taeyu\.gradle\caches\modules-2\files-2.1\software.amazon.awssdk\aws-xml-protocol\2.25.20\3f4b9bd80603bef190da6279cad7ff57aab05b38\aws-xml-protocol-2.25.20.jar;C:\Users\taeyu\.gradle\caches\modules-2\files-2.1\software.amazon.awssdk\aws-query-protocol\2.25.20\144be4aef6160b2d8d9de0c1d96c2b65b7d7e0d3\aws-query-protocol-2.25.20.jar;C:\Users\taeyu\.gradle\caches\modules-2\files-2.1\software.amazon.awssdk\protocol-core\2.25.20\b924323f06d5a7470c72213abc5e08adb6736763\protocol-core-2.25.20.jar;C:\Users\taeyu\.gradle\caches\modules-2\files-2.1\software.amazon.awssdk\aws-core\2.25.20\c6ffa6a2be72320cc413afa1b0686d408ec242c0\aws-core-2.25.20.jar;C:\Users\taeyu\.gradle\caches\modules-2\files-2.1\software.amazon.awssdk\auth\2.25.20\b6ada35810e9282e7defc229cd176df628127757\auth-2.25.20.jar;C:\Users\taeyu\.gradle\caches\modules-2\files-2.1\software.amazon.awssdk\http-auth\2.25.20\8893a0d6a878e703c0abf7587c771c5bbbe74488\http-auth-2.25.20.jar;C:\Users\taeyu\.gradle\caches\modules-2\files-2.1\software.amazon.awssdk\regions\2.25.20\bca9706633b24ce855d527e684031d4cbab2c002\regions-2.25.20.jar;C:\Users\taeyu\.gradle\caches\modules-2\files-2.1\software.amazon.awssdk\sdk-core\2.25.20\45fde5d9e7d672eb0be86c2ec034bceae1dc6869\sdk-core-2.25.20.jar;C:\Users\taeyu\.gradle\caches\modules-2\files-2.1\software.amazon.awssdk\http-auth-aws\2.25.20\ad97267832d45647c10c0c5dee75cf269990d349\http-auth-aws-2.25.20.jar;C:\Users\taeyu\.gradle\caches\modules-2\files-2.1\software.amazon.awssdk\http-auth-spi\2.25.20\8b375bd143c168c1c7e227c10528dd776c5e180b\http-auth-spi-2.25.20.jar;C:\Users\taeyu\.gradle\caches\modules-2\files-2.1\software.amazon.awssdk\apache-client\2.25.20\ca0189eb38b99ca72a26d0cb7a400832ff48b37a\apache-client-2.25.20.jar;C:\Users\taeyu\.gradle\caches\modules-2\files-2.1\software.amazon.awssdk\netty-nio-client\2.25.20\c4ef1eb682c71ab1e62c0a5fa674581a6c474d02\netty-nio-client-2.25.20.jar;C:\Users\taeyu\.gradle\caches\modules-2\files-2.1\software.amazon.awssdk\http-client-spi\2.25.20\6df9597f1eb9f928b63880ed27c7fb224fa32f14\http-client-spi-2.25.20.jar;C:\Users\taeyu\.gradle\caches\modules-2\files-2.1\software.amazon.awssdk\crt-core\2.25.20\5f7166bb66fd342b8509db2a81c5d5265059555a\crt-core-2.25.20.jar;C:\Users\taeyu\.gradle\caches\modules-2\files-2.1\software.amazon.awssdk\arns\2.25.20\b773b435eb39898a4d731e813b430172fb4d9dcb\arns-2.25.20.jar;C:\Users\taeyu\.gradle\caches\modules-2\files-2.1\software.amazon.awssdk\profiles\2.25.20\d20d2b54fc46c17bc4c1c9afdb80c5b3cc5b6c54\profiles-2.25.20.jar;C:\Users\taeyu\.gradle\caches\modules-2\files-2.1\software.amazon.awssdk\identity-spi\2.25.20\9b48dec1b9727284ae266f4598e1eaaa463d0c6d\identity-spi-2.25.20.jar;C:\Users\taeyu\.gradle\caches\modules-2\files-2.1\software.amazon.awssdk\metrics-spi\2.25.20\b99d3faf2fa6c6bc3a323d9c780ef4dcc0f6bd96\metrics-spi-2.25.20.jar;C:\Users\taeyu\.gradle\caches\modules-2\files-2.1\software.amazon.awssdk\json-utils\2.25.20\a5982002d0b30590d8e55cdf1079901aaf6d017a\json-utils-2.25.20.jar;C:\Users\taeyu\.gradle\caches\modules-2\files-2.1\software.amazon.awssdk\utils\2.25.20\87a739f0acf59ac395561ab2bed4bc56bce9fa47\utils-2.25.20.jar;C:\Users\taeyu\.gradle\caches\modules-2\files-2.1\software.amazon.awssdk\endpoints-spi\2.25.20\6eb4e247a04459abcc118e1a7d1a8df52e57b46e\endpoints-spi-2.25.20.jar;C:\Users\taeyu\.gradle\caches\modules-2\files-2.1\software.amazon.awssdk\checksums\2.25.20\bd485f126c795417f83782f47e4fc65c3e664568\checksums-2.25.20.jar;C:\Users\taeyu\.gradle\caches\modules-2\files-2.1\software.amazon.awssdk\checksums-spi\2.25.20\b8f765a7b0f3b75addbb4a1d6472e5eb206c8750\checksums-spi-2.25.20.jar;C:\Users\taeyu\.gradle\caches\modules-2\files-2.1\software.amazon.awssdk\annotations\2.25.20\179bf44edcc4bd280ce3ec4a7866088380d5c46\annotations-2.25.20.jar;C:\Users\taeyu\.gradle\caches\modules-2\files-2.1\software.amazon.awssdk\third-party-jackson-core\2.25.20\3b88d76afa3325325fb6e0442a8dc19c272f5194\third-party-jackson-core-2.25.20.jar;C:\Users\taeyu\.gradle\caches\modules-2\files-2.1\org.springframework.boot\spring-boot-starter-json\3.4.5\b7a87d4565c99754e0fcf4da405ebe3ab0870c88\spring-boot-starter-json-3.4.5.jar;C:\Users\taeyu\.gradle\caches\modules-2\files-2.1\org.springframework.boot\spring-boot-starter-jdbc\3.4.5\e361f635454d0694547cc226ece3aa10fde7ff2b\spring-boot-starter-jdbc-3.4.5.jar;C:\Users\taeyu\.gradle\caches\modules-2\files-2.1\org.springframework.boot\spring-boot-starter\3.4.5\3b1cd30bd3be52f5fd0c0934882ec86ed4457646\spring-boot-starter-3.4.5.jar;C:\Users\taeyu\.gradle\caches\modules-2\files-2.1\org.springframework.boot\spring-boot-starter-reactor-netty\3.4.5\5d14e558ce78cf2da534903399179d9e03bc054c\spring-boot-starter-reactor-netty-3.4.5.jar;C:\Users\taeyu\.gradle\caches\modules-2\files-2.1\org.springframework\spring-webflux\6.2.6\85edcb71e32e1fab71369c622017ada8c779fa34\spring-webflux-6.2.6.jar;C:\Users\taeyu\.gradle\caches\modules-2\files-2.1\org.springdoc\springdoc-openapi-starter-webmvc-api\2.8.5\14b01ce78902bd69087abaaf364688d1de2bddcf\springdoc-openapi-starter-webmvc-api-2.8.5.jar;C:\Users\taeyu\.gradle\caches\modules-2\files-2.1\org.springframework\spring-webmvc\6.2.6\48c37c417d00b9dc12e344892b206bbbf67f0945\spring-webmvc-6.2.6.jar;C:\Users\taeyu\.gradle\caches\modules-2\files-2.1\org.springframework.security\spring-security-oauth2-client\6.4.5\fe0ed2352fa2e3e66490298fee551f40490c649b\spring-security-oauth2-client-6.4.5.jar;C:\Users\taeyu\.gradle\caches\modules-2\files-2.1\org.springframework.security\spring-security-web\6.4.5\f430226d6af53c86bf02feb461d9b035953d8deb\spring-security-web-6.4.5.jar;C:\Users\taeyu\.gradle\caches\modules-2\files-2.1\org.springframework\spring-websocket\6.2.6\4e4730e34c58bdc3b6d7d1d4523979a6f47be153\spring-websocket-6.2.6.jar;C:\Users\taeyu\.gradle\caches\modules-2\files-2.1\org.springframework.security\spring-security-oauth2-jose\6.4.5\2acf214147654a353cc9757c06179be39607fd46\spring-security-oauth2-jose-6.4.5.jar;C:\Users\taeyu\.gradle\caches\modules-2\files-2.1\org.springframework.security\spring-security-oauth2-core\6.4.5\1790bc7e98a33e1c70f5ec5c535248cc866771db\spring-security-oauth2-core-6.4.5.jar;C:\Users\taeyu\.gradle\caches\modules-2\files-2.1\org.springframework\spring-web\6.2.6\17a4f806e877a1064a2442fe7545b0036fb9550f\spring-web-6.2.6.jar;C:\Users\taeyu\.gradle\caches\modules-2\files-2.1\com.squareup.okhttp3\logging-interceptor\4.10.0\ae7524eec42d4ab0c3a7cb93da010cf9bcc5007c\logging-interceptor-4.10.0.jar;C:\Users\taeyu\.gradle\caches\modules-2\files-2.1\org.jetbrains.kotlin\kotlin-reflect\1.9.25\73023c38b7b20430232893cf9b556dc8486e07a4\kotlin-reflect-1.9.25.jar;C:\Users\taeyu\.gradle\caches\modules-2\files-2.1\org.jetbrains.kotlinx\kotlinx-datetime-jvm\0.4.0\2224732fcb9b6116fbeb0926dd108604e578356b\kotlinx-datetime-jvm-0.4.0.jar;C:\Users\taeyu\.gradle\caches\modules-2\files-2.1\com.jakewharton.retrofit\retrofit2-kotlinx-serialization-converter\0.8.0\4fe25acf1b2f12f17d7187f7cfcf4ee730822d50\retrofit2-kotlinx-serialization-converter-0.8.0.jar;C:\Users\taeyu\.gradle\caches\modules-2\files-2.1\com.squareup.retrofit2\retrofit\2.9.0\d8fdfbd5da952141a665a403348b74538efc05ff\retrofit-2.9.0.jar;C:\Users\taeyu\.gradle\caches\modules-2\files-2.1\com.squareup.okhttp3\okhttp\4.10.0\cd63657ac15770ed1420647154c9f44645533bef\okhttp-4.10.0.jar;C:\Users\taeyu\.gradle\caches\modules-2\files-2.1\org.jetbrains.kotlin\kotlin-stdlib-jdk7\1.9.25\1c166692314a2639e5edfed0d23ed7eee4a5c7a5\kotlin-stdlib-jdk7-1.9.25.jar;C:\Users\taeyu\.gradle\caches\modules-2\files-2.1\org.jetbrains.kotlinx\kotlinx-serialization-core-jvm\1.6.3\6b6c17d0312ba7192893adea9d52959941d0119b\kotlinx-serialization-core-jvm-1.6.3.jar;C:\Users\taeyu\.gradle\caches\modules-2\files-2.1\org.jetbrains.kotlinx\kotlinx-serialization-json-jvm\1.6.3\2241746853abf04073e3ab0dcd9e6729d363b313\kotlinx-serialization-json-jvm-1.6.3.jar;C:\Users\taeyu\.gradle\caches\modules-2\files-2.1\com.squareup.okio\okio-jvm\3.0.0\ab5a73fa2ccb4a36b0b5c69fe10b16d0255bcf8\okio-jvm-3.0.0.jar;C:\Users\taeyu\.gradle\caches\modules-2\files-2.1\org.jetbrains.kotlin\kotlin-stdlib\1.9.25\f700a2f2b8f0d6d0fde48f56d894dc722fb029d7\kotlin-stdlib-1.9.25.jar;C:\Users\taeyu\.gradle\caches\modules-2\files-2.1\org.jetbrains.kotlin\kotlin-stdlib-jdk8\1.9.25\20d44e880a284f7b5cd99dd69450b403073f49b2\kotlin-stdlib-jdk8-1.9.25.jar;C:\Users\taeyu\.gradle\caches\modules-2\files-2.1\org.apache.httpcomponents\httpclient\4.5.13\e5f6cae5ca7ecaac1ec2827a9e2d65ae2869cada\httpclient-4.5.13.jar;C:\Users\taeyu\.gradle\caches\modules-2\files-2.1\commons-codec\commons-codec\1.17.2\cd6bb9d856db5f61871a94d5801efd0b93b7fcb2\commons-codec-1.17.2.jar;C:\Users\taeyu\.gradle\caches\modules-2\files-2.1\org.hibernate.orm\hibernate-core\6.6.13.Final\e7f1b2d53e89b9863dca12cd5f1b261ba413415b\hibernate-core-6.6.13.Final.jar;C:\Users\taeyu\.gradle\caches\modules-2\files-2.1\org.springframework.data\spring-data-jpa\3.4.5\40000309bebdc0e4e284211701f039eb5b1fb1a6\spring-data-jpa-3.4.5.jar;C:\Users\taeyu\.gradle\caches\modules-2\files-2.1\org.springframework\spring-aspects\6.2.6\2bb7fe48b4fef28af71be32815200c19ac95f783\spring-aspects-6.2.6.jar;C:\Users\taeyu\.gradle\caches\modules-2\files-2.1\org.springframework.boot\spring-boot-starter-tomcat\3.4.5\d3121e25897969409967675c0c450dd3cad45162\spring-boot-starter-tomcat-3.4.5.jar;C:\Users\taeyu\.gradle\caches\modules-2\files-2.1\org.springframework\spring-context-support\6.2.6\e4d6f186e074dd3071906661637406554e4ecfcf\spring-context-support-6.2.6.jar;C:\Users\taeyu\.gradle\caches\modules-2\files-2.1\org.eclipse.angus\jakarta.mail\2.0.3\3dea6aeee9603f573687b0d4da5dc1316d921bb7\jakarta.mail-2.0.3.jar;C:\Users\taeyu\.gradle\caches\modules-2\files-2.1\io.lettuce\lettuce-core\6.4.2.RELEASE\8969c20697c74b71288d4d5e69b0fec4047d3d6d\lettuce-core-6.4.2.RELEASE.jar;C:\Users\taeyu\.gradle\caches\modules-2\files-2.1\org.springframework.data\spring-data-keyvalue\3.4.5\efc4330b8ff91e76750042b8f7a0dae276912a32\spring-data-keyvalue-3.4.5.jar;C:\Users\taeyu\.gradle\caches\modules-2\files-2.1\org.springframework\spring-orm\6.2.6\b579360aaab1e52ec95d0538cc3c89fa8689485d\spring-orm-6.2.6.jar;C:\Users\taeyu\.gradle\caches\modules-2\files-2.1\org.springframework\spring-jdbc\6.2.6\529137b0f92d8cfd13876e6aa8df9088246b4755\spring-jdbc-6.2.6.jar;C:\Users\taeyu\.gradle\caches\modules-2\files-2.1\org.springframework\spring-tx\6.2.6\fb46b2d651a6c509625bc6e7e38865137f658eca\spring-tx-6.2.6.jar;C:\Users\taeyu\.gradle\caches\modules-2\files-2.1\org.springframework\spring-oxm\6.2.6\b5d94c0552ad63802454d248bddfe976617064a0\spring-oxm-6.2.6.jar;C:\Users\taeyu\.gradle\caches\modules-2\files-2.1\org.springframework.security\spring-security-config\6.4.5\51f03717b00eb1843073cccb0ff294edb7946917\spring-security-config-6.4.5.jar;C:\Users\taeyu\.gradle\caches\modules-2\files-2.1\org.springframework.security\spring-security-core\6.4.5\ae545fe651f167ccf36f494300f460d6f8c978b8\spring-security-core-6.4.5.jar;C:\Users\taeyu\.gradle\caches\modules-2\files-2.1\org.springframework.boot\spring-boot-actuator-autoconfigure\3.4.5\ca0012cdf3137b4f056d073334d176e6d1f0464b\spring-boot-actuator-autoconfigure-3.4.5.jar;C:\Users\taeyu\.gradle\caches\modules-2\files-2.1\org.springdoc\springdoc-openapi-starter-common\2.8.5\6642dd0895e9b06848584797d1f97293f2e2afd6\springdoc-openapi-starter-common-2.8.5.jar;C:\Users\taeyu\.gradle\caches\modules-2\files-2.1\org.springframework.boot\spring-boot-autoconfigure\3.4.5\c44ad60865ca1d0b88e576b0355e755ed28aec52\spring-boot-autoconfigure-3.4.5.jar;C:\Users\taeyu\.gradle\caches\modules-2\files-2.1\org.springframework.boot\spring-boot-actuator\3.4.5\605c2f057a4c204f247198a7ddedbf4b03131df1\spring-boot-actuator-3.4.5.jar;C:\Users\taeyu\.gradle\caches\modules-2\files-2.1\org.springframework.boot\spring-boot\3.4.5\414fcf9f9e0ccb961243d8f36ef8ad6d4040e745\spring-boot-3.4.5.jar;C:\Users\taeyu\.gradle\caches\modules-2\files-2.1\org.springframework\spring-context\6.2.6\ae08b2ec4a49ab7acb0b5eea7c309363139d54ad\spring-context-6.2.6.jar;C:\Users\taeyu\.gradle\caches\modules-2\files-2.1\org.springframework\spring-aop\6.2.6\ab5502a1e9694f2ecd001ecb1ee1fc46b29cfbd9\spring-aop-6.2.6.jar;C:\Users\taeyu\.gradle\caches\modules-2\files-2.1\com.zaxxer\HikariCP\5.1.0\8c96e36c14461fc436bb02b264b96ef3ca5dca8c\HikariCP-5.1.0.jar;C:\Users\taeyu\.gradle\caches\modules-2\files-2.1\org.springframework.data\spring-data-commons\3.4.5\bad5044a4d2f322ff939247ff448d4322c6b7d5d\spring-data-commons-3.4.5.jar;C:\Users\taeyu\.gradle\caches\modules-2\files-2.1\org.springframework.boot\spring-boot-starter-logging\3.4.5\f4821c3181ef6dfbbc5305ebf5a3ed2c5493ef14\spring-boot-starter-logging-3.4.5.jar;C:\Users\taeyu\.gradle\caches\modules-2\files-2.1\ch.qos.logback\logback-classic\1.5.18\fc371f3fc97a639de2d67947cffb7518ec5e3d40\logback-classic-1.5.18.jar;C:\Users\taeyu\.gradle\caches\modules-2\files-2.1\org.apache.logging.log4j\log4j-to-slf4j\2.24.3\da1143e2a2531ee1c2d90baa98eb50a28a39d5a7\log4j-to-slf4j-2.24.3.jar;C:\Users\taeyu\.gradle\caches\modules-2\files-2.1\org.slf4j\jul-to-slf4j\2.0.17\524cb6ccc2b68a57604750e1ab8b13b5a786a6aa\jul-to-slf4j-2.0.17.jar;C:\Users\taeyu\.gradle\caches\modules-2\files-2.1\io.swagger.core.v3\swagger-core-jakarta\2.2.28\d990934d07d250cedcf2bbc7632118ae316bf712\swagger-core-jakarta-2.2.28.jar;C:\Users\taeyu\.gradle\caches\modules-2\files-2.1\org.slf4j\slf4j-api\2.0.17\d9e58ac9c7779ba3bf8142aff6c830617a7fe60f\slf4j-api-2.0.17.jar;C:\Users\taeyu\.gradle\caches\modules-2\files-2.1\com.fasterxml.jackson.datatype\jackson-datatype-jsr310\2.18.3\cc57924cccf42fc852081c36215272f84ffcd991\jackson-datatype-jsr310-2.18.3.jar;C:\Users\taeyu\.gradle\caches\modules-2\files-2.1\com.fasterxml.jackson.module\jackson-module-parameter-names\2.18.3\fa63ae5eb3956b1a6d7a7ead2b513af89dea22e7\jackson-module-parameter-names-2.18.3.jar;C:\Users\taeyu\.gradle\caches\modules-2\files-2.1\com.fasterxml.jackson.dataformat\jackson-dataformat-yaml\2.18.3\66658356a375664262c227dad09adc51dbc09c54\jackson-dataformat-yaml-2.18.3.jar;C:\Users\taeyu\.gradle\caches\modules-2\files-2.1\com.fasterxml.jackson.core\jackson-core\2.18.3\78f80c259268200e588aa204dd97ecf09b76916e\jackson-core-2.18.3.jar;C:\Users\taeyu\.gradle\caches\modules-2\files-2.1\io.swagger.core.v3\swagger-models-jakarta\2.2.28\72865af71d886a979322def19fc86753f267d4f7\swagger-models-jakarta-2.2.28.jar;C:\Users\taeyu\.gradle\caches\modules-2\files-2.1\com.fasterxml.jackson.core\jackson-annotations\2.18.3\7fa21cf7da4598f8240e4ebd9779249622af1acd\jackson-annotations-2.18.3.jar;C:\Users\taeyu\.gradle\caches\modules-2\files-2.1\com.fasterxml.jackson.datatype\jackson-datatype-jdk8\2.18.3\621558295660935134b171ce2b0d9ad6842ec2ff\jackson-datatype-jdk8-2.18.3.jar;C:\Users\taeyu\.gradle\caches\modules-2\files-2.1\com.fasterxml.jackson.core\jackson-databind\2.18.3\537e3886263e3b3464385040453e92567fd509e2\jackson-databind-2.18.3.jar;C:\Users\taeyu\.gradle\caches\modules-2\files-2.1\io.micrometer\micrometer-jakarta9\1.14.6\3fd1fe50bde7bf89f64ea69c0007f55935febcc3\micrometer-jakarta9-1.14.6.jar;C:\Users\taeyu\.gradle\caches\modules-2\files-2.1\io.micrometer\micrometer-core\1.14.6\c2378cc214ef7d8672f95d731e90212bd227ebcb\micrometer-core-1.14.6.jar;C:\Users\taeyu\.gradle\caches\modules-2\files-2.1\io.micrometer\micrometer-observation\1.14.6\3ba55114eb3f2b33431ce6cf80c6114cf2b21c9\micrometer-observation-1.14.6.jar;C:\Users\taeyu\.gradle\caches\modules-2\files-2.1\org.apache.tomcat.embed\tomcat-embed-el\10.1.40\1b321790508c1d410689b4f496dae18a97fa6ae9\tomcat-embed-el-10.1.40.jar;C:\Users\taeyu\.gradle\caches\modules-2\files-2.1\org.hibernate.validator\hibernate-validator\8.0.2.Final\220e64815dd87535525331de20570017f899eb13\hibernate-validator-8.0.2.Final.jar;C:\Users\taeyu\.gradle\caches\modules-2\files-2.1\org.webjars\swagger-ui\5.18.3\f67530d3015d70cca8fad24d64065684bba2ac74\swagger-ui-5.18.3.jar;C:\Users\taeyu\.gradle\caches\modules-2\files-2.1\org.webjars\webjars-locator-lite\1.0.1\b4389136604123d4fe4199cc29b94a33206996bc\webjars-locator-lite-1.0.1.jar;C:\Users\taeyu\.gradle\caches\modules-2\files-2.1\io.github.classgraph\classgraph\4.8.173\236e1b4360bf078142902c6c3ca80a03bfa95d5d\classgraph-4.8.173.jar;C:\Users\taeyu\.gradle\caches\modules-2\files-2.1\org.springframework\spring-messaging\6.2.6\60547522ef488acc4c927dec64cf9bb2cca9022a\spring-messaging-6.2.6.jar;C:\Users\taeyu\.gradle\caches\modules-2\files-2.1\jakarta.annotation\jakarta.annotation-api\2.1.1\48b9bda22b091b1f48b13af03fe36db3be6e1ae3\jakarta.annotation-api-2.1.1.jar;C:\Users\taeyu\.gradle\caches\modules-2\files-2.1\org.springframework\spring-beans\6.2.6\d43abe3b5765748210c511043b1d4904ca216a9f\spring-beans-6.2.6.jar;C:\Users\taeyu\.gradle\caches\modules-2\files-2.1\org.springframework\spring-expression\6.2.6\d9efc768cfda1d97c8fe769a9d50f936eb7f18e2\spring-expression-6.2.6.jar;C:\Users\taeyu\.gradle\caches\modules-2\files-2.1\org.springframework\spring-core\6.2.6\4639dac5fc46cb6a9f6eb2709decfb90313e0f2c\spring-core-6.2.6.jar;C:\Users\taeyu\.gradle\caches\modules-2\files-2.1\org.yaml\snakeyaml\2.3\936b36210e27320f920536f695cf1af210c44586\snakeyaml-2.3.jar;C:\Users\taeyu\.gradle\caches\modules-2\files-2.1\io.projectreactor.netty\reactor-netty-http\1.2.5\b3f2a54919a1e15ca9543380b045ba54ca4e57cc\reactor-netty-http-1.2.5.jar;C:\Users\taeyu\.gradle\caches\modules-2\files-2.1\io.projectreactor.netty\reactor-netty-core\1.2.5\42af645f3cfc221f74573103773a9def598d2231\reactor-netty-core-1.2.5.jar;C:\Users\taeyu\.gradle\caches\modules-2\files-2.1\io.projectreactor\reactor-core\3.7.5\2ffb9b7043593da9a80b91f14cc30f4914183f3a\reactor-core-3.7.5.jar;C:\Users\taeyu\.gradle\caches\modules-2\files-2.1\jakarta.persistence\jakarta.persistence-api\3.1.0\66901fa1c373c6aff65c13791cc11da72060a8d6\jakarta.persistence-api-3.1.0.jar;C:\Users\taeyu\.gradle\caches\modules-2\files-2.1\jakarta.transaction\jakarta.transaction-api\2.0.1\51a520e3fae406abb84e2e1148e6746ce3f80a1a\jakarta.transaction-api-2.0.1.jar;C:\Users\taeyu\.gradle\caches\modules-2\files-2.1\org.jboss.logging\jboss-logging\3.6.1.Final\886afbb445b4016a37c8960a7aef6ebd769ce7e5\jboss-logging-3.6.1.Final.jar;C:\Users\taeyu\.gradle\caches\modules-2\files-2.1\org.hibernate.common\hibernate-commons-annotations\7.0.3.Final\e183c4be8bb41d12e9f19b374e00c34a0a85f439\hibernate-commons-annotations-7.0.3.Final.jar;C:\Users\taeyu\.gradle\caches\modules-2\files-2.1\io.smallrye\jandex\3.2.0\f17ad860f62a08487b9edabde608f8ac55c62fa7\jandex-3.2.0.jar;C:\Users\taeyu\.gradle\caches\modules-2\files-2.1\com.fasterxml\classmate\1.7.0\e98374da1f2143ac8e6e0a95036994bb19137a3\classmate-1.7.0.jar;C:\Users\taeyu\.gradle\caches\modules-2\files-2.1\net.bytebuddy\byte-buddy\1.15.11\f61886478e0f9ee4c21d09574736f0ff45e0a46c\byte-buddy-1.15.11.jar;C:\Users\taeyu\.gradle\caches\modules-2\files-2.1\org.glassfish.jaxb\jaxb-runtime\4.0.5\ca84c2a7169b5293e232b9d00d1e4e36d4c3914a\jaxb-runtime-4.0.5.jar;C:\Users\taeyu\.gradle\caches\modules-2\files-2.1\org.glassfish.jaxb\jaxb-core\4.0.5\7b4b11ea5542eea4ad55e1080b23be436795b3\jaxb-core-4.0.5.jar;C:\Users\taeyu\.gradle\caches\modules-2\files-2.1\jakarta.xml.bind\jakarta.xml.bind-api\4.0.2\6cd5a999b834b63238005b7144136379dc36cad2\jakarta.xml.bind-api-4.0.2.jar;C:\Users\taeyu\.gradle\caches\modules-2\files-2.1\jakarta.inject\jakarta.inject-api\2.0.1\4c28afe1991a941d7702fe1362c365f0a8641d1e\jakarta.inject-api-2.0.1.jar;C:\Users\taeyu\.gradle\caches\modules-2\files-2.1\org.antlr\antlr4-runtime\4.13.0\5a02e48521624faaf5ff4d99afc88b01686af655\antlr4-runtime-4.13.0.jar;C:\Users\taeyu\.gradle\caches\modules-2\files-2.1\org.aspectj\aspectjweaver\1.9.24\9b5aeb0cea9f958b9c57fb80e62996e95a3e9379\aspectjweaver-1.9.24.jar;C:\Users\taeyu\.gradle\caches\modules-2\files-2.1\org.apache.tomcat.embed\tomcat-embed-websocket\10.1.40\ffdcf96aa28e77858644f4db100e8de896ba58e3\tomcat-embed-websocket-10.1.40.jar;C:\Users\taeyu\.gradle\caches\modules-2\files-2.1\org.apache.tomcat.embed\tomcat-embed-core\10.1.40\fc1c09b726336dc6f7dde0408cebb1a56a3a28d3\tomcat-embed-core-10.1.40.jar;C:\Users\taeyu\.gradle\caches\modules-2\files-2.1\org.eclipse.angus\angus-activation\2.0.2\41f1e0ddd157c856926ed149ab837d110955a9fc\angus-activation-2.0.2.jar;C:\Users\taeyu\.gradle\caches\modules-2\files-2.1\jakarta.activation\jakarta.activation-api\2.1.3\fa165bd70cda600368eee31555222776a46b881f\jakarta.activation-api-2.1.3.jar;C:\Users\taeyu\.gradle\caches\modules-2\files-2.1\io.netty\netty-codec-http2\4.1.119.Final\648b066861723b60635bef2047229ed73d0cbd04\netty-codec-http2-4.1.119.Final.jar;C:\Users\taeyu\.gradle\caches\modules-2\files-2.1\io.netty\netty-handler-proxy\4.1.119.Final\50a0d16a6e5c714a6f2bfe49badd9678da4a0a92\netty-handler-proxy-4.1.119.Final.jar;C:\Users\taeyu\.gradle\caches\modules-2\files-2.1\io.netty\netty-codec-http\4.1.119.Final\23196984df6083cc39bef22a54c6cf5b157f3824\netty-codec-http-4.1.119.Final.jar;C:\Users\taeyu\.gradle\caches\modules-2\files-2.1\io.netty\netty-resolver-dns-native-macos\4.1.119.Final\23cc363910cf38e2de91ab8703bb05373e6d2e42\netty-resolver-dns-native-macos-4.1.119.Final-osx-x86_64.jar;C:\Users\taeyu\.gradle\caches\modules-2\files-2.1\io.netty\netty-resolver-dns-classes-macos\4.1.119.Final\6185080a70da30c1efa315ae3780c5baca6ff306\netty-resolver-dns-classes-macos-4.1.119.Final.jar;C:\Users\taeyu\.gradle\caches\modules-2\files-2.1\io.netty\netty-resolver-dns\4.1.119.Final\aa1809477e369484dbe52b99cb2a5e1228be2fc4\netty-resolver-dns-4.1.119.Final.jar;C:\Users\taeyu\.gradle\caches\modules-2\files-2.1\io.netty\netty-handler\4.1.119.Final\a0059b8d779ce566b524efd6d73ba4fcff3cd5d9\netty-handler-4.1.119.Final.jar;C:\Users\taeyu\.gradle\caches\modules-2\files-2.1\io.netty\netty-codec-dns\4.1.119.Final\a5e64de87e9b90434832a185891bfcbca87a2b7b\netty-codec-dns-4.1.119.Final.jar;C:\Users\taeyu\.gradle\caches\modules-2\files-2.1\io.netty\netty-codec-socks\4.1.119.Final\18ea7a77080c64e9f63f5b79367461b4b1d53a2e\netty-codec-socks-4.1.119.Final.jar;C:\Users\taeyu\.gradle\caches\modules-2\files-2.1\io.netty\netty-codec\4.1.119.Final\337ca8e8c3ef23925e02d56347b414d7616d1d02\netty-codec-4.1.119.Final.jar;C:\Users\taeyu\.gradle\caches\modules-2\files-2.1\io.netty\netty-transport-native-epoll\4.1.119.Final\500fdc2000a47c07ad6c0ea230127f5ac3c9ad5c\netty-transport-native-epoll-4.1.119.Final-linux-x86_64.jar;C:\Users\taeyu\.gradle\caches\modules-2\files-2.1\io.netty\netty-transport-classes-epoll\4.1.119.Final\1d2d986ae0615d50f5cee338f0e9e73f46e8158\netty-transport-classes-epoll-4.1.119.Final.jar;C:\Users\taeyu\.gradle\caches\modules-2\files-2.1\io.netty\netty-transport-native-unix-common\4.1.119.Final\55afdeb456bccf8eecb06431f3c1537269afe9af\netty-transport-native-unix-common-4.1.119.Final.jar;C:\Users\taeyu\.gradle\caches\modules-2\files-2.1\io.netty\netty-transport\4.1.119.Final\d05df879054297962d056b77460fc4ff20e30073\netty-transport-4.1.119.Final.jar;C:\Users\taeyu\.gradle\caches\modules-2\files-2.1\io.netty\netty-buffer\4.1.119.Final\5864149b2e5a2af7b05fe9e9dc3e4b70d3060a7c\netty-buffer-4.1.119.Final.jar;C:\Users\taeyu\.gradle\caches\modules-2\files-2.1\io.netty\netty-resolver\4.1.119.Final\e1f7c90aff71bdf0e2294a200b5f89244f88dcf7\netty-resolver-4.1.119.Final.jar;C:\Users\taeyu\.gradle\caches\modules-2\files-2.1\io.netty\netty-common\4.1.119.Final\2f7c360b03c0aceab7efc1f7c2b75274f0f35909\netty-common-4.1.119.Final.jar;C:\Users\taeyu\.gradle\caches\modules-2\files-2.1\io.micrometer\micrometer-commons\1.14.6\1a6595762c77bd8401cf51aa11bac8e4fa747545\micrometer-commons-1.14.6.jar;C:\Users\taeyu\.gradle\caches\modules-2\files-2.1\jakarta.validation\jakarta.validation-api\3.0.2\92b6631659ba35ca09e44874d3eb936edfeee532\jakarta.validation-api-3.0.2.jar;C:\Users\taeyu\.gradle\caches\modules-2\files-2.1\org.springframework.security\spring-security-crypto\6.4.5\9d3340a1f6cd975dbb72b22b865119b614c43060\spring-security-crypto-6.4.5.jar;C:\Users\taeyu\.gradle\caches\modules-2\files-2.1\com.nimbusds\oauth2-oidc-sdk\9.43.6\a1842456e236f53e30946b2cb0bdeb17a44cdfd3\oauth2-oidc-sdk-9.43.6.jar;C:\Users\taeyu\.gradle\caches\modules-2\files-2.1\com.nimbusds\nimbus-jose-jwt\9.37.3\700f71ffefd60c16bd8ce711a956967ea9071cec\nimbus-jose-jwt-9.37.3.jar;C:\Users\taeyu\.gradle\caches\modules-2\files-2.1\org.jspecify\jspecify\1.0.0\7425a601c1c7ec76645a78d22b8c6a627edee507\jspecify-1.0.0.jar;C:\Users\taeyu\.gradle\caches\modules-2\files-2.1\org.reactivestreams\reactive-streams\1.0.4\3864a1320d97d7b045f729a326e1e077661f31b7\reactive-streams-1.0.4.jar;C:\Users\taeyu\.gradle\caches\modules-2\files-2.1\software.amazon.eventstream\eventstream\1.0.1\6ff8649dffc5190366ada897ba8525a836297784\eventstream-1.0.1.jar;C:\Users\taeyu\.gradle\caches\modules-2\files-2.1\org.apache.httpcomponents\httpcore\4.4.16\51cf043c87253c9f58b539c9f7e44c8894223850\httpcore-4.4.16.jar;C:\Users\taeyu\.gradle\caches\modules-2\files-2.1\org.springframework\spring-jcl\6.2.6\f4468f33de0015179abb6055964801bc962f8d51\spring-jcl-6.2.6.jar;C:\Users\taeyu\.gradle\caches\modules-2\files-2.1\org.jetbrains\annotations\13.0\919f0dfe192fb4e063e7dacadee7f8bb9a2672a9\annotations-13.0.jar;C:\Users\taeyu\.gradle\caches\modules-2\files-2.1\org.hdrhistogram\HdrHistogram\2.2.2\7959933ebcc0f05b2eaa5af0a0c8689fa257b15c\HdrHistogram-2.2.2.jar;C:\Users\taeyu\.gradle\caches\modules-2\files-2.1\org.latencyutils\LatencyUtils\2.0.3\769c0b82cb2421c8256300e907298a9410a2a3d3\LatencyUtils-2.0.3.jar;C:\Users\taeyu\.gradle\caches\modules-2\files-2.1\com.github.stephenc.jcip\jcip-annotations\1.0-1\ef31541dd28ae2cefdd17c7ebf352d93e9058c63\jcip-annotations-1.0-1.jar;C:\Users\taeyu\.gradle\caches\modules-2\files-2.1\com.nimbusds\content-type\2.2\9a894bce7646dd4086652d85b88013229f23724b\content-type-2.2.jar;C:\Users\taeyu\.gradle\caches\modules-2\files-2.1\net.minidev\json-smart\2.5.2\95d166b18f95907be0f46cdb9e1c0695eed03387\json-smart-2.5.2.jar;C:\Users\taeyu\.gradle\caches\modules-2\files-2.1\com.nimbusds\lang-tag\1.7\97c73ecd70bc7e8eefb26c5eea84f251a63f1031\lang-tag-1.7.jar;C:\Users\taeyu\.gradle\caches\modules-2\files-2.1\commons-logging\commons-logging\1.2\4bfc12adfe4842bf07b657f0369c4cb522955686\commons-logging-1.2.jar;C:\Users\taeyu\.gradle\caches\modules-2\files-2.1\ch.qos.logback\logback-core\1.5.18\6c0375624f6f36b4e089e2488ba21334a11ef13f\logback-core-1.5.18.jar;C:\Users\taeyu\.gradle\caches\modules-2\files-2.1\org.apache.logging.log4j\log4j-api\2.24.3\b02c125db8b6d295adf72ae6e71af5d83bce2370\log4j-api-2.24.3.jar;C:\Users\taeyu\.gradle\caches\modules-2\files-2.1\org.glassfish.jaxb\txw2\4.0.5\f36a4ef12120a9bb06d766d6a0e54b144fd7ed98\txw2-4.0.5.jar;C:\Users\taeyu\.gradle\caches\modules-2\files-2.1\com.sun.istack\istack-commons-runtime\4.1.2\18ec117c85f3ba0ac65409136afa8e42bc74e739\istack-commons-runtime-4.1.2.jar;C:\Users\taeyu\.gradle\caches\modules-2\files-2.1\net.minidev\accessors-smart\2.5.2\ce16fd235cfee48e67eda33e684423bba09f7d07\accessors-smart-2.5.2.jar;C:\Users\taeyu\.gradle\caches\modules-2\files-2.1\org.apache.commons\commons-lang3\3.17.0\b17d2136f0460dcc0d2016ceefca8723bdf4ee70\commons-lang3-3.17.0.jar;C:\Users\taeyu\.gradle\caches\modules-2\files-2.1\io.swagger.core.v3\swagger-annotations-jakarta\2.2.28\4b303c4bf8940b417e50e3600eb63aa6f6531f0\swagger-annotations-jakarta-2.2.28.jar;C:\Users\taeyu\.gradle\caches\modules-2\files-2.1\org.ow2.asm\asm\9.7.1\f0ed132a49244b042cd0e15702ab9f2ce3cc8436\asm-9.7.1.jar
Launcher Type: SUN_STANDARD

[Global flags]
     intx CICompilerCount                          = 4                                         {product} {ergonomic}
     uint ConcGCThreads                            = 2                                         {product} {ergonomic}
     uint G1ConcRefinementThreads                  = 8                                         {product} {ergonomic}
   size_t G1HeapRegionSize                         = 1048576                                   {product} {ergonomic}
    uintx GCDrainStackTargetSize                   = 64                                        {product} {ergonomic}
   size_t InitialHeapSize                          = 130023424                                 {product} {ergonomic}
   size_t MarkStackSize                            = 4194304                                   {product} {ergonomic}
   size_t MaxHeapSize                              = 2076180480                                {product} {ergonomic}
   size_t MaxNewSize                               = 1245708288                                {product} {ergonomic}
   size_t MinHeapDeltaBytes                        = 1048576                                   {product} {ergonomic}
   size_t MinHeapSize                              = 8388608                                   {product} {ergonomic}
    uintx NonNMethodCodeHeapSize                   = 5839372                                {pd product} {ergonomic}
    uintx NonProfiledCodeHeapSize                  = 122909434                              {pd product} {ergonomic}
    uintx ProfiledCodeHeapSize                     = 122909434                              {pd product} {ergonomic}
    uintx ReservedCodeCacheSize                    = 251658240                              {pd product} {ergonomic}
     bool SegmentedCodeCache                       = true                                      {product} {ergonomic}
   size_t SoftMaxHeapSize                          = 2076180480                             {manageable} {ergonomic}
     bool UseCompressedOops                        = true                           {product lp64_product} {ergonomic}
     bool UseG1GC                                  = true                                      {product} {ergonomic}
     bool UseLargePagesIndividualAllocation        = false                                  {pd product} {ergonomic}

Logging:
Log output configuration:
 #0: stdout all=warning uptime,level,tags foldmultilines=false
 #1: stderr all=off uptime,level,tags foldmultilines=false

Environment Variables:
JAVA_HOME=C:\Program Files\Eclipse Adoptium\jdk-21.0.5.11-hotspot
CLASSPATH=C:\Program Files\Eclipse Adoptium\jdk-21.0.5.11-hotspot\lib
PATH=C:\Program Files\MySQL\MySQL Server 8.0\bin;C:\Program Files\Eclipse Adoptium\jdk-21.0.5.11-hotspot\bin;C:\Program Files\Eclipse Adoptium\jdk-21.0.5.11-hotspot\bin;C:\Program Files\Amazon Corretto\jdk11.0.22_7\bin;C:\Program Files\Eclipse Adoptium\jdk-21.0.5.11-hotspot\bin;C:\Program Files\Common Files\Oracle\Java\javapath;C:\Program Files (x86)\Common Files\Oracle\Java\javapath;C:\Program Files (x86)\VMware\VMware Player\bin\;C:\WINDOWS\system32;C:\WINDOWS;C:\WINDOWS\System32\Wbem;C:\WINDOWS\System32\WindowsPowerShell\v1.0\;C:\WINDOWS\System32\OpenSSH\;C:\Program Files\Bandizip\;C:\Program Files\Graphviz\bin;C:\Users\taeyu\OneDrive\ \Graphviz\bin;C:\Program Files\Git\cmd;C:\Users\taeyu\AppData\Local\nvm;C:\nvm4w\nodejs;C:\Program Files\Docker\Docker\resources\bin;C:\Program Files\Amazon\AWSCLIV2\;C:\lib\terraform;C:\Users\taeyu\AppData\Local\Programs\Python\Python312-32\Scripts\;C:\Users\taeyu\AppData\Local\Programs\Python\Python312-32\;C:\Users\taeyu\AppData\Local\Programs\Python\Launcher\;c:\Program Files\MySQL\MySQL Server 8.0\bin;C:\Users\taeyu\AppData\Local\Programs\Microsoft VS Code\bin;C:\Users\taeyu\AppData\Local\nvm;C:\nvm4w\nodejs;C:\Users\taeyu\AppData\Local\Programs\cursor\resources\app\bin
USERNAME=taeyu
OS=Windows_NT
PROCESSOR_IDENTIFIER=Intel64 Family 6 Model 140 Stepping 1, GenuineIntel
TMP=C:\Users\taeyu\AppData\Local\Temp
TEMP=C:\Users\taeyu\AppData\Local\Temp




Periodic native trim disabled

---------------  S Y S T E M  ---------------

OS:
 Windows 11 , 64 bit Build 22621 (10.0.22621.5262)
OS uptime: 1 days 6:33 hours
Hyper-V role detected

CPU: total 8 (initial active 8) (4 cores per cpu, 2 threads per core) family 6 model 140 stepping 1 microcode 0x8a, cx8, cmov, fxsr, ht, mmx, 3dnowpref, sse, sse2, sse3, ssse3, sse4.1, sse4.2, popcnt, lzcnt, tsc, tscinvbit, avx, avx2, aes, erms, clmul, bmi1, bmi2, adx, avx512f, avx512dq, avx512cd, avx512bw, avx512vl, sha, fma, vzeroupper, avx512_vpopcntdq, avx512_vpclmulqdq, avx512_vaes, avx512_vnni, clflush, clflushopt, clwb, avx512_vbmi2, avx512_vbmi, hv, rdtscp, rdpid, fsrm, gfni, avx512_bitalg, f16c, cet_ibt, cet_ss, avx512_ifma
Processor Information for all 8 processors :
  Max Mhz: 2419, Current Mhz: 2419, Mhz Limit: 2419

Memory: 4k page, system-wide physical 7915M (469M free)
TotalPageFile size 23657M (AvailPageFile size 76M)
current process WorkingSet (physical memory assigned to process): 388M, peak: 389M
current process commit charge ("private bytes"): 425M, peak: 559M

vm_info: OpenJDK 64-Bit Server VM (21.0.5+11-LTS) for windows-amd64 JRE (21.0.5+11-LTS), built on 2024-10-15T00:00:00Z by "admin" with MS VC++ 17.7 (VS2022)

END.
